<?xml version="1.0" encoding="utf-8"?>
<test-run id="0" testcasecount="253" result="Passed" total="253" passed="252" failed="0" inconclusive="0" skipped="1" asserts="503" portable-engine-version="3.3.0.0" start-time="2016-09-13 08:02:53Z" end-time="2016-09-13 08:02:54Z" duration="1.415806">
  <test-suite type="Assembly" id="1298" name="SmartFormat.Tests, Version=1.0.0.0, Culture=neutral, PublicKeyToken=null" fullname="SmartFormat.Tests, Version=1.0.0.0, Culture=neutral, PublicKeyToken=null" runstate="Runnable" testcasecount="253" result="Passed" start-time="2016-09-13 08:02:53Z" end-time="2016-09-13 08:02:54Z" duration="1.146481" total="253" passed="252" failed="0" inconclusive="0" skipped="1" asserts="503">
    <settings>
      <setting name="WorkDirectory" value="C:\Work\Libraries\SmartFormat.NET\src\SmartFormat.Tests" />
    </settings>
    <test-suite type="TestSuite" id="1299" name="SmartFormat" fullname="SmartFormat" runstate="Runnable" testcasecount="253" result="Passed" start-time="2016-09-13 08:02:53Z" end-time="2016-09-13 08:02:54Z" duration="1.134318" total="253" passed="252" failed="0" inconclusive="0" skipped="1" asserts="503">
      <test-suite type="TestSuite" id="1300" name="Tests" fullname="SmartFormat.Tests" runstate="Runnable" testcasecount="253" result="Passed" start-time="2016-09-13 08:02:53Z" end-time="2016-09-13 08:02:54Z" duration="1.133662" total="253" passed="252" failed="0" inconclusive="0" skipped="1" asserts="503">
        <test-suite type="TestSuite" id="1304" name="Core" fullname="SmartFormat.Tests.Core" runstate="Runnable" testcasecount="93" result="Passed" start-time="2016-09-13 08:02:53Z" end-time="2016-09-13 08:02:54Z" duration="0.370660" total="93" passed="93" failed="0" inconclusive="0" skipped="0" asserts="199">
          <test-suite type="TestFixture" id="1191" name="FormatterTests" fullname="SmartFormat.Tests.Core.FormatterTests" classname="SmartFormat.Tests.Core.FormatterTests" runstate="Runnable" testcasecount="6" result="Passed" start-time="2016-09-13 08:02:53Z" end-time="2016-09-13 08:02:53Z" duration="0.149558" total="6" passed="6" failed="0" inconclusive="0" skipped="0" asserts="5">
            <test-case id="1197" name="Formatter_AlignNull" fullname="SmartFormat.Tests.Core.FormatterTests.Formatter_AlignNull" methodname="Formatter_AlignNull" classname="SmartFormat.Tests.Core.FormatterTests" runstate="Runnable" seed="1962981014" result="Passed" start-time="2016-09-13 08:02:53Z" end-time="2016-09-13 08:02:53Z" duration="0.078015" asserts="1" />
            <test-case id="1194" name="Formatter_Ignores_Exceptions" fullname="SmartFormat.Tests.Core.FormatterTests.Formatter_Ignores_Exceptions" methodname="Formatter_Ignores_Exceptions" classname="SmartFormat.Tests.Core.FormatterTests" runstate="Runnable" seed="1776627203" result="Passed" start-time="2016-09-13 08:02:53Z" end-time="2016-09-13 08:02:53Z" duration="0.004433" asserts="1" />
            <test-case id="1196" name="Formatter_Maintains_Object_Tokens" fullname="SmartFormat.Tests.Core.FormatterTests.Formatter_Maintains_Object_Tokens" methodname="Formatter_Maintains_Object_Tokens" classname="SmartFormat.Tests.Core.FormatterTests" runstate="Runnable" seed="1904988241" result="Passed" start-time="2016-09-13 08:02:53Z" end-time="2016-09-13 08:02:53Z" duration="0.001212" asserts="1" />
            <test-case id="1195" name="Formatter_Maintains_Tokens" fullname="SmartFormat.Tests.Core.FormatterTests.Formatter_Maintains_Tokens" methodname="Formatter_Maintains_Tokens" classname="SmartFormat.Tests.Core.FormatterTests" runstate="Runnable" seed="1816998685" result="Passed" start-time="2016-09-13 08:02:53Z" end-time="2016-09-13 08:02:53Z" duration="0.000486" asserts="1" />
            <test-case id="1193" name="Formatter_Outputs_Exceptions" fullname="SmartFormat.Tests.Core.FormatterTests.Formatter_Outputs_Exceptions" methodname="Formatter_Outputs_Exceptions" classname="SmartFormat.Tests.Core.FormatterTests" runstate="Runnable" seed="777395081" result="Passed" start-time="2016-09-13 08:02:53Z" end-time="2016-09-13 08:02:53Z" duration="0.000964" asserts="1" />
            <test-case id="1192" name="Formatter_Throws_Exceptions" fullname="SmartFormat.Tests.Core.FormatterTests.Formatter_Throws_Exceptions" methodname="Formatter_Throws_Exceptions" classname="SmartFormat.Tests.Core.FormatterTests" runstate="Runnable" seed="1701636321" result="Passed" start-time="2016-09-13 08:02:53Z" end-time="2016-09-13 08:02:53Z" duration="0.001630" asserts="0" />
          </test-suite>
          <test-suite type="TestFixture" id="1198" name="NamedFormatterTests_Custom" fullname="SmartFormat.Tests.Core.NamedFormatterTests_Custom" classname="SmartFormat.Tests.Core.NamedFormatterTests_Custom" runstate="Runnable" testcasecount="40" result="Passed" start-time="2016-09-13 08:02:53Z" end-time="2016-09-13 08:02:53Z" duration="0.099628" total="40" passed="40" failed="0" inconclusive="0" skipped="0" asserts="40">
            <test-suite type="ParameterizedMethod" id="1243" name="Implicit_formatters_require_an_empty_string" fullname="SmartFormat.Tests.Core.NamedFormatterTests_Custom.Implicit_formatters_require_an_empty_string" classname="SmartFormat.Tests.Core.NamedFormatterTests_Custom" runstate="Runnable" testcasecount="3" result="Passed" start-time="2016-09-13 08:02:53Z" end-time="2016-09-13 08:02:53Z" duration="0.007884" total="3" passed="3" failed="0" inconclusive="0" skipped="0" asserts="3">
              <test-case id="1240" name="Implicit_formatters_require_an_empty_string(&quot;{0:test2:}&quot;,5,&quot;TestExtension1 Options: , Format: &quot;)" fullname="SmartFormat.Tests.Core.NamedFormatterTests_Custom.Implicit_formatters_require_an_empty_string(&quot;{0:test2:}&quot;,5,&quot;TestExtension1 Options: , Format: &quot;)" methodname="Implicit_formatters_require_an_empty_string" classname="SmartFormat.Tests.Core.NamedFormatterTests_Custom" runstate="Runnable" seed="1448346045" result="Passed" start-time="2016-09-13 08:02:53Z" end-time="2016-09-13 08:02:53Z" duration="0.002104" asserts="1" />
              <test-case id="1241" name="Implicit_formatters_require_an_empty_string(&quot;{0}&quot;,5,&quot;TestExtension2 Options: , Format: &quot;)" fullname="SmartFormat.Tests.Core.NamedFormatterTests_Custom.Implicit_formatters_require_an_empty_string(&quot;{0}&quot;,5,&quot;TestExtension2 Options: , Format: &quot;)" methodname="Implicit_formatters_require_an_empty_string" classname="SmartFormat.Tests.Core.NamedFormatterTests_Custom" runstate="Runnable" seed="353452257" result="Passed" start-time="2016-09-13 08:02:53Z" end-time="2016-09-13 08:02:53Z" duration="0.001596" asserts="1" />
              <test-case id="1242" name="Implicit_formatters_require_an_empty_string(&quot;{0:N2}&quot;,5,&quot;TestExtension2 Options: , Format: N2&quot;)" fullname="SmartFormat.Tests.Core.NamedFormatterTests_Custom.Implicit_formatters_require_an_empty_string(&quot;{0:N2}&quot;,5,&quot;TestExtension2 Options: , Format: N2&quot;)" methodname="Implicit_formatters_require_an_empty_string" classname="SmartFormat.Tests.Core.NamedFormatterTests_Custom" runstate="Runnable" seed="1159035287" result="Passed" start-time="2016-09-13 08:02:53Z" end-time="2016-09-13 08:02:53Z" duration="0.000173" asserts="1" />
            </test-suite>
            <test-suite type="ParameterizedMethod" id="1215" name="Invoke_extensions_by_name_or_shortname" fullname="SmartFormat.Tests.Core.NamedFormatterTests_Custom.Invoke_extensions_by_name_or_shortname" classname="SmartFormat.Tests.Core.NamedFormatterTests_Custom" runstate="Runnable" testcasecount="16" result="Passed" start-time="2016-09-13 08:02:53Z" end-time="2016-09-13 08:02:53Z" duration="0.043365" total="16" passed="16" failed="0" inconclusive="0" skipped="0" asserts="16">
              <test-case id="1199" name="Invoke_extensions_by_name_or_shortname(&quot;{0:conditional:zero|one|two}&quot;,0,&quot;zero&quot;)" fullname="SmartFormat.Tests.Core.NamedFormatterTests_Custom.Invoke_extensions_by_name_or_shortname(&quot;{0:conditional:zero|one|two}&quot;,0,&quot;zero&quot;)" methodname="Invoke_extensions_by_name_or_shortname" classname="SmartFormat.Tests.Core.NamedFormatterTests_Custom" runstate="Runnable" seed="799185518" result="Passed" start-time="2016-09-13 08:02:53Z" end-time="2016-09-13 08:02:53Z" duration="0.004497" asserts="1" />
              <test-case id="1200" name="Invoke_extensions_by_name_or_shortname(&quot;{0:conditional:zero|one|two}&quot;,1,&quot;one&quot;)" fullname="SmartFormat.Tests.Core.NamedFormatterTests_Custom.Invoke_extensions_by_name_or_shortname(&quot;{0:conditional:zero|one|two}&quot;,1,&quot;one&quot;)" methodname="Invoke_extensions_by_name_or_shortname" classname="SmartFormat.Tests.Core.NamedFormatterTests_Custom" runstate="Runnable" seed="1036051015" result="Passed" start-time="2016-09-13 08:02:53Z" end-time="2016-09-13 08:02:53Z" duration="0.000666" asserts="1" />
              <test-case id="1201" name="Invoke_extensions_by_name_or_shortname(&quot;{0:conditional:zero|one|two}&quot;,2,&quot;two&quot;)" fullname="SmartFormat.Tests.Core.NamedFormatterTests_Custom.Invoke_extensions_by_name_or_shortname(&quot;{0:conditional:zero|one|two}&quot;,2,&quot;two&quot;)" methodname="Invoke_extensions_by_name_or_shortname" classname="SmartFormat.Tests.Core.NamedFormatterTests_Custom" runstate="Runnable" seed="1625822916" result="Passed" start-time="2016-09-13 08:02:53Z" end-time="2016-09-13 08:02:53Z" duration="0.000376" asserts="1" />
              <test-case id="1202" name="Invoke_extensions_by_name_or_shortname(&quot;{0:cond:zero|one|two}&quot;,0,&quot;zero&quot;)" fullname="SmartFormat.Tests.Core.NamedFormatterTests_Custom.Invoke_extensions_by_name_or_shortname(&quot;{0:cond:zero|one|two}&quot;,0,&quot;zero&quot;)" methodname="Invoke_extensions_by_name_or_shortname" classname="SmartFormat.Tests.Core.NamedFormatterTests_Custom" runstate="Runnable" seed="1412030681" result="Passed" start-time="2016-09-13 08:02:53Z" end-time="2016-09-13 08:02:53Z" duration="0.000321" asserts="1" />
              <test-case id="1203" name="Invoke_extensions_by_name_or_shortname(&quot;{0:cond:zero|one|two}&quot;,1,&quot;one&quot;)" fullname="SmartFormat.Tests.Core.NamedFormatterTests_Custom.Invoke_extensions_by_name_or_shortname(&quot;{0:cond:zero|one|two}&quot;,1,&quot;one&quot;)" methodname="Invoke_extensions_by_name_or_shortname" classname="SmartFormat.Tests.Core.NamedFormatterTests_Custom" runstate="Runnable" seed="89287999" result="Passed" start-time="2016-09-13 08:02:53Z" end-time="2016-09-13 08:02:53Z" duration="0.000343" asserts="1" />
              <test-case id="1204" name="Invoke_extensions_by_name_or_shortname(&quot;{0:cond:zero|one|two}&quot;,2,&quot;two&quot;)" fullname="SmartFormat.Tests.Core.NamedFormatterTests_Custom.Invoke_extensions_by_name_or_shortname(&quot;{0:cond:zero|one|two}&quot;,2,&quot;two&quot;)" methodname="Invoke_extensions_by_name_or_shortname" classname="SmartFormat.Tests.Core.NamedFormatterTests_Custom" runstate="Runnable" seed="1510957510" result="Passed" start-time="2016-09-13 08:02:53Z" end-time="2016-09-13 08:02:53Z" duration="0.000448" asserts="1" />
              <test-case id="1205" name="Invoke_extensions_by_name_or_shortname(&quot;{0:plural:one|many}&quot;,1,&quot;one&quot;)" fullname="SmartFormat.Tests.Core.NamedFormatterTests_Custom.Invoke_extensions_by_name_or_shortname(&quot;{0:plural:one|many}&quot;,1,&quot;one&quot;)" methodname="Invoke_extensions_by_name_or_shortname" classname="SmartFormat.Tests.Core.NamedFormatterTests_Custom" runstate="Runnable" seed="920830446" result="Passed" start-time="2016-09-13 08:02:53Z" end-time="2016-09-13 08:02:53Z" duration="0.001588" asserts="1" />
              <test-case id="1206" name="Invoke_extensions_by_name_or_shortname(&quot;{0:plural:one|many}&quot;,2,&quot;many&quot;)" fullname="SmartFormat.Tests.Core.NamedFormatterTests_Custom.Invoke_extensions_by_name_or_shortname(&quot;{0:plural:one|many}&quot;,2,&quot;many&quot;)" methodname="Invoke_extensions_by_name_or_shortname" classname="SmartFormat.Tests.Core.NamedFormatterTests_Custom" runstate="Runnable" seed="920249539" result="Passed" start-time="2016-09-13 08:02:53Z" end-time="2016-09-13 08:02:53Z" duration="0.000176" asserts="1" />
              <test-case id="1207" name="Invoke_extensions_by_name_or_shortname(&quot;{0:p:one|many}&quot;,1,&quot;one&quot;)" fullname="SmartFormat.Tests.Core.NamedFormatterTests_Custom.Invoke_extensions_by_name_or_shortname(&quot;{0:p:one|many}&quot;,1,&quot;one&quot;)" methodname="Invoke_extensions_by_name_or_shortname" classname="SmartFormat.Tests.Core.NamedFormatterTests_Custom" runstate="Runnable" seed="1391821577" result="Passed" start-time="2016-09-13 08:02:53Z" end-time="2016-09-13 08:02:53Z" duration="0.000283" asserts="1" />
              <test-case id="1208" name="Invoke_extensions_by_name_or_shortname(&quot;{0:p:one|many}&quot;,2,&quot;many&quot;)" fullname="SmartFormat.Tests.Core.NamedFormatterTests_Custom.Invoke_extensions_by_name_or_shortname(&quot;{0:p:one|many}&quot;,2,&quot;many&quot;)" methodname="Invoke_extensions_by_name_or_shortname" classname="SmartFormat.Tests.Core.NamedFormatterTests_Custom" runstate="Runnable" seed="432002386" result="Passed" start-time="2016-09-13 08:02:53Z" end-time="2016-09-13 08:02:53Z" duration="0.000266" asserts="1" />
              <test-case id="1209" name="Invoke_extensions_by_name_or_shortname(&quot;{0:list:+{}|, |, and }&quot;,System.Int32[],&quot;+1, +2, and +3&quot;)" fullname="SmartFormat.Tests.Core.NamedFormatterTests_Custom.Invoke_extensions_by_name_or_shortname(&quot;{0:list:+{}|, |, and }&quot;,System.Int32[],&quot;+1, +2, and +3&quot;)" methodname="Invoke_extensions_by_name_or_shortname" classname="SmartFormat.Tests.Core.NamedFormatterTests_Custom" runstate="Runnable" seed="1237807399" result="Passed" start-time="2016-09-13 08:02:53Z" end-time="2016-09-13 08:02:53Z" duration="0.007587" asserts="1" />
              <test-case id="1210" name="Invoke_extensions_by_name_or_shortname(&quot;{0:l:+{}|, |, and }&quot;,System.Int32[],&quot;+1, +2, and +3&quot;)" fullname="SmartFormat.Tests.Core.NamedFormatterTests_Custom.Invoke_extensions_by_name_or_shortname(&quot;{0:l:+{}|, |, and }&quot;,System.Int32[],&quot;+1, +2, and +3&quot;)" methodname="Invoke_extensions_by_name_or_shortname" classname="SmartFormat.Tests.Core.NamedFormatterTests_Custom" runstate="Runnable" seed="1920082214" result="Passed" start-time="2016-09-13 08:02:53Z" end-time="2016-09-13 08:02:53Z" duration="0.000345" asserts="1" />
              <test-case id="1211" name="Invoke_extensions_by_name_or_shortname(&quot;{0:default()}&quot;,5,&quot;5&quot;)" fullname="SmartFormat.Tests.Core.NamedFormatterTests_Custom.Invoke_extensions_by_name_or_shortname(&quot;{0:default()}&quot;,5,&quot;5&quot;)" methodname="Invoke_extensions_by_name_or_shortname" classname="SmartFormat.Tests.Core.NamedFormatterTests_Custom" runstate="Runnable" seed="1299048800" result="Passed" start-time="2016-09-13 08:02:53Z" end-time="2016-09-13 08:02:53Z" duration="0.000334" asserts="1" />
              <test-case id="1212" name="Invoke_extensions_by_name_or_shortname(&quot;{0:default:N2}&quot;,5,&quot;5.00&quot;)" fullname="SmartFormat.Tests.Core.NamedFormatterTests_Custom.Invoke_extensions_by_name_or_shortname(&quot;{0:default:N2}&quot;,5,&quot;5.00&quot;)" methodname="Invoke_extensions_by_name_or_shortname" classname="SmartFormat.Tests.Core.NamedFormatterTests_Custom" runstate="Runnable" seed="1531192349" result="Passed" start-time="2016-09-13 08:02:53Z" end-time="2016-09-13 08:02:53Z" duration="0.000278" asserts="1" />
              <test-case id="1213" name="Invoke_extensions_by_name_or_shortname(&quot;{0:d()}&quot;,5,&quot;5&quot;)" fullname="SmartFormat.Tests.Core.NamedFormatterTests_Custom.Invoke_extensions_by_name_or_shortname(&quot;{0:d()}&quot;,5,&quot;5&quot;)" methodname="Invoke_extensions_by_name_or_shortname" classname="SmartFormat.Tests.Core.NamedFormatterTests_Custom" runstate="Runnable" seed="264949958" result="Passed" start-time="2016-09-13 08:02:53Z" end-time="2016-09-13 08:02:53Z" duration="0.000401" asserts="1" />
              <test-case id="1214" name="Invoke_extensions_by_name_or_shortname(&quot;{0:d:N2}&quot;,5,&quot;5.00&quot;)" fullname="SmartFormat.Tests.Core.NamedFormatterTests_Custom.Invoke_extensions_by_name_or_shortname(&quot;{0:d:N2}&quot;,5,&quot;5.00&quot;)" methodname="Invoke_extensions_by_name_or_shortname" classname="SmartFormat.Tests.Core.NamedFormatterTests_Custom" runstate="Runnable" seed="732981332" result="Passed" start-time="2016-09-13 08:02:53Z" end-time="2016-09-13 08:02:53Z" duration="0.000203" asserts="1" />
            </test-suite>
            <test-suite type="ParameterizedMethod" id="1235" name="NamedFormatter_invokes_a_specific_formatter" fullname="SmartFormat.Tests.Core.NamedFormatterTests_Custom.NamedFormatter_invokes_a_specific_formatter" classname="SmartFormat.Tests.Core.NamedFormatterTests_Custom" runstate="Runnable" testcasecount="16" result="Passed" start-time="2016-09-13 08:02:53Z" end-time="2016-09-13 08:02:53Z" duration="0.029824" total="16" passed="16" failed="0" inconclusive="0" skipped="0" asserts="16">
              <test-case id="1219" name="NamedFormatter_invokes_a_specific_formatter(&quot;{0:test1:}&quot;,5,&quot;TestExtension1 Options: , Format: &quot;)" fullname="SmartFormat.Tests.Core.NamedFormatterTests_Custom.NamedFormatter_invokes_a_specific_formatter(&quot;{0:test1:}&quot;,5,&quot;TestExtension1 Options: , Format: &quot;)" methodname="NamedFormatter_invokes_a_specific_formatter" classname="SmartFormat.Tests.Core.NamedFormatterTests_Custom" runstate="Runnable" seed="1719776631" result="Passed" start-time="2016-09-13 08:02:53Z" end-time="2016-09-13 08:02:53Z" duration="0.000477" asserts="1" />
              <test-case id="1220" name="NamedFormatter_invokes_a_specific_formatter(&quot;{0:test1():}&quot;,5,&quot;TestExtension1 Options: , Format: &quot;)" fullname="SmartFormat.Tests.Core.NamedFormatterTests_Custom.NamedFormatter_invokes_a_specific_formatter(&quot;{0:test1():}&quot;,5,&quot;TestExtension1 Options: , Format: &quot;)" methodname="NamedFormatter_invokes_a_specific_formatter" classname="SmartFormat.Tests.Core.NamedFormatterTests_Custom" runstate="Runnable" seed="454262467" result="Passed" start-time="2016-09-13 08:02:53Z" end-time="2016-09-13 08:02:53Z" duration="0.000201" asserts="1" />
              <test-case id="1221" name="NamedFormatter_invokes_a_specific_formatter(&quot;{0:test1:N2}&quot;,5,&quot;TestExtension1 Options: , Format: N2&quot;)" fullname="SmartFormat.Tests.Core.NamedFormatterTests_Custom.NamedFormatter_invokes_a_specific_formatter(&quot;{0:test1:N2}&quot;,5,&quot;TestExtension1 Options: , Format: N2&quot;)" methodname="NamedFormatter_invokes_a_specific_formatter" classname="SmartFormat.Tests.Core.NamedFormatterTests_Custom" runstate="Runnable" seed="1059035825" result="Passed" start-time="2016-09-13 08:02:53Z" end-time="2016-09-13 08:02:53Z" duration="0.000129" asserts="1" />
              <test-case id="1222" name="NamedFormatter_invokes_a_specific_formatter(&quot;{0:test1():N2}&quot;,5,&quot;TestExtension1 Options: , Format: N2&quot;)" fullname="SmartFormat.Tests.Core.NamedFormatterTests_Custom.NamedFormatter_invokes_a_specific_formatter(&quot;{0:test1():N2}&quot;,5,&quot;TestExtension1 Options: , Format: N2&quot;)" methodname="NamedFormatter_invokes_a_specific_formatter" classname="SmartFormat.Tests.Core.NamedFormatterTests_Custom" runstate="Runnable" seed="132057968" result="Passed" start-time="2016-09-13 08:02:53Z" end-time="2016-09-13 08:02:53Z" duration="0.000125" asserts="1" />
              <test-case id="1223" name="NamedFormatter_invokes_a_specific_formatter(&quot;{0:test1(a,b,c):}&quot;,5,&quot;TestExtension1 Options: a,b,c, Format: &quot;)" fullname="SmartFormat.Tests.Core.NamedFormatterTests_Custom.NamedFormatter_invokes_a_specific_formatter(&quot;{0:test1(a,b,c):}&quot;,5,&quot;TestExtension1 Options: a,b,c, Format: &quot;)" methodname="NamedFormatter_invokes_a_specific_formatter" classname="SmartFormat.Tests.Core.NamedFormatterTests_Custom" runstate="Runnable" seed="382713108" result="Passed" start-time="2016-09-13 08:02:53Z" end-time="2016-09-13 08:02:53Z" duration="0.000223" asserts="1" />
              <test-case id="1224" name="NamedFormatter_invokes_a_specific_formatter(&quot;{0:test1(a,b,c):N2}&quot;,5,&quot;TestExtension1 Options: a,b,c, Format: N2&quot;)" fullname="SmartFormat.Tests.Core.NamedFormatterTests_Custom.NamedFormatter_invokes_a_specific_formatter(&quot;{0:test1(a,b,c):N2}&quot;,5,&quot;TestExtension1 Options: a,b,c, Format: N2&quot;)" methodname="NamedFormatter_invokes_a_specific_formatter" classname="SmartFormat.Tests.Core.NamedFormatterTests_Custom" runstate="Runnable" seed="546307579" result="Passed" start-time="2016-09-13 08:02:53Z" end-time="2016-09-13 08:02:53Z" duration="0.000215" asserts="1" />
              <test-case id="1225" name="NamedFormatter_invokes_a_specific_formatter(&quot;{0:test2:}&quot;,5,&quot;TestExtension2 Options: , Format: &quot;)" fullname="SmartFormat.Tests.Core.NamedFormatterTests_Custom.NamedFormatter_invokes_a_specific_formatter(&quot;{0:test2:}&quot;,5,&quot;TestExtension2 Options: , Format: &quot;)" methodname="NamedFormatter_invokes_a_specific_formatter" classname="SmartFormat.Tests.Core.NamedFormatterTests_Custom" runstate="Runnable" seed="492203129" result="Passed" start-time="2016-09-13 08:02:53Z" end-time="2016-09-13 08:02:53Z" duration="0.001035" asserts="1" />
              <test-case id="1226" name="NamedFormatter_invokes_a_specific_formatter(&quot;{0:test2():}&quot;,5,&quot;TestExtension2 Options: , Format: &quot;)" fullname="SmartFormat.Tests.Core.NamedFormatterTests_Custom.NamedFormatter_invokes_a_specific_formatter(&quot;{0:test2():}&quot;,5,&quot;TestExtension2 Options: , Format: &quot;)" methodname="NamedFormatter_invokes_a_specific_formatter" classname="SmartFormat.Tests.Core.NamedFormatterTests_Custom" runstate="Runnable" seed="1572254178" result="Passed" start-time="2016-09-13 08:02:53Z" end-time="2016-09-13 08:02:53Z" duration="0.000251" asserts="1" />
              <test-case id="1227" name="NamedFormatter_invokes_a_specific_formatter(&quot;{0:test2:N2}&quot;,5,&quot;TestExtension2 Options: , Format: N2&quot;)" fullname="SmartFormat.Tests.Core.NamedFormatterTests_Custom.NamedFormatter_invokes_a_specific_formatter(&quot;{0:test2:N2}&quot;,5,&quot;TestExtension2 Options: , Format: N2&quot;)" methodname="NamedFormatter_invokes_a_specific_formatter" classname="SmartFormat.Tests.Core.NamedFormatterTests_Custom" runstate="Runnable" seed="873031798" result="Passed" start-time="2016-09-13 08:02:53Z" end-time="2016-09-13 08:02:53Z" duration="0.000238" asserts="1" />
              <test-case id="1228" name="NamedFormatter_invokes_a_specific_formatter(&quot;{0:test2():N2}&quot;,5,&quot;TestExtension2 Options: , Format: N2&quot;)" fullname="SmartFormat.Tests.Core.NamedFormatterTests_Custom.NamedFormatter_invokes_a_specific_formatter(&quot;{0:test2():N2}&quot;,5,&quot;TestExtension2 Options: , Format: N2&quot;)" methodname="NamedFormatter_invokes_a_specific_formatter" classname="SmartFormat.Tests.Core.NamedFormatterTests_Custom" runstate="Runnable" seed="1447846267" result="Passed" start-time="2016-09-13 08:02:53Z" end-time="2016-09-13 08:02:53Z" duration="0.000565" asserts="1" />
              <test-case id="1229" name="NamedFormatter_invokes_a_specific_formatter(&quot;{0:test2(a,b,c):}&quot;,5,&quot;TestExtension2 Options: a,b,c, Format: &quot;)" fullname="SmartFormat.Tests.Core.NamedFormatterTests_Custom.NamedFormatter_invokes_a_specific_formatter(&quot;{0:test2(a,b,c):}&quot;,5,&quot;TestExtension2 Options: a,b,c, Format: &quot;)" methodname="NamedFormatter_invokes_a_specific_formatter" classname="SmartFormat.Tests.Core.NamedFormatterTests_Custom" runstate="Runnable" seed="174108029" result="Passed" start-time="2016-09-13 08:02:53Z" end-time="2016-09-13 08:02:53Z" duration="0.000141" asserts="1" />
              <test-case id="1230" name="NamedFormatter_invokes_a_specific_formatter(&quot;{0:test2(a,b,c):N2}&quot;,5,&quot;TestExtension2 Options: a,b,c, Format: N2&quot;)" fullname="SmartFormat.Tests.Core.NamedFormatterTests_Custom.NamedFormatter_invokes_a_specific_formatter(&quot;{0:test2(a,b,c):N2}&quot;,5,&quot;TestExtension2 Options: a,b,c, Format: N2&quot;)" methodname="NamedFormatter_invokes_a_specific_formatter" classname="SmartFormat.Tests.Core.NamedFormatterTests_Custom" runstate="Runnable" seed="538424277" result="Passed" start-time="2016-09-13 08:02:53Z" end-time="2016-09-13 08:02:53Z" duration="0.000130" asserts="1" />
              <test-case id="1231" name="NamedFormatter_invokes_a_specific_formatter(&quot;{0:default:}&quot;,5,&quot;5&quot;)" fullname="SmartFormat.Tests.Core.NamedFormatterTests_Custom.NamedFormatter_invokes_a_specific_formatter(&quot;{0:default:}&quot;,5,&quot;5&quot;)" methodname="NamedFormatter_invokes_a_specific_formatter" classname="SmartFormat.Tests.Core.NamedFormatterTests_Custom" runstate="Runnable" seed="1884706602" result="Passed" start-time="2016-09-13 08:02:53Z" end-time="2016-09-13 08:02:53Z" duration="0.000303" asserts="1" />
              <test-case id="1232" name="NamedFormatter_invokes_a_specific_formatter(&quot;{0:default():}&quot;,5,&quot;5&quot;)" fullname="SmartFormat.Tests.Core.NamedFormatterTests_Custom.NamedFormatter_invokes_a_specific_formatter(&quot;{0:default():}&quot;,5,&quot;5&quot;)" methodname="NamedFormatter_invokes_a_specific_formatter" classname="SmartFormat.Tests.Core.NamedFormatterTests_Custom" runstate="Runnable" seed="2044717756" result="Passed" start-time="2016-09-13 08:02:53Z" end-time="2016-09-13 08:02:53Z" duration="0.000210" asserts="1" />
              <test-case id="1233" name="NamedFormatter_invokes_a_specific_formatter(&quot;{0:default:N2}&quot;,5,&quot;5.00&quot;)" fullname="SmartFormat.Tests.Core.NamedFormatterTests_Custom.NamedFormatter_invokes_a_specific_formatter(&quot;{0:default:N2}&quot;,5,&quot;5.00&quot;)" methodname="NamedFormatter_invokes_a_specific_formatter" classname="SmartFormat.Tests.Core.NamedFormatterTests_Custom" runstate="Runnable" seed="1156840824" result="Passed" start-time="2016-09-13 08:02:53Z" end-time="2016-09-13 08:02:53Z" duration="0.000222" asserts="1" />
              <test-case id="1234" name="NamedFormatter_invokes_a_specific_formatter(&quot;{0:default():N2}&quot;,5,&quot;5.00&quot;)" fullname="SmartFormat.Tests.Core.NamedFormatterTests_Custom.NamedFormatter_invokes_a_specific_formatter(&quot;{0:default():N2}&quot;,5,&quot;5.00&quot;)" methodname="NamedFormatter_invokes_a_specific_formatter" classname="SmartFormat.Tests.Core.NamedFormatterTests_Custom" runstate="Runnable" seed="1728611988" result="Passed" start-time="2016-09-13 08:02:53Z" end-time="2016-09-13 08:02:53Z" duration="0.000282" asserts="1" />
            </test-suite>
            <test-suite type="ParameterizedMethod" id="1239" name="Unhandled_formats_throw" fullname="SmartFormat.Tests.Core.NamedFormatterTests_Custom.Unhandled_formats_throw" classname="SmartFormat.Tests.Core.NamedFormatterTests_Custom" runstate="Runnable" testcasecount="3" result="Passed" start-time="2016-09-13 08:02:53Z" end-time="2016-09-13 08:02:53Z" duration="0.012921" total="3" passed="3" failed="0" inconclusive="0" skipped="0" asserts="3">
              <test-case id="1236" name="Unhandled_formats_throw(&quot;{0:invalid:}&quot;)" fullname="SmartFormat.Tests.Core.NamedFormatterTests_Custom.Unhandled_formats_throw(&quot;{0:invalid:}&quot;)" methodname="Unhandled_formats_throw" classname="SmartFormat.Tests.Core.NamedFormatterTests_Custom" runstate="Runnable" seed="331091167" result="Passed" start-time="2016-09-13 08:02:53Z" end-time="2016-09-13 08:02:53Z" duration="0.009713" asserts="1" />
              <test-case id="1237" name="Unhandled_formats_throw(&quot;{0:invalid():}&quot;)" fullname="SmartFormat.Tests.Core.NamedFormatterTests_Custom.Unhandled_formats_throw(&quot;{0:invalid():}&quot;)" methodname="Unhandled_formats_throw" classname="SmartFormat.Tests.Core.NamedFormatterTests_Custom" runstate="Runnable" seed="858635045" result="Passed" start-time="2016-09-13 08:02:53Z" end-time="2016-09-13 08:02:53Z" duration="0.000212" asserts="1" />
              <test-case id="1238" name="Unhandled_formats_throw(&quot;{0:invalid(___):___}&quot;)" fullname="SmartFormat.Tests.Core.NamedFormatterTests_Custom.Unhandled_formats_throw(&quot;{0:invalid(___):___}&quot;)" methodname="Unhandled_formats_throw" classname="SmartFormat.Tests.Core.NamedFormatterTests_Custom" runstate="Runnable" seed="462634943" result="Passed" start-time="2016-09-13 08:02:53Z" end-time="2016-09-13 08:02:53Z" duration="0.000155" asserts="1" />
            </test-suite>
            <test-suite type="ParameterizedMethod" id="1218" name="Without_NamedFormatter_extensions_are_invoked_in_order" fullname="SmartFormat.Tests.Core.NamedFormatterTests_Custom.Without_NamedFormatter_extensions_are_invoked_in_order" classname="SmartFormat.Tests.Core.NamedFormatterTests_Custom" runstate="Runnable" testcasecount="2" result="Passed" start-time="2016-09-13 08:02:53Z" end-time="2016-09-13 08:02:53Z" duration="0.003616" total="2" passed="2" failed="0" inconclusive="0" skipped="0" asserts="2">
              <test-case id="1216" name="Without_NamedFormatter_extensions_are_invoked_in_order(&quot;{0}&quot;,5,&quot;TestExtension1 Options: , Format: &quot;)" fullname="SmartFormat.Tests.Core.NamedFormatterTests_Custom.Without_NamedFormatter_extensions_are_invoked_in_order(&quot;{0}&quot;,5,&quot;TestExtension1 Options: , Format: &quot;)" methodname="Without_NamedFormatter_extensions_are_invoked_in_order" classname="SmartFormat.Tests.Core.NamedFormatterTests_Custom" runstate="Runnable" seed="550591000" result="Passed" start-time="2016-09-13 08:02:53Z" end-time="2016-09-13 08:02:53Z" duration="0.000330" asserts="1" />
              <test-case id="1217" name="Without_NamedFormatter_extensions_are_invoked_in_order(&quot;{0:N2}&quot;,5,&quot;TestExtension1 Options: , Format: N2&quot;)" fullname="SmartFormat.Tests.Core.NamedFormatterTests_Custom.Without_NamedFormatter_extensions_are_invoked_in_order(&quot;{0:N2}&quot;,5,&quot;TestExtension1 Options: , Format: N2&quot;)" methodname="Without_NamedFormatter_extensions_are_invoked_in_order" classname="SmartFormat.Tests.Core.NamedFormatterTests_Custom" runstate="Runnable" seed="1512221933" result="Passed" start-time="2016-09-13 08:02:53Z" end-time="2016-09-13 08:02:53Z" duration="0.000104" asserts="1" />
            </test-suite>
          </test-suite>
          <test-suite type="TestFixture" id="1244" name="NestingTests" fullname="SmartFormat.Tests.Core.NestingTests" classname="SmartFormat.Tests.Core.NestingTests" runstate="Runnable" testcasecount="6" result="Passed" start-time="2016-09-13 08:02:53Z" end-time="2016-09-13 08:02:53Z" duration="0.014182" total="6" passed="6" failed="0" inconclusive="0" skipped="0" asserts="6">
            <test-suite type="ParameterizedMethod" id="1252" name="Nesting_can_access_outer_scopes" fullname="SmartFormat.Tests.Core.NestingTests.Nesting_can_access_outer_scopes" classname="SmartFormat.Tests.Core.NestingTests" runstate="Runnable" testcasecount="4" result="Passed" start-time="2016-09-13 08:02:53Z" end-time="2016-09-13 08:02:53Z" duration="0.009402" total="4" passed="4" failed="0" inconclusive="0" skipped="0" asserts="4">
              <test-case id="1248" name="Nesting_can_access_outer_scopes(&quot;{ChildOne.ChildTwo.ChildThree: {Four} {One} }&quot;,&quot; 4 1 &quot;)" fullname="SmartFormat.Tests.Core.NestingTests.Nesting_can_access_outer_scopes(&quot;{ChildOne.ChildTwo.ChildThree: {Four} {One} }&quot;,&quot; 4 1 &quot;)" methodname="Nesting_can_access_outer_scopes" classname="SmartFormat.Tests.Core.NestingTests" runstate="Runnable" seed="1908256593" result="Passed" start-time="2016-09-13 08:02:53Z" end-time="2016-09-13 08:02:53Z" duration="0.000950" asserts="1" />
              <test-case id="1249" name="Nesting_can_access_outer_scopes(&quot;{ChildOne: {ChildTwo: {ChildThree: {Four} {Three} {Two} {One} } } }&quot;,&quot;   4 3 2 1   &quot;)" fullname="SmartFormat.Tests.Core.NestingTests.Nesting_can_access_outer_scopes(&quot;{ChildOne: {ChildTwo: {ChildThree: {Four} {Three} {Two} {One} } } }&quot;,&quot;   4 3 2 1   &quot;)" methodname="Nesting_can_access_outer_scopes" classname="SmartFormat.Tests.Core.NestingTests" runstate="Runnable" seed="1976188602" result="Passed" start-time="2016-09-13 08:02:53Z" end-time="2016-09-13 08:02:53Z" duration="0.001431" asserts="1" />
              <test-case id="1250" name="Nesting_can_access_outer_scopes(&quot;{ChildOne: {ChildTwo: {ChildThree: {Four} {ChildTwo.Three} {ChildOne.Two} {One} } } }&quot;,&quot;   4 3 2 1   &quot;)" fullname="SmartFormat.Tests.Core.NestingTests.Nesting_can_access_outer_scopes(&quot;{ChildOne: {ChildTwo: {ChildThree: {Four} {ChildTwo.Three} {ChildOne.Two} {One} } } }&quot;,&quot;   4 3 2 1   &quot;)" methodname="Nesting_can_access_outer_scopes" classname="SmartFormat.Tests.Core.NestingTests" runstate="Runnable" seed="1836040524" result="Passed" start-time="2016-09-13 08:02:53Z" end-time="2016-09-13 08:02:53Z" duration="0.000569" asserts="1" />
              <test-case id="1251" name="Nesting_can_access_outer_scopes(&quot;{ChildOne: {ChildTwo: {ChildThree: {ChildOne: {ChildTwo: {ChildThree: {Four} } } } } } }&quot;,&quot;      4      &quot;)" fullname="SmartFormat.Tests.Core.NestingTests.Nesting_can_access_outer_scopes(&quot;{ChildOne: {ChildTwo: {ChildThree: {ChildOne: {ChildTwo: {ChildThree: {Four} } } } } } }&quot;,&quot;      4      &quot;)" methodname="Nesting_can_access_outer_scopes" classname="SmartFormat.Tests.Core.NestingTests" runstate="Runnable" seed="181494936" result="Passed" start-time="2016-09-13 08:02:53Z" end-time="2016-09-13 08:02:53Z" duration="0.000320" asserts="1" />
            </test-suite>
            <test-suite type="ParameterizedMethod" id="1247" name="Nesting_can_access_root_via_number" fullname="SmartFormat.Tests.Core.NestingTests.Nesting_can_access_root_via_number" classname="SmartFormat.Tests.Core.NestingTests" runstate="Runnable" testcasecount="2" result="Passed" start-time="2016-09-13 08:02:53Z" end-time="2016-09-13 08:02:53Z" duration="0.002571" total="2" passed="2" failed="0" inconclusive="0" skipped="0" asserts="2">
              <test-case id="1245" name="Nesting_can_access_root_via_number(&quot;{ChildOne.ChildTwo: {Three} {0.One} }&quot;,&quot; 3 1 &quot;)" fullname="SmartFormat.Tests.Core.NestingTests.Nesting_can_access_root_via_number(&quot;{ChildOne.ChildTwo: {Three} {0.One} }&quot;,&quot; 3 1 &quot;)" methodname="Nesting_can_access_root_via_number" classname="SmartFormat.Tests.Core.NestingTests" runstate="Runnable" seed="519739914" result="Passed" start-time="2016-09-13 08:02:53Z" end-time="2016-09-13 08:02:53Z" duration="0.000423" asserts="1" />
              <test-case id="1246" name="Nesting_can_access_root_via_number(&quot;{ChildOne.ChildTwo.ChildThree: {Four} {0.ChildOne: {Two} {0.One} } }&quot;,&quot; 4  2 1  &quot;)" fullname="SmartFormat.Tests.Core.NestingTests.Nesting_can_access_root_via_number(&quot;{ChildOne.ChildTwo.ChildThree: {Four} {0.ChildOne: {Two} {0.One} } }&quot;,&quot; 4  2 1  &quot;)" methodname="Nesting_can_access_root_via_number" classname="SmartFormat.Tests.Core.NestingTests" runstate="Runnable" seed="1253830927" result="Passed" start-time="2016-09-13 08:02:53Z" end-time="2016-09-13 08:02:53Z" duration="0.000151" asserts="1" />
            </test-suite>
          </test-suite>
          <test-suite type="TestFixture" id="1253" name="ParserTests" fullname="SmartFormat.Tests.Core.ParserTests" classname="SmartFormat.Tests.Core.ParserTests" runstate="Runnable" testcasecount="41" result="Passed" start-time="2016-09-13 08:02:53Z" end-time="2016-09-13 08:02:54Z" duration="0.101714" total="41" passed="41" failed="0" inconclusive="0" skipped="0" asserts="148">
            <test-suite type="ParameterizedMethod" id="1290" name="NamedFormatter_should_be_null_when_empty_or_invalid_or_escaped" fullname="SmartFormat.Tests.Core.ParserTests.NamedFormatter_should_be_null_when_empty_or_invalid_or_escaped" classname="SmartFormat.Tests.Core.ParserTests" runstate="Runnable" testcasecount="20" result="Passed" start-time="2016-09-13 08:02:53Z" end-time="2016-09-13 08:02:53Z" duration="0.031748" total="20" passed="20" failed="0" inconclusive="0" skipped="0" asserts="60">
              <test-case id="1270" name="NamedFormatter_should_be_null_when_empty_or_invalid_or_escaped(&quot;{0:format}&quot;)" fullname="SmartFormat.Tests.Core.ParserTests.NamedFormatter_should_be_null_when_empty_or_invalid_or_escaped(&quot;{0:format}&quot;)" methodname="NamedFormatter_should_be_null_when_empty_or_invalid_or_escaped" classname="SmartFormat.Tests.Core.ParserTests" runstate="Runnable" seed="1090352325" result="Passed" start-time="2016-09-13 08:02:53Z" end-time="2016-09-13 08:02:53Z" duration="0.003704" asserts="3" />
              <test-case id="1271" name="NamedFormatter_should_be_null_when_empty_or_invalid_or_escaped(&quot;{0:format(}&quot;)" fullname="SmartFormat.Tests.Core.ParserTests.NamedFormatter_should_be_null_when_empty_or_invalid_or_escaped(&quot;{0:format(}&quot;)" methodname="NamedFormatter_should_be_null_when_empty_or_invalid_or_escaped" classname="SmartFormat.Tests.Core.ParserTests" runstate="Runnable" seed="449208242" result="Passed" start-time="2016-09-13 08:02:53Z" end-time="2016-09-13 08:02:53Z" duration="0.000176" asserts="3" />
              <test-case id="1272" name="NamedFormatter_should_be_null_when_empty_or_invalid_or_escaped(&quot;{0:format)}&quot;)" fullname="SmartFormat.Tests.Core.ParserTests.NamedFormatter_should_be_null_when_empty_or_invalid_or_escaped(&quot;{0:format)}&quot;)" methodname="NamedFormatter_should_be_null_when_empty_or_invalid_or_escaped" classname="SmartFormat.Tests.Core.ParserTests" runstate="Runnable" seed="1965192160" result="Passed" start-time="2016-09-13 08:02:53Z" end-time="2016-09-13 08:02:53Z" duration="0.000110" asserts="3" />
              <test-case id="1273" name="NamedFormatter_should_be_null_when_empty_or_invalid_or_escaped(&quot;{0:(format)}&quot;)" fullname="SmartFormat.Tests.Core.ParserTests.NamedFormatter_should_be_null_when_empty_or_invalid_or_escaped(&quot;{0:(format)}&quot;)" methodname="NamedFormatter_should_be_null_when_empty_or_invalid_or_escaped" classname="SmartFormat.Tests.Core.ParserTests" runstate="Runnable" seed="620029534" result="Passed" start-time="2016-09-13 08:02:53Z" end-time="2016-09-13 08:02:53Z" duration="0.000112" asserts="3" />
              <test-case id="1274" name="NamedFormatter_should_be_null_when_empty_or_invalid_or_escaped(&quot;{0:format()stuff}&quot;)" fullname="SmartFormat.Tests.Core.ParserTests.NamedFormatter_should_be_null_when_empty_or_invalid_or_escaped(&quot;{0:format()stuff}&quot;)" methodname="NamedFormatter_should_be_null_when_empty_or_invalid_or_escaped" classname="SmartFormat.Tests.Core.ParserTests" runstate="Runnable" seed="1232446315" result="Passed" start-time="2016-09-13 08:02:53Z" end-time="2016-09-13 08:02:53Z" duration="0.000105" asserts="3" />
              <test-case id="1275" name="NamedFormatter_should_be_null_when_empty_or_invalid_or_escaped(&quot;{0:format() :}&quot;)" fullname="SmartFormat.Tests.Core.ParserTests.NamedFormatter_should_be_null_when_empty_or_invalid_or_escaped(&quot;{0:format() :}&quot;)" methodname="NamedFormatter_should_be_null_when_empty_or_invalid_or_escaped" classname="SmartFormat.Tests.Core.ParserTests" runstate="Runnable" seed="46323090" result="Passed" start-time="2016-09-13 08:02:53Z" end-time="2016-09-13 08:02:53Z" duration="0.000326" asserts="3" />
              <test-case id="1276" name="NamedFormatter_should_be_null_when_empty_or_invalid_or_escaped(&quot;{0:format(s)|stuff}&quot;)" fullname="SmartFormat.Tests.Core.ParserTests.NamedFormatter_should_be_null_when_empty_or_invalid_or_escaped(&quot;{0:format(s)|stuff}&quot;)" methodname="NamedFormatter_should_be_null_when_empty_or_invalid_or_escaped" classname="SmartFormat.Tests.Core.ParserTests" runstate="Runnable" seed="368631204" result="Passed" start-time="2016-09-13 08:02:53Z" end-time="2016-09-13 08:02:53Z" duration="0.000223" asserts="3" />
              <test-case id="1277" name="NamedFormatter_should_be_null_when_empty_or_invalid_or_escaped(&quot;{0:format(s)stuff:}&quot;)" fullname="SmartFormat.Tests.Core.ParserTests.NamedFormatter_should_be_null_when_empty_or_invalid_or_escaped(&quot;{0:format(s)stuff:}&quot;)" methodname="NamedFormatter_should_be_null_when_empty_or_invalid_or_escaped" classname="SmartFormat.Tests.Core.ParserTests" runstate="Runnable" seed="711468587" result="Passed" start-time="2016-09-13 08:02:53Z" end-time="2016-09-13 08:02:53Z" duration="0.000182" asserts="3" />
              <test-case id="1278" name="NamedFormatter_should_be_null_when_empty_or_invalid_or_escaped(&quot;{0:format(:}&quot;)" fullname="SmartFormat.Tests.Core.ParserTests.NamedFormatter_should_be_null_when_empty_or_invalid_or_escaped(&quot;{0:format(:}&quot;)" methodname="NamedFormatter_should_be_null_when_empty_or_invalid_or_escaped" classname="SmartFormat.Tests.Core.ParserTests" runstate="Runnable" seed="1756822999" result="Passed" start-time="2016-09-13 08:02:53Z" end-time="2016-09-13 08:02:53Z" duration="0.000204" asserts="3" />
              <test-case id="1279" name="NamedFormatter_should_be_null_when_empty_or_invalid_or_escaped(&quot;{0:format):}&quot;)" fullname="SmartFormat.Tests.Core.ParserTests.NamedFormatter_should_be_null_when_empty_or_invalid_or_escaped(&quot;{0:format):}&quot;)" methodname="NamedFormatter_should_be_null_when_empty_or_invalid_or_escaped" classname="SmartFormat.Tests.Core.ParserTests" runstate="Runnable" seed="1663804724" result="Passed" start-time="2016-09-13 08:02:53Z" end-time="2016-09-13 08:02:53Z" duration="0.000116" asserts="3" />
              <test-case id="1280" name="NamedFormatter_should_be_null_when_empty_or_invalid_or_escaped(&quot;{0:format\\()}&quot;)" fullname="SmartFormat.Tests.Core.ParserTests.NamedFormatter_should_be_null_when_empty_or_invalid_or_escaped(&quot;{0:format\\()}&quot;)" methodname="NamedFormatter_should_be_null_when_empty_or_invalid_or_escaped" classname="SmartFormat.Tests.Core.ParserTests" runstate="Runnable" seed="1441408074" result="Passed" start-time="2016-09-13 08:02:53Z" end-time="2016-09-13 08:02:53Z" duration="0.000105" asserts="3" />
              <test-case id="1281" name="NamedFormatter_should_be_null_when_empty_or_invalid_or_escaped(&quot;{0:format(\\)}&quot;)" fullname="SmartFormat.Tests.Core.ParserTests.NamedFormatter_should_be_null_when_empty_or_invalid_or_escaped(&quot;{0:format(\\)}&quot;)" methodname="NamedFormatter_should_be_null_when_empty_or_invalid_or_escaped" classname="SmartFormat.Tests.Core.ParserTests" runstate="Runnable" seed="1344077111" result="Passed" start-time="2016-09-13 08:02:53Z" end-time="2016-09-13 08:02:53Z" duration="0.000103" asserts="3" />
              <test-case id="1282" name="NamedFormatter_should_be_null_when_empty_or_invalid_or_escaped(&quot;{0:format\\:}&quot;)" fullname="SmartFormat.Tests.Core.ParserTests.NamedFormatter_should_be_null_when_empty_or_invalid_or_escaped(&quot;{0:format\\:}&quot;)" methodname="NamedFormatter_should_be_null_when_empty_or_invalid_or_escaped" classname="SmartFormat.Tests.Core.ParserTests" runstate="Runnable" seed="1158534511" result="Passed" start-time="2016-09-13 08:02:53Z" end-time="2016-09-13 08:02:53Z" duration="0.000102" asserts="3" />
              <test-case id="1283" name="NamedFormatter_should_be_null_when_empty_or_invalid_or_escaped(&quot;{0:hh\\:mm\\:ss}&quot;)" fullname="SmartFormat.Tests.Core.ParserTests.NamedFormatter_should_be_null_when_empty_or_invalid_or_escaped(&quot;{0:hh\\:mm\\:ss}&quot;)" methodname="NamedFormatter_should_be_null_when_empty_or_invalid_or_escaped" classname="SmartFormat.Tests.Core.ParserTests" runstate="Runnable" seed="942379603" result="Passed" start-time="2016-09-13 08:02:53Z" end-time="2016-09-13 08:02:53Z" duration="0.000143" asserts="3" />
              <test-case id="1284" name="NamedFormatter_should_be_null_when_empty_or_invalid_or_escaped(&quot;{0:}&quot;)" fullname="SmartFormat.Tests.Core.ParserTests.NamedFormatter_should_be_null_when_empty_or_invalid_or_escaped(&quot;{0:}&quot;)" methodname="NamedFormatter_should_be_null_when_empty_or_invalid_or_escaped" classname="SmartFormat.Tests.Core.ParserTests" runstate="Runnable" seed="1983765240" result="Passed" start-time="2016-09-13 08:02:53Z" end-time="2016-09-13 08:02:53Z" duration="0.000103" asserts="3" />
              <test-case id="1285" name="NamedFormatter_should_be_null_when_empty_or_invalid_or_escaped(&quot;{0::}&quot;)" fullname="SmartFormat.Tests.Core.ParserTests.NamedFormatter_should_be_null_when_empty_or_invalid_or_escaped(&quot;{0::}&quot;)" methodname="NamedFormatter_should_be_null_when_empty_or_invalid_or_escaped" classname="SmartFormat.Tests.Core.ParserTests" runstate="Runnable" seed="1514987570" result="Passed" start-time="2016-09-13 08:02:53Z" end-time="2016-09-13 08:02:53Z" duration="0.000234" asserts="3" />
              <test-case id="1286" name="NamedFormatter_should_be_null_when_empty_or_invalid_or_escaped(&quot;{0:()}&quot;)" fullname="SmartFormat.Tests.Core.ParserTests.NamedFormatter_should_be_null_when_empty_or_invalid_or_escaped(&quot;{0:()}&quot;)" methodname="NamedFormatter_should_be_null_when_empty_or_invalid_or_escaped" classname="SmartFormat.Tests.Core.ParserTests" runstate="Runnable" seed="897762788" result="Passed" start-time="2016-09-13 08:02:53Z" end-time="2016-09-13 08:02:53Z" duration="0.000189" asserts="3" />
              <test-case id="1287" name="NamedFormatter_should_be_null_when_empty_or_invalid_or_escaped(&quot;{0:():}&quot;)" fullname="SmartFormat.Tests.Core.ParserTests.NamedFormatter_should_be_null_when_empty_or_invalid_or_escaped(&quot;{0:():}&quot;)" methodname="NamedFormatter_should_be_null_when_empty_or_invalid_or_escaped" classname="SmartFormat.Tests.Core.ParserTests" runstate="Runnable" seed="241064517" result="Passed" start-time="2016-09-13 08:02:53Z" end-time="2016-09-13 08:02:53Z" duration="0.000177" asserts="3" />
              <test-case id="1288" name="NamedFormatter_should_be_null_when_empty_or_invalid_or_escaped(&quot;{0:(1|2|3)}&quot;)" fullname="SmartFormat.Tests.Core.ParserTests.NamedFormatter_should_be_null_when_empty_or_invalid_or_escaped(&quot;{0:(1|2|3)}&quot;)" methodname="NamedFormatter_should_be_null_when_empty_or_invalid_or_escaped" classname="SmartFormat.Tests.Core.ParserTests" runstate="Runnable" seed="467910132" result="Passed" start-time="2016-09-13 08:02:53Z" end-time="2016-09-13 08:02:53Z" duration="0.000160" asserts="3" />
              <test-case id="1289" name="NamedFormatter_should_be_null_when_empty_or_invalid_or_escaped(&quot;{0:(1|2|3):}&quot;)" fullname="SmartFormat.Tests.Core.ParserTests.NamedFormatter_should_be_null_when_empty_or_invalid_or_escaped(&quot;{0:(1|2|3):}&quot;)" methodname="NamedFormatter_should_be_null_when_empty_or_invalid_or_escaped" classname="SmartFormat.Tests.Core.ParserTests" runstate="Runnable" seed="251059309" result="Passed" start-time="2016-09-13 08:02:53Z" end-time="2016-09-13 08:02:53Z" duration="0.000252" asserts="3" />
            </test-suite>
            <test-suite type="ParameterizedMethod" id="1297" name="NamedFormatter_should_be_null_when_has_nesting" fullname="SmartFormat.Tests.Core.ParserTests.NamedFormatter_should_be_null_when_has_nesting" classname="SmartFormat.Tests.Core.ParserTests" runstate="Runnable" testcasecount="6" result="Passed" start-time="2016-09-13 08:02:53Z" end-time="2016-09-13 08:02:53Z" duration="0.006476" total="6" passed="6" failed="0" inconclusive="0" skipped="0" asserts="18">
              <test-case id="1291" name="NamedFormatter_should_be_null_when_has_nesting(&quot;{0:format{}}&quot;,&quot;format&quot;)" fullname="SmartFormat.Tests.Core.ParserTests.NamedFormatter_should_be_null_when_has_nesting(&quot;{0:format{}}&quot;,&quot;format&quot;)" methodname="NamedFormatter_should_be_null_when_has_nesting" classname="SmartFormat.Tests.Core.ParserTests" runstate="Runnable" seed="756050026" result="Passed" start-time="2016-09-13 08:02:53Z" end-time="2016-09-13 08:02:53Z" duration="0.000290" asserts="3" />
              <test-case id="1292" name="NamedFormatter_should_be_null_when_has_nesting(&quot;{0:{}}&quot;,&quot;&quot;)" fullname="SmartFormat.Tests.Core.ParserTests.NamedFormatter_should_be_null_when_has_nesting(&quot;{0:{}}&quot;,&quot;&quot;)" methodname="NamedFormatter_should_be_null_when_has_nesting" classname="SmartFormat.Tests.Core.ParserTests" runstate="Runnable" seed="1181125779" result="Passed" start-time="2016-09-13 08:02:53Z" end-time="2016-09-13 08:02:53Z" duration="0.000078" asserts="3" />
              <test-case id="1293" name="NamedFormatter_should_be_null_when_has_nesting(&quot;{0:{0:nested():}}&quot;,&quot;&quot;)" fullname="SmartFormat.Tests.Core.ParserTests.NamedFormatter_should_be_null_when_has_nesting(&quot;{0:{0:nested():}}&quot;,&quot;&quot;)" methodname="NamedFormatter_should_be_null_when_has_nesting" classname="SmartFormat.Tests.Core.ParserTests" runstate="Runnable" seed="1295310451" result="Passed" start-time="2016-09-13 08:02:53Z" end-time="2016-09-13 08:02:53Z" duration="0.000055" asserts="3" />
              <test-case id="1294" name="NamedFormatter_should_be_null_when_has_nesting(&quot;{0:for{}mat}&quot;,&quot;format&quot;)" fullname="SmartFormat.Tests.Core.ParserTests.NamedFormatter_should_be_null_when_has_nesting(&quot;{0:for{}mat}&quot;,&quot;format&quot;)" methodname="NamedFormatter_should_be_null_when_has_nesting" classname="SmartFormat.Tests.Core.ParserTests" runstate="Runnable" seed="537969365" result="Passed" start-time="2016-09-13 08:02:53Z" end-time="2016-09-13 08:02:53Z" duration="0.000058" asserts="3" />
              <test-case id="1295" name="NamedFormatter_should_be_null_when_has_nesting(&quot;{0:for{}mat()}&quot;,&quot;format()&quot;)" fullname="SmartFormat.Tests.Core.ParserTests.NamedFormatter_should_be_null_when_has_nesting(&quot;{0:for{}mat()}&quot;,&quot;format()&quot;)" methodname="NamedFormatter_should_be_null_when_has_nesting" classname="SmartFormat.Tests.Core.ParserTests" runstate="Runnable" seed="1030374822" result="Passed" start-time="2016-09-13 08:02:53Z" end-time="2016-09-13 08:02:53Z" duration="0.000055" asserts="3" />
              <test-case id="1296" name="NamedFormatter_should_be_null_when_has_nesting(&quot;{0:for(){}mat}&quot;,&quot;for()mat&quot;)" fullname="SmartFormat.Tests.Core.ParserTests.NamedFormatter_should_be_null_when_has_nesting(&quot;{0:for(){}mat}&quot;,&quot;for()mat&quot;)" methodname="NamedFormatter_should_be_null_when_has_nesting" classname="SmartFormat.Tests.Core.ParserTests" runstate="Runnable" seed="1089482546" result="Passed" start-time="2016-09-13 08:02:53Z" end-time="2016-09-13 08:02:53Z" duration="0.000055" asserts="3" />
            </test-suite>
            <test-suite type="ParameterizedMethod" id="1269" name="NamedFormatter_should_be_parsed_correctly" fullname="SmartFormat.Tests.Core.ParserTests.NamedFormatter_should_be_parsed_correctly" classname="SmartFormat.Tests.Core.ParserTests" runstate="Runnable" testcasecount="8" result="Passed" start-time="2016-09-13 08:02:53Z" end-time="2016-09-13 08:02:54Z" duration="0.011132" total="8" passed="8" failed="0" inconclusive="0" skipped="0" asserts="24">
              <test-case id="1261" name="NamedFormatter_should_be_parsed_correctly(&quot;{0:name:}&quot;,&quot;name&quot;,&quot;&quot;,&quot;&quot;)" fullname="SmartFormat.Tests.Core.ParserTests.NamedFormatter_should_be_parsed_correctly(&quot;{0:name:}&quot;,&quot;name&quot;,&quot;&quot;,&quot;&quot;)" methodname="NamedFormatter_should_be_parsed_correctly" classname="SmartFormat.Tests.Core.ParserTests" runstate="Runnable" seed="206975473" result="Passed" start-time="2016-09-13 08:02:53Z" end-time="2016-09-13 08:02:53Z" duration="0.000754" asserts="3" />
              <test-case id="1262" name="NamedFormatter_should_be_parsed_correctly(&quot;{0:name()}&quot;,&quot;name&quot;,&quot;&quot;,&quot;&quot;)" fullname="SmartFormat.Tests.Core.ParserTests.NamedFormatter_should_be_parsed_correctly(&quot;{0:name()}&quot;,&quot;name&quot;,&quot;&quot;,&quot;&quot;)" methodname="NamedFormatter_should_be_parsed_correctly" classname="SmartFormat.Tests.Core.ParserTests" runstate="Runnable" seed="1112383536" result="Passed" start-time="2016-09-13 08:02:53Z" end-time="2016-09-13 08:02:53Z" duration="0.000081" asserts="3" />
              <test-case id="1263" name="NamedFormatter_should_be_parsed_correctly(&quot;{0:name(1|2|3)}&quot;,&quot;name&quot;,&quot;1|2|3&quot;,&quot;&quot;)" fullname="SmartFormat.Tests.Core.ParserTests.NamedFormatter_should_be_parsed_correctly(&quot;{0:name(1|2|3)}&quot;,&quot;name&quot;,&quot;1|2|3&quot;,&quot;&quot;)" methodname="NamedFormatter_should_be_parsed_correctly" classname="SmartFormat.Tests.Core.ParserTests" runstate="Runnable" seed="1735219668" result="Passed" start-time="2016-09-13 08:02:53Z" end-time="2016-09-13 08:02:53Z" duration="0.000102" asserts="3" />
              <test-case id="1264" name="NamedFormatter_should_be_parsed_correctly(&quot;{0:name:format}&quot;,&quot;name&quot;,&quot;&quot;,&quot;format&quot;)" fullname="SmartFormat.Tests.Core.ParserTests.NamedFormatter_should_be_parsed_correctly(&quot;{0:name:format}&quot;,&quot;name&quot;,&quot;&quot;,&quot;format&quot;)" methodname="NamedFormatter_should_be_parsed_correctly" classname="SmartFormat.Tests.Core.ParserTests" runstate="Runnable" seed="1403572036" result="Passed" start-time="2016-09-13 08:02:53Z" end-time="2016-09-13 08:02:53Z" duration="0.000069" asserts="3" />
              <test-case id="1265" name="NamedFormatter_should_be_parsed_correctly(&quot;{0:name():format}&quot;,&quot;name&quot;,&quot;&quot;,&quot;format&quot;)" fullname="SmartFormat.Tests.Core.ParserTests.NamedFormatter_should_be_parsed_correctly(&quot;{0:name():format}&quot;,&quot;name&quot;,&quot;&quot;,&quot;format&quot;)" methodname="NamedFormatter_should_be_parsed_correctly" classname="SmartFormat.Tests.Core.ParserTests" runstate="Runnable" seed="1809741581" result="Passed" start-time="2016-09-13 08:02:53Z" end-time="2016-09-13 08:02:53Z" duration="0.000067" asserts="3" />
              <test-case id="1266" name="NamedFormatter_should_be_parsed_correctly(&quot;{0:name():}&quot;,&quot;name&quot;,&quot;&quot;,&quot;&quot;)" fullname="SmartFormat.Tests.Core.ParserTests.NamedFormatter_should_be_parsed_correctly(&quot;{0:name():}&quot;,&quot;name&quot;,&quot;&quot;,&quot;&quot;)" methodname="NamedFormatter_should_be_parsed_correctly" classname="SmartFormat.Tests.Core.ParserTests" runstate="Runnable" seed="1159895323" result="Passed" start-time="2016-09-13 08:02:53Z" end-time="2016-09-13 08:02:53Z" duration="0.000125" asserts="3" />
              <test-case id="1267" name="NamedFormatter_should_be_parsed_correctly(&quot;{0:name(1|2|3):format}&quot;,&quot;name&quot;,&quot;1|2|3&quot;,&quot;format&quot;)" fullname="SmartFormat.Tests.Core.ParserTests.NamedFormatter_should_be_parsed_correctly(&quot;{0:name(1|2|3):format}&quot;,&quot;name&quot;,&quot;1|2|3&quot;,&quot;format&quot;)" methodname="NamedFormatter_should_be_parsed_correctly" classname="SmartFormat.Tests.Core.ParserTests" runstate="Runnable" seed="522567859" result="Passed" start-time="2016-09-13 08:02:53Z" end-time="2016-09-13 08:02:53Z" duration="0.000125" asserts="3" />
              <test-case id="1268" name="NamedFormatter_should_be_parsed_correctly(&quot;{0:name(1|2|3):}&quot;,&quot;name&quot;,&quot;1|2|3&quot;,&quot;&quot;)" fullname="SmartFormat.Tests.Core.ParserTests.NamedFormatter_should_be_parsed_correctly(&quot;{0:name(1|2|3):}&quot;,&quot;name&quot;,&quot;1|2|3&quot;,&quot;&quot;)" methodname="NamedFormatter_should_be_parsed_correctly" classname="SmartFormat.Tests.Core.ParserTests" runstate="Runnable" seed="685768049" result="Passed" start-time="2016-09-13 08:02:54Z" end-time="2016-09-13 08:02:54Z" duration="0.000122" asserts="3" />
            </test-suite>
            <test-case id="1256" name="Parser_Ignores_Exceptions" fullname="SmartFormat.Tests.Core.ParserTests.Parser_Ignores_Exceptions" methodname="Parser_Ignores_Exceptions" classname="SmartFormat.Tests.Core.ParserTests" runstate="Runnable" seed="487260849" result="Passed" start-time="2016-09-13 08:02:54Z" end-time="2016-09-13 08:02:54Z" duration="0.001129" asserts="0" />
            <test-case id="1255" name="Parser_Throws_Exceptions" fullname="SmartFormat.Tests.Core.ParserTests.Parser_Throws_Exceptions" methodname="Parser_Throws_Exceptions" classname="SmartFormat.Tests.Core.ParserTests" runstate="Runnable" seed="2138585822" result="Passed" start-time="2016-09-13 08:02:54Z" end-time="2016-09-13 08:02:54Z" duration="0.011299" asserts="0" />
            <test-case id="1257" name="Parser_UseAlternativeBraces" fullname="SmartFormat.Tests.Core.ParserTests.Parser_UseAlternativeBraces" methodname="Parser_UseAlternativeBraces" classname="SmartFormat.Tests.Core.ParserTests" runstate="Runnable" seed="1926038839" result="Passed" start-time="2016-09-13 08:02:54Z" end-time="2016-09-13 08:02:54Z" duration="0.004131" asserts="7" />
            <test-case id="1259" name="Test_Format_IndexOf" fullname="SmartFormat.Tests.Core.ParserTests.Test_Format_IndexOf" methodname="Test_Format_IndexOf" classname="SmartFormat.Tests.Core.ParserTests" runstate="Runnable" seed="63091155" result="Passed" start-time="2016-09-13 08:02:54Z" end-time="2016-09-13 08:02:54Z" duration="0.006397" asserts="9" />
            <test-case id="1260" name="Test_Format_Split" fullname="SmartFormat.Tests.Core.ParserTests.Test_Format_Split" methodname="Test_Format_Split" classname="SmartFormat.Tests.Core.ParserTests" runstate="Runnable" seed="582100712" result="Passed" start-time="2016-09-13 08:02:54Z" end-time="2016-09-13 08:02:54Z" duration="0.001163" asserts="9" />
            <test-case id="1258" name="Test_Format_Substring" fullname="SmartFormat.Tests.Core.ParserTests.Test_Format_Substring" methodname="Test_Format_Substring" classname="SmartFormat.Tests.Core.ParserTests" runstate="Runnable" seed="839229134" result="Passed" start-time="2016-09-13 08:02:54Z" end-time="2016-09-13 08:02:54Z" duration="0.015881" asserts="15" />
            <test-case id="1254" name="TestParser" fullname="SmartFormat.Tests.Core.ParserTests.TestParser" methodname="TestParser" classname="SmartFormat.Tests.Core.ParserTests" runstate="Runnable" seed="1456795618" result="Passed" start-time="2016-09-13 08:02:54Z" end-time="2016-09-13 08:02:54Z" duration="0.002844" asserts="6" />
          </test-suite>
        </test-suite>
        <test-suite type="TestSuite" id="1303" name="Extensions" fullname="SmartFormat.Tests.Extensions" runstate="Runnable" testcasecount="125" result="Passed" start-time="2016-09-13 08:02:54Z" end-time="2016-09-13 08:02:54Z" duration="0.687768" total="125" passed="125" failed="0" inconclusive="0" skipped="0" asserts="266">
          <test-suite type="TestFixture" id="1038" name="ChooseFormatterTests" fullname="SmartFormat.Tests.Extensions.ChooseFormatterTests" classname="SmartFormat.Tests.Extensions.ChooseFormatterTests" runstate="Runnable" testcasecount="43" result="Passed" start-time="2016-09-13 08:02:54Z" end-time="2016-09-13 08:02:54Z" duration="0.076009" total="43" passed="43" failed="0" inconclusive="0" skipped="0" asserts="43">
            <test-suite type="ParameterizedMethod" id="1080" name="Choose_has_a_special_case_for_null" fullname="SmartFormat.Tests.Extensions.ChooseFormatterTests.Choose_has_a_special_case_for_null" classname="SmartFormat.Tests.Extensions.ChooseFormatterTests" runstate="Runnable" testcasecount="5" result="Passed" start-time="2016-09-13 08:02:54Z" end-time="2016-09-13 08:02:54Z" duration="0.008459" total="5" passed="5" failed="0" inconclusive="0" skipped="0" asserts="5">
              <test-case id="1075" name="Choose_has_a_special_case_for_null(&quot;{0:choose(null):nothing|{} }&quot;,null,&quot;nothing&quot;)" fullname="SmartFormat.Tests.Extensions.ChooseFormatterTests.Choose_has_a_special_case_for_null(&quot;{0:choose(null):nothing|{} }&quot;,null,&quot;nothing&quot;)" methodname="Choose_has_a_special_case_for_null" classname="SmartFormat.Tests.Extensions.ChooseFormatterTests" runstate="Runnable" seed="1954235732" result="Passed" start-time="2016-09-13 08:02:54Z" end-time="2016-09-13 08:02:54Z" duration="0.001399" asserts="1" />
              <test-case id="1076" name="Choose_has_a_special_case_for_null(&quot;{0:choose(null):nothing|{} }&quot;,5,&quot;5 &quot;)" fullname="SmartFormat.Tests.Extensions.ChooseFormatterTests.Choose_has_a_special_case_for_null(&quot;{0:choose(null):nothing|{} }&quot;,5,&quot;5 &quot;)" methodname="Choose_has_a_special_case_for_null" classname="SmartFormat.Tests.Extensions.ChooseFormatterTests" runstate="Runnable" seed="1839005708" result="Passed" start-time="2016-09-13 08:02:54Z" end-time="2016-09-13 08:02:54Z" duration="0.000350" asserts="1" />
              <test-case id="1077" name="Choose_has_a_special_case_for_null(&quot;{0:choose(null|5):nothing|five|{} }&quot;,null,&quot;nothing&quot;)" fullname="SmartFormat.Tests.Extensions.ChooseFormatterTests.Choose_has_a_special_case_for_null(&quot;{0:choose(null|5):nothing|five|{} }&quot;,null,&quot;nothing&quot;)" methodname="Choose_has_a_special_case_for_null" classname="SmartFormat.Tests.Extensions.ChooseFormatterTests" runstate="Runnable" seed="115602603" result="Passed" start-time="2016-09-13 08:02:54Z" end-time="2016-09-13 08:02:54Z" duration="0.000138" asserts="1" />
              <test-case id="1078" name="Choose_has_a_special_case_for_null(&quot;{0:choose(null|5):nothing|five|{} }&quot;,5,&quot;five&quot;)" fullname="SmartFormat.Tests.Extensions.ChooseFormatterTests.Choose_has_a_special_case_for_null(&quot;{0:choose(null|5):nothing|five|{} }&quot;,5,&quot;five&quot;)" methodname="Choose_has_a_special_case_for_null" classname="SmartFormat.Tests.Extensions.ChooseFormatterTests" runstate="Runnable" seed="848632405" result="Passed" start-time="2016-09-13 08:02:54Z" end-time="2016-09-13 08:02:54Z" duration="0.000171" asserts="1" />
              <test-case id="1079" name="Choose_has_a_special_case_for_null(&quot;{0:choose(null|5):nothing|five|{} }&quot;,6,&quot;6 &quot;)" fullname="SmartFormat.Tests.Extensions.ChooseFormatterTests.Choose_has_a_special_case_for_null(&quot;{0:choose(null|5):nothing|five|{} }&quot;,6,&quot;6 &quot;)" methodname="Choose_has_a_special_case_for_null" classname="SmartFormat.Tests.Extensions.ChooseFormatterTests" runstate="Runnable" seed="1317412541" result="Passed" start-time="2016-09-13 08:02:54Z" end-time="2016-09-13 08:02:54Z" duration="0.000140" asserts="1" />
            </test-suite>
            <test-suite type="ParameterizedMethod" id="1060" name="Choose_should_be_case_sensitive" fullname="SmartFormat.Tests.Extensions.ChooseFormatterTests.Choose_should_be_case_sensitive" classname="SmartFormat.Tests.Extensions.ChooseFormatterTests" runstate="Runnable" testcasecount="6" result="Passed" start-time="2016-09-13 08:02:54Z" end-time="2016-09-13 08:02:54Z" duration="0.008907" total="6" passed="6" failed="0" inconclusive="0" skipped="0" asserts="6">
              <test-case id="1054" name="Choose_should_be_case_sensitive(&quot;{0:choose(true|True):one|two|default}&quot;,True,&quot;two&quot;)" fullname="SmartFormat.Tests.Extensions.ChooseFormatterTests.Choose_should_be_case_sensitive(&quot;{0:choose(true|True):one|two|default}&quot;,True,&quot;two&quot;)" methodname="Choose_should_be_case_sensitive" classname="SmartFormat.Tests.Extensions.ChooseFormatterTests" runstate="Runnable" seed="141901299" result="Passed" start-time="2016-09-13 08:02:54Z" end-time="2016-09-13 08:02:54Z" duration="0.000457" asserts="1" />
              <test-case id="1055" name="Choose_should_be_case_sensitive(&quot;{0:choose(true|TRUE):one|two|default}&quot;,True,&quot;default&quot;)" fullname="SmartFormat.Tests.Extensions.ChooseFormatterTests.Choose_should_be_case_sensitive(&quot;{0:choose(true|TRUE):one|two|default}&quot;,True,&quot;default&quot;)" methodname="Choose_should_be_case_sensitive" classname="SmartFormat.Tests.Extensions.ChooseFormatterTests" runstate="Runnable" seed="1340052409" result="Passed" start-time="2016-09-13 08:02:54Z" end-time="2016-09-13 08:02:54Z" duration="0.000227" asserts="1" />
              <test-case id="1056" name="Choose_should_be_case_sensitive(&quot;{0:choose(string|String):one|two|default}&quot;,&quot;String&quot;,&quot;two&quot;)" fullname="SmartFormat.Tests.Extensions.ChooseFormatterTests.Choose_should_be_case_sensitive(&quot;{0:choose(string|String):one|two|default}&quot;,&quot;String&quot;,&quot;two&quot;)" methodname="Choose_should_be_case_sensitive" classname="SmartFormat.Tests.Extensions.ChooseFormatterTests" runstate="Runnable" seed="1712524625" result="Passed" start-time="2016-09-13 08:02:54Z" end-time="2016-09-13 08:02:54Z" duration="0.000410" asserts="1" />
              <test-case id="1057" name="Choose_should_be_case_sensitive(&quot;{0:choose(string|STRING):one|two|default}&quot;,&quot;String&quot;,&quot;default&quot;)" fullname="SmartFormat.Tests.Extensions.ChooseFormatterTests.Choose_should_be_case_sensitive(&quot;{0:choose(string|STRING):one|two|default}&quot;,&quot;String&quot;,&quot;default&quot;)" methodname="Choose_should_be_case_sensitive" classname="SmartFormat.Tests.Extensions.ChooseFormatterTests" runstate="Runnable" seed="1446407670" result="Passed" start-time="2016-09-13 08:02:54Z" end-time="2016-09-13 08:02:54Z" duration="0.000275" asserts="1" />
              <test-case id="1058" name="Choose_should_be_case_sensitive(&quot;{0:choose(ignore|Ignore):one|two|default}&quot;,Ignore,&quot;two&quot;)" fullname="SmartFormat.Tests.Extensions.ChooseFormatterTests.Choose_should_be_case_sensitive(&quot;{0:choose(ignore|Ignore):one|two|default}&quot;,Ignore,&quot;two&quot;)" methodname="Choose_should_be_case_sensitive" classname="SmartFormat.Tests.Extensions.ChooseFormatterTests" runstate="Runnable" seed="1275027246" result="Passed" start-time="2016-09-13 08:02:54Z" end-time="2016-09-13 08:02:54Z" duration="0.000253" asserts="1" />
              <test-case id="1059" name="Choose_should_be_case_sensitive(&quot;{0:choose(ignore|IGNORE):one|two|default}&quot;,Ignore,&quot;default&quot;)" fullname="SmartFormat.Tests.Extensions.ChooseFormatterTests.Choose_should_be_case_sensitive(&quot;{0:choose(ignore|IGNORE):one|two|default}&quot;,Ignore,&quot;default&quot;)" methodname="Choose_should_be_case_sensitive" classname="SmartFormat.Tests.Extensions.ChooseFormatterTests" runstate="Runnable" seed="1529452294" result="Passed" start-time="2016-09-13 08:02:54Z" end-time="2016-09-13 08:02:54Z" duration="0.000192" asserts="1" />
            </test-suite>
            <test-suite type="ParameterizedMethod" id="1069" name="Choose_should_default_to_the_last_item" fullname="SmartFormat.Tests.Extensions.ChooseFormatterTests.Choose_should_default_to_the_last_item" classname="SmartFormat.Tests.Extensions.ChooseFormatterTests" runstate="Runnable" testcasecount="8" result="Passed" start-time="2016-09-13 08:02:54Z" end-time="2016-09-13 08:02:54Z" duration="0.012343" total="8" passed="8" failed="0" inconclusive="0" skipped="0" asserts="8">
              <test-case id="1061" name="Choose_should_default_to_the_last_item(&quot;{0:choose(1|2|3):one|two|three|default}&quot;,1,&quot;one&quot;)" fullname="SmartFormat.Tests.Extensions.ChooseFormatterTests.Choose_should_default_to_the_last_item(&quot;{0:choose(1|2|3):one|two|three|default}&quot;,1,&quot;one&quot;)" methodname="Choose_should_default_to_the_last_item" classname="SmartFormat.Tests.Extensions.ChooseFormatterTests" runstate="Runnable" seed="1411309975" result="Passed" start-time="2016-09-13 08:02:54Z" end-time="2016-09-13 08:02:54Z" duration="0.000318" asserts="1" />
              <test-case id="1062" name="Choose_should_default_to_the_last_item(&quot;{0:choose(1|2|3):one|two|three|default}&quot;,2,&quot;two&quot;)" fullname="SmartFormat.Tests.Extensions.ChooseFormatterTests.Choose_should_default_to_the_last_item(&quot;{0:choose(1|2|3):one|two|three|default}&quot;,2,&quot;two&quot;)" methodname="Choose_should_default_to_the_last_item" classname="SmartFormat.Tests.Extensions.ChooseFormatterTests" runstate="Runnable" seed="1522129528" result="Passed" start-time="2016-09-13 08:02:54Z" end-time="2016-09-13 08:02:54Z" duration="0.000108" asserts="1" />
              <test-case id="1063" name="Choose_should_default_to_the_last_item(&quot;{0:choose(1|2|3):one|two|three|default}&quot;,3,&quot;three&quot;)" fullname="SmartFormat.Tests.Extensions.ChooseFormatterTests.Choose_should_default_to_the_last_item(&quot;{0:choose(1|2|3):one|two|three|default}&quot;,3,&quot;three&quot;)" methodname="Choose_should_default_to_the_last_item" classname="SmartFormat.Tests.Extensions.ChooseFormatterTests" runstate="Runnable" seed="1156205841" result="Passed" start-time="2016-09-13 08:02:54Z" end-time="2016-09-13 08:02:54Z" duration="0.000165" asserts="1" />
              <test-case id="1064" name="Choose_should_default_to_the_last_item(&quot;{0:choose(1|2|3):one|two|three|default}&quot;,4,&quot;default&quot;)" fullname="SmartFormat.Tests.Extensions.ChooseFormatterTests.Choose_should_default_to_the_last_item(&quot;{0:choose(1|2|3):one|two|three|default}&quot;,4,&quot;default&quot;)" methodname="Choose_should_default_to_the_last_item" classname="SmartFormat.Tests.Extensions.ChooseFormatterTests" runstate="Runnable" seed="1983076460" result="Passed" start-time="2016-09-13 08:02:54Z" end-time="2016-09-13 08:02:54Z" duration="0.000204" asserts="1" />
              <test-case id="1065" name="Choose_should_default_to_the_last_item(&quot;{0:choose(1|2|3):one|two|three|default}&quot;,99,&quot;default&quot;)" fullname="SmartFormat.Tests.Extensions.ChooseFormatterTests.Choose_should_default_to_the_last_item(&quot;{0:choose(1|2|3):one|two|three|default}&quot;,99,&quot;default&quot;)" methodname="Choose_should_default_to_the_last_item" classname="SmartFormat.Tests.Extensions.ChooseFormatterTests" runstate="Runnable" seed="1983965057" result="Passed" start-time="2016-09-13 08:02:54Z" end-time="2016-09-13 08:02:54Z" duration="0.000198" asserts="1" />
              <test-case id="1066" name="Choose_should_default_to_the_last_item(&quot;{0:choose(1|2|3):one|two|three|default}&quot;,null,&quot;default&quot;)" fullname="SmartFormat.Tests.Extensions.ChooseFormatterTests.Choose_should_default_to_the_last_item(&quot;{0:choose(1|2|3):one|two|three|default}&quot;,null,&quot;default&quot;)" methodname="Choose_should_default_to_the_last_item" classname="SmartFormat.Tests.Extensions.ChooseFormatterTests" runstate="Runnable" seed="1584820554" result="Passed" start-time="2016-09-13 08:02:54Z" end-time="2016-09-13 08:02:54Z" duration="0.000158" asserts="1" />
              <test-case id="1067" name="Choose_should_default_to_the_last_item(&quot;{0:choose(1|2|3):one|two|three|default}&quot;,True,&quot;default&quot;)" fullname="SmartFormat.Tests.Extensions.ChooseFormatterTests.Choose_should_default_to_the_last_item(&quot;{0:choose(1|2|3):one|two|three|default}&quot;,True,&quot;default&quot;)" methodname="Choose_should_default_to_the_last_item" classname="SmartFormat.Tests.Extensions.ChooseFormatterTests" runstate="Runnable" seed="2080147324" result="Passed" start-time="2016-09-13 08:02:54Z" end-time="2016-09-13 08:02:54Z" duration="0.000146" asserts="1" />
              <test-case id="1068" name="Choose_should_default_to_the_last_item(&quot;{0:choose(1|2|3):one|two|three|default}&quot;,&quot;whatever&quot;,&quot;default&quot;)" fullname="SmartFormat.Tests.Extensions.ChooseFormatterTests.Choose_should_default_to_the_last_item(&quot;{0:choose(1|2|3):one|two|three|default}&quot;,&quot;whatever&quot;,&quot;default&quot;)" methodname="Choose_should_default_to_the_last_item" classname="SmartFormat.Tests.Extensions.ChooseFormatterTests" runstate="Runnable" seed="1805272539" result="Passed" start-time="2016-09-13 08:02:54Z" end-time="2016-09-13 08:02:54Z" duration="0.000147" asserts="1" />
            </test-suite>
            <test-suite type="ParameterizedMethod" id="1074" name="Choose_should_work_with_enums" fullname="SmartFormat.Tests.Extensions.ChooseFormatterTests.Choose_should_work_with_enums" classname="SmartFormat.Tests.Extensions.ChooseFormatterTests" runstate="Runnable" testcasecount="4" result="Passed" start-time="2016-09-13 08:02:54Z" end-time="2016-09-13 08:02:54Z" duration="0.006723" total="4" passed="4" failed="0" inconclusive="0" skipped="0" asserts="4">
              <test-case id="1070" name="Choose_should_work_with_enums(&quot;{0:choose(Male|Female):man|woman}&quot;,Male,&quot;man&quot;)" fullname="SmartFormat.Tests.Extensions.ChooseFormatterTests.Choose_should_work_with_enums(&quot;{0:choose(Male|Female):man|woman}&quot;,Male,&quot;man&quot;)" methodname="Choose_should_work_with_enums" classname="SmartFormat.Tests.Extensions.ChooseFormatterTests" runstate="Runnable" seed="1515152576" result="Passed" start-time="2016-09-13 08:02:54Z" end-time="2016-09-13 08:02:54Z" duration="0.000471" asserts="1" />
              <test-case id="1071" name="Choose_should_work_with_enums(&quot;{0:choose(Male|Female):man|woman}&quot;,Female,&quot;woman&quot;)" fullname="SmartFormat.Tests.Extensions.ChooseFormatterTests.Choose_should_work_with_enums(&quot;{0:choose(Male|Female):man|woman}&quot;,Female,&quot;woman&quot;)" methodname="Choose_should_work_with_enums" classname="SmartFormat.Tests.Extensions.ChooseFormatterTests" runstate="Runnable" seed="1261624295" result="Passed" start-time="2016-09-13 08:02:54Z" end-time="2016-09-13 08:02:54Z" duration="0.000197" asserts="1" />
              <test-case id="1072" name="Choose_should_work_with_enums(&quot;{0:choose(Male):man|woman}&quot;,Male,&quot;man&quot;)" fullname="SmartFormat.Tests.Extensions.ChooseFormatterTests.Choose_should_work_with_enums(&quot;{0:choose(Male):man|woman}&quot;,Male,&quot;man&quot;)" methodname="Choose_should_work_with_enums" classname="SmartFormat.Tests.Extensions.ChooseFormatterTests" runstate="Runnable" seed="601279236" result="Passed" start-time="2016-09-13 08:02:54Z" end-time="2016-09-13 08:02:54Z" duration="0.000193" asserts="1" />
              <test-case id="1073" name="Choose_should_work_with_enums(&quot;{0:choose(Male):man|woman}&quot;,Female,&quot;woman&quot;)" fullname="SmartFormat.Tests.Extensions.ChooseFormatterTests.Choose_should_work_with_enums(&quot;{0:choose(Male):man|woman}&quot;,Female,&quot;woman&quot;)" methodname="Choose_should_work_with_enums" classname="SmartFormat.Tests.Extensions.ChooseFormatterTests" runstate="Runnable" seed="1696621951" result="Passed" start-time="2016-09-13 08:02:54Z" end-time="2016-09-13 08:02:54Z" duration="0.000422" asserts="1" />
            </test-suite>
            <test-suite type="ParameterizedMethod" id="1053" name="Choose_should_work_with_numbers_strings_and_booleans" fullname="SmartFormat.Tests.Extensions.ChooseFormatterTests.Choose_should_work_with_numbers_strings_and_booleans" classname="SmartFormat.Tests.Extensions.ChooseFormatterTests" runstate="Runnable" testcasecount="14" result="Passed" start-time="2016-09-13 08:02:54Z" end-time="2016-09-13 08:02:54Z" duration="0.022879" total="14" passed="14" failed="0" inconclusive="0" skipped="0" asserts="14">
              <test-case id="1039" name="Choose_should_work_with_numbers_strings_and_booleans(&quot;{0:choose(1|2|3):one|two|three}&quot;,1,&quot;one&quot;)" fullname="SmartFormat.Tests.Extensions.ChooseFormatterTests.Choose_should_work_with_numbers_strings_and_booleans(&quot;{0:choose(1|2|3):one|two|three}&quot;,1,&quot;one&quot;)" methodname="Choose_should_work_with_numbers_strings_and_booleans" classname="SmartFormat.Tests.Extensions.ChooseFormatterTests" runstate="Runnable" seed="2078347644" result="Passed" start-time="2016-09-13 08:02:54Z" end-time="2016-09-13 08:02:54Z" duration="0.000394" asserts="1" />
              <test-case id="1040" name="Choose_should_work_with_numbers_strings_and_booleans(&quot;{0:choose(1|2|3):one|two|three}&quot;,2,&quot;two&quot;)" fullname="SmartFormat.Tests.Extensions.ChooseFormatterTests.Choose_should_work_with_numbers_strings_and_booleans(&quot;{0:choose(1|2|3):one|two|three}&quot;,2,&quot;two&quot;)" methodname="Choose_should_work_with_numbers_strings_and_booleans" classname="SmartFormat.Tests.Extensions.ChooseFormatterTests" runstate="Runnable" seed="1317942206" result="Passed" start-time="2016-09-13 08:02:54Z" end-time="2016-09-13 08:02:54Z" duration="0.000227" asserts="1" />
              <test-case id="1041" name="Choose_should_work_with_numbers_strings_and_booleans(&quot;{0:choose(1|2|3):one|two|three}&quot;,3,&quot;three&quot;)" fullname="SmartFormat.Tests.Extensions.ChooseFormatterTests.Choose_should_work_with_numbers_strings_and_booleans(&quot;{0:choose(1|2|3):one|two|three}&quot;,3,&quot;three&quot;)" methodname="Choose_should_work_with_numbers_strings_and_booleans" classname="SmartFormat.Tests.Extensions.ChooseFormatterTests" runstate="Runnable" seed="1414995570" result="Passed" start-time="2016-09-13 08:02:54Z" end-time="2016-09-13 08:02:54Z" duration="0.000296" asserts="1" />
              <test-case id="1042" name="Choose_should_work_with_numbers_strings_and_booleans(&quot;{0:choose(3|2|1):three|two|one}&quot;,1,&quot;one&quot;)" fullname="SmartFormat.Tests.Extensions.ChooseFormatterTests.Choose_should_work_with_numbers_strings_and_booleans(&quot;{0:choose(3|2|1):three|two|one}&quot;,1,&quot;one&quot;)" methodname="Choose_should_work_with_numbers_strings_and_booleans" classname="SmartFormat.Tests.Extensions.ChooseFormatterTests" runstate="Runnable" seed="191361858" result="Passed" start-time="2016-09-13 08:02:54Z" end-time="2016-09-13 08:02:54Z" duration="0.000198" asserts="1" />
              <test-case id="1043" name="Choose_should_work_with_numbers_strings_and_booleans(&quot;{0:choose(3|2|1):three|two|one}&quot;,2,&quot;two&quot;)" fullname="SmartFormat.Tests.Extensions.ChooseFormatterTests.Choose_should_work_with_numbers_strings_and_booleans(&quot;{0:choose(3|2|1):three|two|one}&quot;,2,&quot;two&quot;)" methodname="Choose_should_work_with_numbers_strings_and_booleans" classname="SmartFormat.Tests.Extensions.ChooseFormatterTests" runstate="Runnable" seed="997843202" result="Passed" start-time="2016-09-13 08:02:54Z" end-time="2016-09-13 08:02:54Z" duration="0.000145" asserts="1" />
              <test-case id="1044" name="Choose_should_work_with_numbers_strings_and_booleans(&quot;{0:choose(3|2|1):three|two|one}&quot;,3,&quot;three&quot;)" fullname="SmartFormat.Tests.Extensions.ChooseFormatterTests.Choose_should_work_with_numbers_strings_and_booleans(&quot;{0:choose(3|2|1):three|two|one}&quot;,3,&quot;three&quot;)" methodname="Choose_should_work_with_numbers_strings_and_booleans" classname="SmartFormat.Tests.Extensions.ChooseFormatterTests" runstate="Runnable" seed="1609658984" result="Passed" start-time="2016-09-13 08:02:54Z" end-time="2016-09-13 08:02:54Z" duration="0.000128" asserts="1" />
              <test-case id="1045" name="Choose_should_work_with_numbers_strings_and_booleans(&quot;{0:choose(1|2|3):one|two|three}&quot;,&quot;1&quot;,&quot;one&quot;)" fullname="SmartFormat.Tests.Extensions.ChooseFormatterTests.Choose_should_work_with_numbers_strings_and_booleans(&quot;{0:choose(1|2|3):one|two|three}&quot;,&quot;1&quot;,&quot;one&quot;)" methodname="Choose_should_work_with_numbers_strings_and_booleans" classname="SmartFormat.Tests.Extensions.ChooseFormatterTests" runstate="Runnable" seed="416759235" result="Passed" start-time="2016-09-13 08:02:54Z" end-time="2016-09-13 08:02:54Z" duration="0.001647" asserts="1" />
[...]
            <test-case id="1187" name="Format_MultipleElement_WithoutIndexesReturnsFirst" fullname="SmartFormat.Tests.Extensions.XmlSourceTest.Format_MultipleElement_WithoutIndexesReturnsFirst" methodname="Format_MultipleElement_WithoutIndexesReturnsFirst" classname="SmartFormat.Tests.Extensions.XmlSourceTest" runstate="Runnable" seed="1039550846" result="Passed" start-time="2016-09-13 08:02:54Z" end-time="2016-09-13 08:02:54Z" duration="0.000512" asserts="1" />
            <test-case id="1183" name="Format_SingleLevelXml_CanAccessWithIndex0" fullname="SmartFormat.Tests.Extensions.XmlSourceTest.Format_SingleLevelXml_CanAccessWithIndex0" methodname="Format_SingleLevelXml_CanAccessWithIndex0" classname="SmartFormat.Tests.Extensions.XmlSourceTest" runstate="Runnable" seed="1285225854" result="Passed" start-time="2016-09-13 08:02:54Z" end-time="2016-09-13 08:02:54Z" duration="0.000354" asserts="1" />
            <test-case id="1182" name="Format_SingleLevelXml_Replaced" fullname="SmartFormat.Tests.Extensions.XmlSourceTest.Format_SingleLevelXml_Replaced" methodname="Format_SingleLevelXml_Replaced" classname="SmartFormat.Tests.Extensions.XmlSourceTest" runstate="Runnable" seed="2126226384" result="Passed" start-time="2016-09-13 08:02:54Z" end-time="2016-09-13 08:02:54Z" duration="0.000460" asserts="1" />
            <test-case id="1185" name="Format_SingleLevelXml_TemplateWithCurlyBraces_Escaped" fullname="SmartFormat.Tests.Extensions.XmlSourceTest.Format_SingleLevelXml_TemplateWithCurlyBraces_Escaped" methodname="Format_SingleLevelXml_TemplateWithCurlyBraces_Escaped" classname="SmartFormat.Tests.Extensions.XmlSourceTest" runstate="Runnable" seed="1502137752" result="Passed" start-time="2016-09-13 08:02:54Z" end-time="2016-09-13 08:02:54Z" duration="0.000402" asserts="1" />
            <test-case id="1190" name="Format_TwoLevelXml_InvalidSelectors_Throws" fullname="SmartFormat.Tests.Extensions.XmlSourceTest.Format_TwoLevelXml_InvalidSelectors_Throws" methodname="Format_TwoLevelXml_InvalidSelectors_Throws" classname="SmartFormat.Tests.Extensions.XmlSourceTest" runstate="Runnable" seed="777614866" result="Passed" start-time="2016-09-13 08:02:54Z" end-time="2016-09-13 08:02:54Z" duration="0.000817" asserts="1" />
            <test-case id="1184" name="Format_XmlWithNamespaces_IgnoringNamespace" fullname="SmartFormat.Tests.Extensions.XmlSourceTest.Format_XmlWithNamespaces_IgnoringNamespace" methodname="Format_XmlWithNamespaces_IgnoringNamespace" classname="SmartFormat.Tests.Extensions.XmlSourceTest" runstate="Runnable" seed="662140819" result="Passed" start-time="2016-09-13 08:02:54Z" end-time="2016-09-13 08:02:54Z" duration="0.000695" asserts="1" />
          </test-suite>
        </test-suite>
        <test-suite type="TestSuite" id="1302" name="OldTests" fullname="SmartFormat.Tests.OldTests" runstate="Runnable" testcasecount="33" result="Passed" start-time="2016-09-13 08:02:54Z" end-time="2016-09-13 08:02:54Z" duration="0.068878" total="33" passed="32" failed="0" inconclusive="0" skipped="1" asserts="32">
          <test-suite type="TestFixture" id="1003" name="CodeProjectExampleTests" fullname="SmartFormat.Tests.OldTests.CodeProjectExampleTests" classname="SmartFormat.Tests.OldTests.CodeProjectExampleTests" runstate="Runnable" testcasecount="32" result="Passed" start-time="2016-09-13 08:02:54Z" end-time="2016-09-13 08:02:54Z" duration="0.060439" total="32" passed="32" failed="0" inconclusive="0" skipped="0" asserts="32">
            <test-case id="1032" name="AdvancedArray" fullname="SmartFormat.Tests.OldTests.CodeProjectExampleTests.AdvancedArray" methodname="AdvancedArray" classname="SmartFormat.Tests.OldTests.CodeProjectExampleTests" runstate="Runnable" seed="1854262985" result="Passed" start-time="2016-09-13 08:02:54Z" end-time="2016-09-13 08:02:54Z" duration="0.000731" asserts="1" />
            <test-case id="1033" name="AdvancedArrayUsingIndex" fullname="SmartFormat.Tests.OldTests.CodeProjectExampleTests.AdvancedArrayUsingIndex" methodname="AdvancedArrayUsingIndex" classname="SmartFormat.Tests.OldTests.CodeProjectExampleTests" runstate="Runnable" seed="939776289" result="Passed" start-time="2016-09-13 08:02:54Z" end-time="2016-09-13 08:02:54Z" duration="0.000575" asserts="1" />
            <test-case id="1008" name="ArgumentIndexes" fullname="SmartFormat.Tests.OldTests.CodeProjectExampleTests.ArgumentIndexes" methodname="ArgumentIndexes" classname="SmartFormat.Tests.OldTests.CodeProjectExampleTests" runstate="Runnable" seed="480134959" result="Passed" start-time="2016-09-13 08:02:54Z" end-time="2016-09-13 08:02:54Z" duration="0.002665" asserts="1" />
            <test-case id="1007" name="BasicArray" fullname="SmartFormat.Tests.OldTests.CodeProjectExampleTests.BasicArray" methodname="BasicArray" classname="SmartFormat.Tests.OldTests.CodeProjectExampleTests" runstate="Runnable" seed="6838429" result="Passed" start-time="2016-09-13 08:02:54Z" end-time="2016-09-13 08:02:54Z" duration="0.000700" asserts="1" />
            <test-case id="1006" name="BasicConditional" fullname="SmartFormat.Tests.OldTests.CodeProjectExampleTests.BasicConditional" methodname="BasicConditional" classname="SmartFormat.Tests.OldTests.CodeProjectExampleTests" runstate="Runnable" seed="20212674" result="Passed" start-time="2016-09-13 08:02:54Z" end-time="2016-09-13 08:02:54Z" duration="0.000389" asserts="1" />
            <test-case id="1005" name="BasicReflection" fullname="SmartFormat.Tests.OldTests.CodeProjectExampleTests.BasicReflection" methodname="BasicReflection" classname="SmartFormat.Tests.OldTests.CodeProjectExampleTests" runstate="Runnable" seed="930512839" result="Passed" start-time="2016-09-13 08:02:54Z" end-time="2016-09-13 08:02:54Z" duration="0.002381" asserts="1" />
            <test-case id="1004" name="BasicSyntax" fullname="SmartFormat.Tests.OldTests.CodeProjectExampleTests.BasicSyntax" methodname="BasicSyntax" classname="SmartFormat.Tests.OldTests.CodeProjectExampleTests" runstate="Runnable" seed="624333416" result="Passed" start-time="2016-09-13 08:02:54Z" end-time="2016-09-13 08:02:54Z" duration="0.001025" asserts="1" />
            <test-case id="1028" name="ComplexCondition" fullname="SmartFormat.Tests.OldTests.CodeProjectExampleTests.ComplexCondition" methodname="ComplexCondition" classname="SmartFormat.Tests.OldTests.CodeProjectExampleTests" runstate="Runnable" seed="1957557880" result="Passed" start-time="2016-09-13 08:02:54Z" end-time="2016-09-13 08:02:54Z" duration="0.000416" asserts="1" />
            <test-case id="1031" name="ComplexConditionFallThroughCase" fullname="SmartFormat.Tests.OldTests.CodeProjectExampleTests.ComplexConditionFallThroughCase" methodname="ComplexConditionFallThroughCase" classname="SmartFormat.Tests.OldTests.CodeProjectExampleTests" runstate="Runnable" seed="1014346644" result="Passed" start-time="2016-09-13 08:02:54Z" end-time="2016-09-13 08:02:54Z" duration="0.000364" asserts="1" />
            <test-case id="1029" name="ComplexConditionFirstMatchingCase" fullname="SmartFormat.Tests.OldTests.CodeProjectExampleTests.ComplexConditionFirstMatchingCase" methodname="ComplexConditionFirstMatchingCase" classname="SmartFormat.Tests.OldTests.CodeProjectExampleTests" runstate="Runnable" seed="423658313" result="Passed" start-time="2016-09-13 08:02:54Z" end-time="2016-09-13 08:02:54Z" duration="0.000373" asserts="1" />
            <test-case id="1030" name="ComplexConditionFirstMatchingCase_CaseInsensitive" fullname="SmartFormat.Tests.OldTests.CodeProjectExampleTests.ComplexConditionFirstMatchingCase_CaseInsensitive" methodname="ComplexConditionFirstMatchingCase_CaseInsensitive" classname="SmartFormat.Tests.OldTests.CodeProjectExampleTests" runstate="Runnable" seed="1719026248" result="Passed" start-time="2016-09-13 08:02:54Z" end-time="2016-09-13 08:02:54Z" duration="0.000481" asserts="1" />
            <test-case id="1024" name="ConditonalNumber_NegativeZeroOneOrDefault_Value0" fullname="SmartFormat.Tests.OldTests.CodeProjectExampleTests.ConditonalNumber_NegativeZeroOneOrDefault_Value0" methodname="ConditonalNumber_NegativeZeroOneOrDefault_Value0" classname="SmartFormat.Tests.OldTests.CodeProjectExampleTests" runstate="Runnable" seed="1469319706" result="Passed" start-time="2016-09-13 08:02:54Z" end-time="2016-09-13 08:02:54Z" duration="0.000297" asserts="1" />
            <test-case id="1025" name="ConditonalNumber_NegativeZeroOneOrDefault_Value1" fullname="SmartFormat.Tests.OldTests.CodeProjectExampleTests.ConditonalNumber_NegativeZeroOneOrDefault_Value1" methodname="ConditonalNumber_NegativeZeroOneOrDefault_Value1" classname="SmartFormat.Tests.OldTests.CodeProjectExampleTests" runstate="Runnable" seed="715819451" result="Passed" start-time="2016-09-13 08:02:54Z" end-time="2016-09-13 08:02:54Z" duration="0.000305" asserts="1" />
            <test-case id="1026" name="ConditonalNumber_NegativeZeroOneOrDefault_Value3" fullname="SmartFormat.Tests.OldTests.CodeProjectExampleTests.ConditonalNumber_NegativeZeroOneOrDefault_Value3" methodname="ConditonalNumber_NegativeZeroOneOrDefault_Value3" classname="SmartFormat.Tests.OldTests.CodeProjectExampleTests" runstate="Runnable" seed="454888011" result="Passed" start-time="2016-09-13 08:02:54Z" end-time="2016-09-13 08:02:54Z" duration="0.000305" asserts="1" />
            <test-case id="1027" name="ConditonalNumber_NegativeZeroOneOrDefault_ValueNegative2" fullname="SmartFormat.Tests.OldTests.CodeProjectExampleTests.ConditonalNumber_NegativeZeroOneOrDefault_ValueNegative2" methodname="ConditonalNumber_NegativeZeroOneOrDefault_ValueNegative2" classname="SmartFormat.Tests.OldTests.CodeProjectExampleTests" runstate="Runnable" seed="630202722" result="Passed" start-time="2016-09-13 08:02:54Z" end-time="2016-09-13 08:02:54Z" duration="0.000320" asserts="1" />
            <test-case id="1018" name="ConditonalNumber_OneOrDefault_Value0" fullname="SmartFormat.Tests.OldTests.CodeProjectExampleTests.ConditonalNumber_OneOrDefault_Value0" methodname="ConditonalNumber_OneOrDefault_Value0" classname="SmartFormat.Tests.OldTests.CodeProjectExampleTests" runstate="Runnable" seed="1546731778" result="Passed" start-time="2016-09-13 08:02:54Z" end-time="2016-09-13 08:02:54Z" duration="0.000304" asserts="1" />
            <test-case id="1019" name="ConditonalNumber_OneOrDefault_Value1" fullname="SmartFormat.Tests.OldTests.CodeProjectExampleTests.ConditonalNumber_OneOrDefault_Value1" methodname="ConditonalNumber_OneOrDefault_Value1" classname="SmartFormat.Tests.OldTests.CodeProjectExampleTests" runstate="Runnable" seed="340666498" result="Passed" start-time="2016-09-13 08:02:54Z" end-time="2016-09-13 08:02:54Z" duration="0.000339" asserts="1" />
            <test-case id="1020" name="ConditonalNumber_OneOrDefault_Value3" fullname="SmartFormat.Tests.OldTests.CodeProjectExampleTests.ConditonalNumber_OneOrDefault_Value3" methodname="ConditonalNumber_OneOrDefault_Value3" classname="SmartFormat.Tests.OldTests.CodeProjectExampleTests" runstate="Runnable" seed="913211962" result="Passed" start-time="2016-09-13 08:02:54Z" end-time="2016-09-13 08:02:54Z" duration="0.000836" asserts="1" />
            <test-case id="1021" name="ConditonalNumber_ZeroOneOrDefault_Value0" fullname="SmartFormat.Tests.OldTests.CodeProjectExampleTests.ConditonalNumber_ZeroOneOrDefault_Value0" methodname="ConditonalNumber_ZeroOneOrDefault_Value0" classname="SmartFormat.Tests.OldTests.CodeProjectExampleTests" runstate="Runnable" seed="977109178" result="Passed" start-time="2016-09-13 08:02:54Z" end-time="2016-09-13 08:02:54Z" duration="0.000394" asserts="1" />
            <test-case id="1022" name="ConditonalNumber_ZeroOneOrDefault_Value1" fullname="SmartFormat.Tests.OldTests.CodeProjectExampleTests.ConditonalNumber_ZeroOneOrDefault_Value1" methodname="ConditonalNumber_ZeroOneOrDefault_Value1" classname="SmartFormat.Tests.OldTests.CodeProjectExampleTests" runstate="Runnable" seed="1476964693" result="Passed" start-time="2016-09-13 08:02:54Z" end-time="2016-09-13 08:02:54Z" duration="0.000325" asserts="1" />
            <test-case id="1023" name="ConditonalNumber_ZeroOneOrDefault_Value3" fullname="SmartFormat.Tests.OldTests.CodeProjectExampleTests.ConditonalNumber_ZeroOneOrDefault_Value3" methodname="ConditonalNumber_ZeroOneOrDefault_Value3" classname="SmartFormat.Tests.OldTests.CodeProjectExampleTests" runstate="Runnable" seed="577109970" result="Passed" start-time="2016-09-13 08:02:54Z" end-time="2016-09-13 08:02:54Z" duration="0.000335" asserts="1" />
            <test-case id="1009" name="DotNotation" fullname="SmartFormat.Tests.OldTests.CodeProjectExampleTests.DotNotation" methodname="DotNotation" classname="SmartFormat.Tests.OldTests.CodeProjectExampleTests" runstate="Runnable" seed="1231038389" result="Passed" start-time="2016-09-13 08:02:54Z" end-time="2016-09-13 08:02:54Z" duration="0.000733" asserts="1" />
            <test-case id="1010" name="DotNotation_CaseInsensitive" fullname="SmartFormat.Tests.OldTests.CodeProjectExampleTests.DotNotation_CaseInsensitive" methodname="DotNotation_CaseInsensitive" classname="SmartFormat.Tests.OldTests.CodeProjectExampleTests" runstate="Runnable" seed="1911688177" result="Passed" start-time="2016-09-13 08:02:54Z" end-time="2016-09-13 08:02:54Z" duration="0.000556" asserts="1" />
            <test-case id="1034" name="EscapingDoubleBraces" fullname="SmartFormat.Tests.OldTests.CodeProjectExampleTests.EscapingDoubleBraces" methodname="EscapingDoubleBraces" classname="SmartFormat.Tests.OldTests.CodeProjectExampleTests" runstate="Runnable" seed="1584812812" result="Passed" start-time="2016-09-13 08:02:54Z" end-time="2016-09-13 08:02:54Z" duration="0.000677" asserts="1" />
            <test-case id="1035" name="EscapingSlashBraces" fullname="SmartFormat.Tests.OldTests.CodeProjectExampleTests.EscapingSlashBraces" methodname="EscapingSlashBraces" classname="SmartFormat.Tests.OldTests.CodeProjectExampleTests" runstate="Runnable" seed="1701333906" result="Passed" start-time="2016-09-13 08:02:54Z" end-time="2016-09-13 08:02:54Z" duration="0.000561" asserts="1" />
            <test-case id="1011" name="Nesting" fullname="SmartFormat.Tests.OldTests.CodeProjectExampleTests.Nesting" methodname="Nesting" classname="SmartFormat.Tests.OldTests.CodeProjectExampleTests" runstate="Runnable" seed="868509275" result="Passed" start-time="2016-09-13 08:02:54Z" end-time="2016-09-13 08:02:54Z" duration="0.000465" asserts="1" />
            <test-case id="1012" name="NestingCollection" fullname="SmartFormat.Tests.OldTests.CodeProjectExampleTests.NestingCollection" methodname="NestingCollection" classname="SmartFormat.Tests.OldTests.CodeProjectExampleTests" runstate="Runnable" seed="2019905255" result="Passed" start-time="2016-09-13 08:02:54Z" end-time="2016-09-13 08:02:54Z" duration="0.001364" asserts="1" />
            <test-case id="1013" name="NestingCollection_CaseInsensitive" fullname="SmartFormat.Tests.OldTests.CodeProjectExampleTests.NestingCollection_CaseInsensitive" methodname="NestingCollection_CaseInsensitive" classname="SmartFormat.Tests.OldTests.CodeProjectExampleTests" runstate="Runnable" seed="1726397468" result="Passed" start-time="2016-09-13 08:02:54Z" end-time="2016-09-13 08:02:54Z" duration="0.000799" asserts="1" />
            <test-case id="1017" name="OutOfScope" fullname="SmartFormat.Tests.OldTests.CodeProjectExampleTests.OutOfScope" methodname="OutOfScope" classname="SmartFormat.Tests.OldTests.CodeProjectExampleTests" runstate="Runnable" seed="1314908416" result="Passed" start-time="2016-09-13 08:02:54Z" end-time="2016-09-13 08:02:54Z" duration="0.001210" asserts="1" />
            <test-case id="1014" name="Scope" fullname="SmartFormat.Tests.OldTests.CodeProjectExampleTests.Scope" methodname="Scope" classname="SmartFormat.Tests.OldTests.CodeProjectExampleTests" runstate="Runnable" seed="1540545992" result="Passed" start-time="2016-09-13 08:02:54Z" end-time="2016-09-13 08:02:54Z" duration="0.000362" asserts="1" />
            <test-case id="1016" name="ScopeEmptyPlaceholder" fullname="SmartFormat.Tests.OldTests.CodeProjectExampleTests.ScopeEmptyPlaceholder" methodname="ScopeEmptyPlaceholder" classname="SmartFormat.Tests.OldTests.CodeProjectExampleTests" runstate="Runnable" seed="184197913" result="Passed" start-time="2016-09-13 08:02:54Z" end-time="2016-09-13 08:02:54Z" duration="0.000467" asserts="1" />
            <test-case id="1015" name="ScopeOmitFirstArgIndex" fullname="SmartFormat.Tests.OldTests.CodeProjectExampleTests.ScopeOmitFirstArgIndex" methodname="ScopeOmitFirstArgIndex" classname="SmartFormat.Tests.OldTests.CodeProjectExampleTests" runstate="Runnable" seed="2060867582" result="Passed" start-time="2016-09-13 08:02:54Z" end-time="2016-09-13 08:02:54Z" duration="0.000376" asserts="1" />
          </test-suite>
          <test-suite type="TestFixture" id="1036" name="PerformanceTests" fullname="SmartFormat.Tests.OldTests.PerformanceTests" classname="SmartFormat.Tests.OldTests.PerformanceTests" runstate="Explicit" testcasecount="1" result="Skipped" label="Explicit" site="SetUp" start-time="2016-09-13 08:02:54Z" end-time="2016-09-13 08:02:54Z" duration="0.007140" total="1" passed="0" failed="0" inconclusive="0" skipped="1" asserts="0">
            <test-case id="1037" name="PerformanceTest_ComparedTo_StringFormat" fullname="SmartFormat.Tests.OldTests.PerformanceTests.PerformanceTest_ComparedTo_StringFormat" methodname="PerformanceTest_ComparedTo_StringFormat" classname="SmartFormat.Tests.OldTests.PerformanceTests" runstate="Explicit" seed="933348647" result="Skipped" label="Explicit" site="Parent" start-time="0001-01-01 00:00:00Z" end-time="0001-01-01 00:00:00Z" duration="0.000000" asserts="0">
              <properties>
                <property name="_SKIPREASON" value="This performance test takes like 45 seconds" />
              </properties>
              <reason>
                <message><![CDATA[OneTimeSetUp: ]]></message>
              </reason>
            </test-case>
          </test-suite>
        </test-suite>
        <test-suite type="TestSuite" id="1301" name="Utilities" fullname="SmartFormat.Tests.Utilities" runstate="Runnable" testcasecount="2" result="Passed" start-time="2016-09-13 08:02:54Z" end-time="2016-09-13 08:02:54Z" duration="0.005007" total="2" passed="2" failed="0" inconclusive="0" skipped="0" asserts="6">
          <test-suite type="TestFixture" id="1000" name="FormatDelegateTests" fullname="SmartFormat.Tests.Utilities.FormatDelegateTests" classname="SmartFormat.Tests.Utilities.FormatDelegateTests" runstate="Runnable" testcasecount="2" result="Passed" start-time="2016-09-13 08:02:54Z" end-time="2016-09-13 08:02:54Z" duration="0.004352" total="2" passed="2" failed="0" inconclusive="0" skipped="0" asserts="6">
            <test-case id="1002" name="FormatDelegate_Works_WithSmartFormat" fullname="SmartFormat.Tests.Utilities.FormatDelegateTests.FormatDelegate_Works_WithSmartFormat" methodname="FormatDelegate_Works_WithSmartFormat" classname="SmartFormat.Tests.Utilities.FormatDelegateTests" runstate="Runnable" seed="341797804" result="Passed" start-time="2016-09-13 08:02:54Z" end-time="2016-09-13 08:02:54Z" duration="0.001137" asserts="3" />
            <test-case id="1001" name="FormatDelegate_Works_WithStringFormat" fullname="SmartFormat.Tests.Utilities.FormatDelegateTests.FormatDelegate_Works_WithStringFormat" methodname="FormatDelegate_Works_WithStringFormat" classname="SmartFormat.Tests.Utilities.FormatDelegateTests" runstate="Runnable" seed="760741920" result="Passed" start-time="2016-09-13 08:02:54Z" end-time="2016-09-13 08:02:54Z" duration="0.000680" asserts="3" />
          </test-suite>
        </test-suite>
      </test-suite>
    </test-suite>
  </test-suite>
</test-run>