<?xml version="1.0" encoding="utf-8"?>
<test-run id="0" testcasecount="253" result="Failed" total="253" passed="246" failed="6" inconclusive="0" skipped="1" asserts="503" portable-engine-version="3.3.0.0" start-time="2016-09-13 06:51:47Z" end-time="2016-09-13 06:51:49Z" duration="1.844954">
  <test-suite type="Assembly" id="1298" name="SmartFormat.Tests, Version=1.0.0.0, Culture=neutral, PublicKeyToken=null" fullname="SmartFormat.Tests, Version=1.0.0.0, Culture=neutral, PublicKeyToken=null" runstate="Runnable" testcasecount="253" result="Failed" site="Child" start-time="2016-09-13 06:51:48Z" end-time="2016-09-13 06:51:49Z" duration="1.529292" total="253" passed="246" failed="6" inconclusive="0" skipped="1" asserts="503">
    <settings>
      <setting name="WorkDirectory" value="C:\Temp\DotNetLibraries\SmartFormat.NET\src\SmartFormat.Tests" />
    </settings>
    <failure>
      <message><![CDATA[One or more child tests had errors]]></message>
    </failure>
    <test-suite type="TestSuite" id="1299" name="SmartFormat" fullname="SmartFormat" runstate="Runnable" testcasecount="253" result="Failed" site="Child" start-time="2016-09-13 06:51:48Z" end-time="2016-09-13 06:51:49Z" duration="1.519694" total="253" passed="246" failed="6" inconclusive="0" skipped="1" asserts="503">
      <failure>
        <message><![CDATA[One or more child tests had errors]]></message>
      </failure>
      <test-suite type="TestSuite" id="1300" name="Tests" fullname="SmartFormat.Tests" runstate="Runnable" testcasecount="253" result="Failed" site="Child" start-time="2016-09-13 06:51:48Z" end-time="2016-09-13 06:51:49Z" duration="1.519423" total="253" passed="246" failed="6" inconclusive="0" skipped="1" asserts="503">
        <failure>
          <message><![CDATA[One or more child tests had errors]]></message>
        </failure>
        <test-suite type="TestSuite" id="1304" name="Core" fullname="SmartFormat.Tests.Core" runstate="Runnable" testcasecount="93" result="Failed" site="Child" start-time="2016-09-13 06:51:48Z" end-time="2016-09-13 06:51:48Z" duration="0.540538" total="93" passed="89" failed="4" inconclusive="0" skipped="0" asserts="199">
          <failure>
            <message><![CDATA[One or more child tests had errors]]></message>
          </failure>
          <test-suite type="TestFixture" id="1191" name="FormatterTests" fullname="SmartFormat.Tests.Core.FormatterTests" classname="SmartFormat.Tests.Core.FormatterTests" runstate="Runnable" testcasecount="6" result="Passed" start-time="2016-09-13 06:51:48Z" end-time="2016-09-13 06:51:48Z" duration="0.147102" total="6" passed="6" failed="0" inconclusive="0" skipped="0" asserts="5">
            <test-case id="1197" name="Formatter_AlignNull" fullname="SmartFormat.Tests.Core.FormatterTests.Formatter_AlignNull" methodname="Formatter_AlignNull" classname="SmartFormat.Tests.Core.FormatterTests" runstate="Runnable" seed="240666593" result="Passed" start-time="2016-09-13 06:51:48Z" end-time="2016-09-13 06:51:48Z" duration="0.071054" asserts="1" />
            <test-case id="1194" name="Formatter_Ignores_Exceptions" fullname="SmartFormat.Tests.Core.FormatterTests.Formatter_Ignores_Exceptions" methodname="Formatter_Ignores_Exceptions" classname="SmartFormat.Tests.Core.FormatterTests" runstate="Runnable" seed="292836005" result="Passed" start-time="2016-09-13 06:51:48Z" end-time="2016-09-13 06:51:48Z" duration="0.004787" asserts="1" />
            <test-case id="1196" name="Formatter_Maintains_Object_Tokens" fullname="SmartFormat.Tests.Core.FormatterTests.Formatter_Maintains_Object_Tokens" methodname="Formatter_Maintains_Object_Tokens" classname="SmartFormat.Tests.Core.FormatterTests" runstate="Runnable" seed="1862980013" result="Passed" start-time="2016-09-13 06:51:48Z" end-time="2016-09-13 06:51:48Z" duration="0.001529" asserts="1" />
            <test-case id="1195" name="Formatter_Maintains_Tokens" fullname="SmartFormat.Tests.Core.FormatterTests.Formatter_Maintains_Tokens" methodname="Formatter_Maintains_Tokens" classname="SmartFormat.Tests.Core.FormatterTests" runstate="Runnable" seed="1257364408" result="Passed" start-time="2016-09-13 06:51:48Z" end-time="2016-09-13 06:51:48Z" duration="0.000666" asserts="1" />
            <test-case id="1193" name="Formatter_Outputs_Exceptions" fullname="SmartFormat.Tests.Core.FormatterTests.Formatter_Outputs_Exceptions" methodname="Formatter_Outputs_Exceptions" classname="SmartFormat.Tests.Core.FormatterTests" runstate="Runnable" seed="181086399" result="Passed" start-time="2016-09-13 06:51:48Z" end-time="2016-09-13 06:51:48Z" duration="0.000811" asserts="1" />
            <test-case id="1192" name="Formatter_Throws_Exceptions" fullname="SmartFormat.Tests.Core.FormatterTests.Formatter_Throws_Exceptions" methodname="Formatter_Throws_Exceptions" classname="SmartFormat.Tests.Core.FormatterTests" runstate="Runnable" seed="1827851099" result="Passed" start-time="2016-09-13 06:51:48Z" end-time="2016-09-13 06:51:48Z" duration="0.001562" asserts="0" />
          </test-suite>
          <test-suite type="TestFixture" id="1198" name="NamedFormatterTests_Custom" fullname="SmartFormat.Tests.Core.NamedFormatterTests_Custom" classname="SmartFormat.Tests.Core.NamedFormatterTests_Custom" runstate="Runnable" testcasecount="40" result="Failed" site="Child" start-time="2016-09-13 06:51:48Z" end-time="2016-09-13 06:51:48Z" duration="0.151596" total="40" passed="36" failed="4" inconclusive="0" skipped="0" asserts="40">
            <failure>
              <message><![CDATA[One or more child tests had errors]]></message>
            </failure>
            <test-suite type="ParameterizedMethod" id="1243" name="Implicit_formatters_require_an_empty_string" fullname="SmartFormat.Tests.Core.NamedFormatterTests_Custom.Implicit_formatters_require_an_empty_string" classname="SmartFormat.Tests.Core.NamedFormatterTests_Custom" runstate="Runnable" testcasecount="3" result="Passed" start-time="2016-09-13 06:51:48Z" end-time="2016-09-13 06:51:48Z" duration="0.008963" total="3" passed="3" failed="0" inconclusive="0" skipped="0" asserts="3">
              <test-case id="1240" name="Implicit_formatters_require_an_empty_string(&quot;{0:test2:}&quot;,5,&quot;TestExtension1 Options: , Format: &quot;)" fullname="SmartFormat.Tests.Core.NamedFormatterTests_Custom.Implicit_formatters_require_an_empty_string(&quot;{0:test2:}&quot;,5,&quot;TestExtension1 Options: , Format: &quot;)" methodname="Implicit_formatters_require_an_empty_string" classname="SmartFormat.Tests.Core.NamedFormatterTests_Custom" runstate="Runnable" seed="611687575" result="Passed" start-time="2016-09-13 06:51:48Z" end-time="2016-09-13 06:51:48Z" duration="0.002242" asserts="1" />
              <test-case id="1241" name="Implicit_formatters_require_an_empty_string(&quot;{0}&quot;,5,&quot;TestExtension2 Options: , Format: &quot;)" fullname="SmartFormat.Tests.Core.NamedFormatterTests_Custom.Implicit_formatters_require_an_empty_string(&quot;{0}&quot;,5,&quot;TestExtension2 Options: , Format: &quot;)" methodname="Implicit_formatters_require_an_empty_string" classname="SmartFormat.Tests.Core.NamedFormatterTests_Custom" runstate="Runnable" seed="1052427933" result="Passed" start-time="2016-09-13 06:51:48Z" end-time="2016-09-13 06:51:48Z" duration="0.000920" asserts="1" />
              <test-case id="1242" name="Implicit_formatters_require_an_empty_string(&quot;{0:N2}&quot;,5,&quot;TestExtension2 Options: , Format: N2&quot;)" fullname="SmartFormat.Tests.Core.NamedFormatterTests_Custom.Implicit_formatters_require_an_empty_string(&quot;{0:N2}&quot;,5,&quot;TestExtension2 Options: , Format: N2&quot;)" methodname="Implicit_formatters_require_an_empty_string" classname="SmartFormat.Tests.Core.NamedFormatterTests_Custom" runstate="Runnable" seed="1199162792" result="Passed" start-time="2016-09-13 06:51:48Z" end-time="2016-09-13 06:51:48Z" duration="0.000176" asserts="1" />
            </test-suite>
            <test-suite type="ParameterizedMethod" id="1215" name="Invoke_extensions_by_name_or_shortname" fullname="SmartFormat.Tests.Core.NamedFormatterTests_Custom.Invoke_extensions_by_name_or_shortname" classname="SmartFormat.Tests.Core.NamedFormatterTests_Custom" runstate="Runnable" testcasecount="16" result="Failed" site="Child" start-time="2016-09-13 06:51:48Z" end-time="2016-09-13 06:51:48Z" duration="0.094160" total="16" passed="14" failed="2" inconclusive="0" skipped="0" asserts="16">
              <failure>
                <message><![CDATA[One or more child tests had errors]]></message>
              </failure>
              <test-case id="1199" name="Invoke_extensions_by_name_or_shortname(&quot;{0:conditional:zero|one|two}&quot;,0,&quot;zero&quot;)" fullname="SmartFormat.Tests.Core.NamedFormatterTests_Custom.Invoke_extensions_by_name_or_shortname(&quot;{0:conditional:zero|one|two}&quot;,0,&quot;zero&quot;)" methodname="Invoke_extensions_by_name_or_shortname" classname="SmartFormat.Tests.Core.NamedFormatterTests_Custom" runstate="Runnable" seed="1892377014" result="Passed" start-time="2016-09-13 06:51:48Z" end-time="2016-09-13 06:51:48Z" duration="0.005510" asserts="1" />
              <test-case id="1200" name="Invoke_extensions_by_name_or_shortname(&quot;{0:conditional:zero|one|two}&quot;,1,&quot;one&quot;)" fullname="SmartFormat.Tests.Core.NamedFormatterTests_Custom.Invoke_extensions_by_name_or_shortname(&quot;{0:conditional:zero|one|two}&quot;,1,&quot;one&quot;)" methodname="Invoke_extensions_by_name_or_shortname" classname="SmartFormat.Tests.Core.NamedFormatterTests_Custom" runstate="Runnable" seed="1441190538" result="Passed" start-time="2016-09-13 06:51:48Z" end-time="2016-09-13 06:51:48Z" duration="0.000308" asserts="1" />
              <test-case id="1201" name="Invoke_extensions_by_name_or_shortname(&quot;{0:conditional:zero|one|two}&quot;,2,&quot;two&quot;)" fullname="SmartFormat.Tests.Core.NamedFormatterTests_Custom.Invoke_extensions_by_name_or_shortname(&quot;{0:conditional:zero|one|two}&quot;,2,&quot;two&quot;)" methodname="Invoke_extensions_by_name_or_shortname" classname="SmartFormat.Tests.Core.NamedFormatterTests_Custom" runstate="Runnable" seed="87586520" result="Passed" start-time="2016-09-13 06:51:48Z" end-time="2016-09-13 06:51:48Z" duration="0.000416" asserts="1" />
              <test-case id="1202" name="Invoke_extensions_by_name_or_shortname(&quot;{0:cond:zero|one|two}&quot;,0,&quot;zero&quot;)" fullname="SmartFormat.Tests.Core.NamedFormatterTests_Custom.Invoke_extensions_by_name_or_shortname(&quot;{0:cond:zero|one|two}&quot;,0,&quot;zero&quot;)" methodname="Invoke_extensions_by_name_or_shortname" classname="SmartFormat.Tests.Core.NamedFormatterTests_Custom" runstate="Runnable" seed="401432349" result="Passed" start-time="2016-09-13 06:51:48Z" end-time="2016-09-13 06:51:48Z" duration="0.000219" asserts="1" />
              <test-case id="1203" name="Invoke_extensions_by_name_or_shortname(&quot;{0:cond:zero|one|two}&quot;,1,&quot;one&quot;)" fullname="SmartFormat.Tests.Core.NamedFormatterTests_Custom.Invoke_extensions_by_name_or_shortname(&quot;{0:cond:zero|one|two}&quot;,1,&quot;one&quot;)" methodname="Invoke_extensions_by_name_or_shortname" classname="SmartFormat.Tests.Core.NamedFormatterTests_Custom" runstate="Runnable" seed="1196036963" result="Passed" start-time="2016-09-13 06:51:48Z" end-time="2016-09-13 06:51:48Z" duration="0.000437" asserts="1" />
              <test-case id="1204" name="Invoke_extensions_by_name_or_shortname(&quot;{0:cond:zero|one|two}&quot;,2,&quot;two&quot;)" fullname="SmartFormat.Tests.Core.NamedFormatterTests_Custom.Invoke_extensions_by_name_or_shortname(&quot;{0:cond:zero|one|two}&quot;,2,&quot;two&quot;)" methodname="Invoke_extensions_by_name_or_shortname" classname="SmartFormat.Tests.Core.NamedFormatterTests_Custom" runstate="Runnable" seed="681905294" result="Passed" start-time="2016-09-13 06:51:48Z" end-time="2016-09-13 06:51:48Z" duration="0.000302" asserts="1" />
              <test-case id="1205" name="Invoke_extensions_by_name_or_shortname(&quot;{0:plural:one|many}&quot;,1,&quot;one&quot;)" fullname="SmartFormat.Tests.Core.NamedFormatterTests_Custom.Invoke_extensions_by_name_or_shortname(&quot;{0:plural:one|many}&quot;,1,&quot;one&quot;)" methodname="Invoke_extensions_by_name_or_shortname" classname="SmartFormat.Tests.Core.NamedFormatterTests_Custom" runstate="Runnable" seed="445085835" result="Passed" start-time="2016-09-13 06:51:48Z" end-time="2016-09-13 06:51:48Z" duration="0.001460" asserts="1" />
              <test-case id="1206" name="Invoke_extensions_by_name_or_shortname(&quot;{0:plural:one|many}&quot;,2,&quot;many&quot;)" fullname="SmartFormat.Tests.Core.NamedFormatterTests_Custom.Invoke_extensions_by_name_or_shortname(&quot;{0:plural:one|many}&quot;,2,&quot;many&quot;)" methodname="Invoke_extensions_by_name_or_shortname" classname="SmartFormat.Tests.Core.NamedFormatterTests_Custom" runstate="Runnable" seed="1155845566" result="Passed" start-time="2016-09-13 06:51:48Z" end-time="2016-09-13 06:51:48Z" duration="0.000211" asserts="1" />
              <test-case id="1207" name="Invoke_extensions_by_name_or_shortname(&quot;{0:p:one|many}&quot;,1,&quot;one&quot;)" fullname="SmartFormat.Tests.Core.NamedFormatterTests_Custom.Invoke_extensions_by_name_or_shortname(&quot;{0:p:one|many}&quot;,1,&quot;one&quot;)" methodname="Invoke_extensions_by_name_or_shortname" classname="SmartFormat.Tests.Core.NamedFormatterTests_Custom" runstate="Runnable" seed="1849636532" result="Passed" start-time="2016-09-13 06:51:48Z" end-time="2016-09-13 06:51:48Z" duration="0.000163" asserts="1" />
              <test-case id="1208" name="Invoke_extensions_by_name_or_shortname(&quot;{0:p:one|many}&quot;,2,&quot;many&quot;)" fullname="SmartFormat.Tests.Core.NamedFormatterTests_Custom.Invoke_extensions_by_name_or_shortname(&quot;{0:p:one|many}&quot;,2,&quot;many&quot;)" methodname="Invoke_extensions_by_name_or_shortname" classname="SmartFormat.Tests.Core.NamedFormatterTests_Custom" runstate="Runnable" seed="2025185579" result="Passed" start-time="2016-09-13 06:51:48Z" end-time="2016-09-13 06:51:48Z" duration="0.000343" asserts="1" />
              <test-case id="1209" name="Invoke_extensions_by_name_or_shortname(&quot;{0:list:+{}|, |, and }&quot;,System.Int32[],&quot;+1, +2, and +3&quot;)" fullname="SmartFormat.Tests.Core.NamedFormatterTests_Custom.Invoke_extensions_by_name_or_shortname(&quot;{0:list:+{}|, |, and }&quot;,System.Int32[],&quot;+1, +2, and +3&quot;)" methodname="Invoke_extensions_by_name_or_shortname" classname="SmartFormat.Tests.Core.NamedFormatterTests_Custom" runstate="Runnable" seed="1134118209" result="Passed" start-time="2016-09-13 06:51:48Z" end-time="2016-09-13 06:51:48Z" duration="0.008269" asserts="1" />
              <test-case id="1210" name="Invoke_extensions_by_name_or_shortname(&quot;{0:l:+{}|, |, and }&quot;,System.Int32[],&quot;+1, +2, and +3&quot;)" fullname="SmartFormat.Tests.Core.NamedFormatterTests_Custom.Invoke_extensions_by_name_or_shortname(&quot;{0:l:+{}|, |, and }&quot;,System.Int32[],&quot;+1, +2, and +3&quot;)" methodname="Invoke_extensions_by_name_or_shortname" classname="SmartFormat.Tests.Core.NamedFormatterTests_Custom" runstate="Runnable" seed="543273854" result="Passed" start-time="2016-09-13 06:51:48Z" end-time="2016-09-13 06:51:48Z" duration="0.000425" asserts="1" />
              <test-case id="1211" name="Invoke_extensions_by_name_or_shortname(&quot;{0:default()}&quot;,5,&quot;5&quot;)" fullname="SmartFormat.Tests.Core.NamedFormatterTests_Custom.Invoke_extensions_by_name_or_shortname(&quot;{0:default()}&quot;,5,&quot;5&quot;)" methodname="Invoke_extensions_by_name_or_shortname" classname="SmartFormat.Tests.Core.NamedFormatterTests_Custom" runstate="Runnable" seed="2102690790" result="Passed" start-time="2016-09-13 06:51:48Z" end-time="2016-09-13 06:51:48Z" duration="0.000308" asserts="1" />
              <test-case id="1212" name="Invoke_extensions_by_name_or_shortname(&quot;{0:default:N2}&quot;,5,&quot;5.00&quot;)" fullname="SmartFormat.Tests.Core.NamedFormatterTests_Custom.Invoke_extensions_by_name_or_shortname(&quot;{0:default:N2}&quot;,5,&quot;5.00&quot;)" methodname="Invoke_extensions_by_name_or_shortname" classname="SmartFormat.Tests.Core.NamedFormatterTests_Custom" runstate="Runnable" seed="1194889304" result="Failed" start-time="2016-09-13 06:51:48Z" end-time="2016-09-13 06:51:48Z" duration="0.045606" asserts="1">
                <failure>
                  <message><![CDATA[  String lengths are both 4. Strings differ at index 1.
  Expected: "5.00"
  But was:  "5,00"
  ------------^
]]></message>
                  <stack-trace><![CDATA[at SmartFormat.Tests.Core.NamedFormatterTests_Custom.Invoke_extensions_by_name_or_shortname(String format, Object arg0, String expectedResult) in C:\Temp\DotNetLibraries\SmartFormat.NET\src\SmartFormat.Tests\Core\NamedFormatterTests.cs:line 37
]]></stack-trace>
                </failure>
              </test-case>
              <test-case id="1213" name="Invoke_extensions_by_name_or_shortname(&quot;{0:d()}&quot;,5,&quot;5&quot;)" fullname="SmartFormat.Tests.Core.NamedFormatterTests_Custom.Invoke_extensions_by_name_or_shortname(&quot;{0:d()}&quot;,5,&quot;5&quot;)" methodname="Invoke_extensions_by_name_or_shortname" classname="SmartFormat.Tests.Core.NamedFormatterTests_Custom" runstate="Runnable" seed="413868842" result="Passed" start-time="2016-09-13 06:51:48Z" end-time="2016-09-13 06:51:48Z" duration="0.000216" asserts="1" />
              <test-case id="1214" name="Invoke_extensions_by_name_or_shortname(&quot;{0:d:N2}&quot;,5,&quot;5.00&quot;)" fullname="SmartFormat.Tests.Core.NamedFormatterTests_Custom.Invoke_extensions_by_name_or_shortname(&quot;{0:d:N2}&quot;,5,&quot;5.00&quot;)" methodname="Invoke_extensions_by_name_or_shortname" classname="SmartFormat.Tests.Core.NamedFormatterTests_Custom" runstate="Runnable" seed="656979587" result="Failed" start-time="2016-09-13 06:51:48Z" end-time="2016-09-13 06:51:48Z" duration="0.001290" asserts="1">
                <failure>
                  <message><![CDATA[  String lengths are both 4. Strings differ at index 1.
  Expected: "5.00"
  But was:  "5,00"
  ------------^
]]></message>
                  <stack-trace><![CDATA[at SmartFormat.Tests.Core.NamedFormatterTests_Custom.Invoke_extensions_by_name_or_shortname(String format, Object arg0, String expectedResult) in C:\Temp\DotNetLibraries\SmartFormat.NET\src\SmartFormat.Tests\Core\NamedFormatterTests.cs:line 37
]]></stack-trace>
                </failure>
              </test-case>
            </test-suite>
            <test-suite type="ParameterizedMethod" id="1235" name="NamedFormatter_invokes_a_specific_formatter" fullname="SmartFormat.Tests.Core.NamedFormatterTests_Custom.NamedFormatter_invokes_a_specific_formatter" classname="SmartFormat.Tests.Core.NamedFormatterTests_Custom" runstate="Runnable" testcasecount="16" result="Failed" site="Child" start-time="2016-09-13 06:51:48Z" end-time="2016-09-13 06:51:48Z" duration="0.032552" total="16" passed="14" failed="2" inconclusive="0" skipped="0" asserts="16">
              <failure>
                <message><![CDATA[One or more child tests had errors]]></message>
              </failure>
              <test-case id="1219" name="NamedFormatter_invokes_a_specific_formatter(&quot;{0:test1:}&quot;,5,&quot;TestExtension1 Options: , Format: &quot;)" fullname="SmartFormat.Tests.Core.NamedFormatterTests_Custom.NamedFormatter_invokes_a_specific_formatter(&quot;{0:test1:}&quot;,5,&quot;TestExtension1 Options: , Format: &quot;)" methodname="NamedFormatter_invokes_a_specific_formatter" classname="SmartFormat.Tests.Core.NamedFormatterTests_Custom" runstate="Runnable" seed="1749557953" result="Passed" start-time="2016-09-13 06:51:48Z" end-time="2016-09-13 06:51:48Z" duration="0.000352" asserts="1" />
              <test-case id="1220" name="NamedFormatter_invokes_a_specific_formatter(&quot;{0:test1():}&quot;,5,&quot;TestExtension1 Options: , Format: &quot;)" fullname="SmartFormat.Tests.Core.NamedFormatterTests_Custom.NamedFormatter_invokes_a_specific_formatter(&quot;{0:test1():}&quot;,5,&quot;TestExtension1 Options: , Format: &quot;)" methodname="NamedFormatter_invokes_a_specific_formatter" classname="SmartFormat.Tests.Core.NamedFormatterTests_Custom" runstate="Runnable" seed="1355176304" result="Passed" start-time="2016-09-13 06:51:48Z" end-time="2016-09-13 06:51:48Z" duration="0.000160" asserts="1" />
              <test-case id="1221" name="NamedFormatter_invokes_a_specific_formatter(&quot;{0:test1:N2}&quot;,5,&quot;TestExtension1 Options: , Format: N2&quot;)" fullname="SmartFormat.Tests.Core.NamedFormatterTests_Custom.NamedFormatter_invokes_a_specific_formatter(&quot;{0:test1:N2}&quot;,5,&quot;TestExtension1 Options: , Format: N2&quot;)" methodname="NamedFormatter_invokes_a_specific_formatter" classname="SmartFormat.Tests.Core.NamedFormatterTests_Custom" runstate="Runnable" seed="34883255" result="Passed" start-time="2016-09-13 06:51:48Z" end-time="2016-09-13 06:51:48Z" duration="0.000216" asserts="1" />
              <test-case id="1222" name="NamedFormatter_invokes_a_specific_formatter(&quot;{0:test1():N2}&quot;,5,&quot;TestExtension1 Options: , Format: N2&quot;)" fullname="SmartFormat.Tests.Core.NamedFormatterTests_Custom.NamedFormatter_invokes_a_specific_formatter(&quot;{0:test1():N2}&quot;,5,&quot;TestExtension1 Options: , Format: N2&quot;)" methodname="NamedFormatter_invokes_a_specific_formatter" classname="SmartFormat.Tests.Core.NamedFormatterTests_Custom" runstate="Runnable" seed="839424501" result="Passed" start-time="2016-09-13 06:51:48Z" end-time="2016-09-13 06:51:48Z" duration="0.000297" asserts="1" />
              <test-case id="1223" name="NamedFormatter_invokes_a_specific_formatter(&quot;{0:test1(a,b,c):}&quot;,5,&quot;TestExtension1 Options: a,b,c, Format: &quot;)" fullname="SmartFormat.Tests.Core.NamedFormatterTests_Custom.NamedFormatter_invokes_a_specific_formatter(&quot;{0:test1(a,b,c):}&quot;,5,&quot;TestExtension1 Options: a,b,c, Format: &quot;)" methodname="NamedFormatter_invokes_a_specific_formatter" classname="SmartFormat.Tests.Core.NamedFormatterTests_Custom" runstate="Runnable" seed="1815974771" result="Passed" start-time="2016-09-13 06:51:48Z" end-time="2016-09-13 06:51:48Z" duration="0.000307" asserts="1" />
              <test-case id="1224" name="NamedFormatter_invokes_a_specific_formatter(&quot;{0:test1(a,b,c):N2}&quot;,5,&quot;TestExtension1 Options: a,b,c, Format: N2&quot;)" fullname="SmartFormat.Tests.Core.NamedFormatterTests_Custom.NamedFormatter_invokes_a_specific_formatter(&quot;{0:test1(a,b,c):N2}&quot;,5,&quot;TestExtension1 Options: a,b,c, Format: N2&quot;)" methodname="NamedFormatter_invokes_a_specific_formatter" classname="SmartFormat.Tests.Core.NamedFormatterTests_Custom" runstate="Runnable" seed="1937678103" result="Passed" start-time="2016-09-13 06:51:48Z" end-time="2016-09-13 06:51:48Z" duration="0.000185" asserts="1" />
              <test-case id="1225" name="NamedFormatter_invokes_a_specific_formatter(&quot;{0:test2:}&quot;,5,&quot;TestExtension2 Options: , Format: &quot;)" fullname="SmartFormat.Tests.Core.NamedFormatterTests_Custom.NamedFormatter_invokes_a_specific_formatter(&quot;{0:test2:}&quot;,5,&quot;TestExtension2 Options: , Format: &quot;)" methodname="NamedFormatter_invokes_a_specific_formatter" classname="SmartFormat.Tests.Core.NamedFormatterTests_Custom" runstate="Runnable" seed="1796777763" result="Passed" start-time="2016-09-13 06:51:48Z" end-time="2016-09-13 06:51:48Z" duration="0.000312" asserts="1" />
              <test-case id="1226" name="NamedFormatter_invokes_a_specific_formatter(&quot;{0:test2():}&quot;,5,&quot;TestExtension2 Options: , Format: &quot;)" fullname="SmartFormat.Tests.Core.NamedFormatterTests_Custom.NamedFormatter_invokes_a_specific_formatter(&quot;{0:test2():}&quot;,5,&quot;TestExtension2 Options: , Format: &quot;)" methodname="NamedFormatter_invokes_a_specific_formatter" classname="SmartFormat.Tests.Core.NamedFormatterTests_Custom" runstate="Runnable" seed="2067928589" result="Passed" start-time="2016-09-13 06:51:48Z" end-time="2016-09-13 06:51:48Z" duration="0.000210" asserts="1" />
              <test-case id="1227" name="NamedFormatter_invokes_a_specific_formatter(&quot;{0:test2:N2}&quot;,5,&quot;TestExtension2 Options: , Format: N2&quot;)" fullname="SmartFormat.Tests.Core.NamedFormatterTests_Custom.NamedFormatter_invokes_a_specific_formatter(&quot;{0:test2:N2}&quot;,5,&quot;TestExtension2 Options: , Format: N2&quot;)" methodname="NamedFormatter_invokes_a_specific_formatter" classname="SmartFormat.Tests.Core.NamedFormatterTests_Custom" runstate="Runnable" seed="1000115454" result="Passed" start-time="2016-09-13 06:51:48Z" end-time="2016-09-13 06:51:48Z" duration="0.000205" asserts="1" />
              <test-case id="1228" name="NamedFormatter_invokes_a_specific_formatter(&quot;{0:test2():N2}&quot;,5,&quot;TestExtension2 Options: , Format: N2&quot;)" fullname="SmartFormat.Tests.Core.NamedFormatterTests_Custom.NamedFormatter_invokes_a_specific_formatter(&quot;{0:test2():N2}&quot;,5,&quot;TestExtension2 Options: , Format: N2&quot;)" methodname="NamedFormatter_invokes_a_specific_formatter" classname="SmartFormat.Tests.Core.NamedFormatterTests_Custom" runstate="Runnable" seed="433905975" result="Passed" start-time="2016-09-13 06:51:48Z" end-time="2016-09-13 06:51:48Z" duration="0.000213" asserts="1" />
              <test-case id="1229" name="NamedFormatter_invokes_a_specific_formatter(&quot;{0:test2(a,b,c):}&quot;,5,&quot;TestExtension2 Options: a,b,c, Format: &quot;)" fullname="SmartFormat.Tests.Core.NamedFormatterTests_Custom.NamedFormatter_invokes_a_specific_formatter(&quot;{0:test2(a,b,c):}&quot;,5,&quot;TestExtension2 Options: a,b,c, Format: &quot;)" methodname="NamedFormatter_invokes_a_specific_formatter" classname="SmartFormat.Tests.Core.NamedFormatterTests_Custom" runstate="Runnable" seed="462284938" result="Passed" start-time="2016-09-13 06:51:48Z" end-time="2016-09-13 06:51:48Z" duration="0.000293" asserts="1" />
              <test-case id="1230" name="NamedFormatter_invokes_a_specific_formatter(&quot;{0:test2(a,b,c):N2}&quot;,5,&quot;TestExtension2 Options: a,b,c, Format: N2&quot;)" fullname="SmartFormat.Tests.Core.NamedFormatterTests_Custom.NamedFormatter_invokes_a_specific_formatter(&quot;{0:test2(a,b,c):N2}&quot;,5,&quot;TestExtension2 Options: a,b,c, Format: N2&quot;)" methodname="NamedFormatter_invokes_a_specific_formatter" classname="SmartFormat.Tests.Core.NamedFormatterTests_Custom" runstate="Runnable" seed="144013850" result="Passed" start-time="2016-09-13 06:51:48Z" end-time="2016-09-13 06:51:48Z" duration="0.000380" asserts="1" />
              <test-case id="1231" name="NamedFormatter_invokes_a_specific_formatter(&quot;{0:default:}&quot;,5,&quot;5&quot;)" fullname="SmartFormat.Tests.Core.NamedFormatterTests_Custom.NamedFormatter_invokes_a_specific_formatter(&quot;{0:default:}&quot;,5,&quot;5&quot;)" methodname="NamedFormatter_invokes_a_specific_formatter" classname="SmartFormat.Tests.Core.NamedFormatterTests_Custom" runstate="Runnable" seed="2008394327" result="Passed" start-time="2016-09-13 06:51:48Z" end-time="2016-09-13 06:51:48Z" duration="0.000301" asserts="1" />
              <test-case id="1232" name="NamedFormatter_invokes_a_specific_formatter(&quot;{0:default():}&quot;,5,&quot;5&quot;)" fullname="SmartFormat.Tests.Core.NamedFormatterTests_Custom.NamedFormatter_invokes_a_specific_formatter(&quot;{0:default():}&quot;,5,&quot;5&quot;)" methodname="NamedFormatter_invokes_a_specific_formatter" classname="SmartFormat.Tests.Core.NamedFormatterTests_Custom" runstate="Runnable" seed="237628565" result="Passed" start-time="2016-09-13 06:51:48Z" end-time="2016-09-13 06:51:48Z" duration="0.000221" asserts="1" />
              <test-case id="1233" name="NamedFormatter_invokes_a_specific_formatter(&quot;{0:default:N2}&quot;,5,&quot;5.00&quot;)" fullname="SmartFormat.Tests.Core.NamedFormatterTests_Custom.NamedFormatter_invokes_a_specific_formatter(&quot;{0:default:N2}&quot;,5,&quot;5.00&quot;)" methodname="NamedFormatter_invokes_a_specific_formatter" classname="SmartFormat.Tests.Core.NamedFormatterTests_Custom" runstate="Runnable" seed="1383171772" result="Failed" start-time="2016-09-13 06:51:48Z" end-time="2016-09-13 06:51:48Z" duration="0.001490" asserts="1">
                <failure>
                  <message><![CDATA[  String lengths are both 4. Strings differ at index 1.
  Expected: "5.00"
  But was:  "5,00"
  ------------^
]]></message>
                  <stack-trace><![CDATA[at SmartFormat.Tests.Core.NamedFormatterTests_Custom.NamedFormatter_invokes_a_specific_formatter(String format, Object arg0, String expectedResult) in C:\Temp\DotNetLibraries\SmartFormat.NET\src\SmartFormat.Tests\Core\NamedFormatterTests.cs:line 77
]]></stack-trace>
                </failure>
              </test-case>
              <test-case id="1234" name="NamedFormatter_invokes_a_specific_formatter(&quot;{0:default():N2}&quot;,5,&quot;5.00&quot;)" fullname="SmartFormat.Tests.Core.NamedFormatterTests_Custom.NamedFormatter_invokes_a_specific_formatter(&quot;{0:default():N2}&quot;,5,&quot;5.00&quot;)" methodname="NamedFormatter_invokes_a_specific_formatter" classname="SmartFormat.Tests.Core.NamedFormatterTests_Custom" runstate="Runnable" seed="850201713" result="Failed" start-time="2016-09-13 06:51:48Z" end-time="2016-09-13 06:51:48Z" duration="0.001705" asserts="1">
                <failure>
                  <message><![CDATA[  String lengths are both 4. Strings differ at index 1.
  Expected: "5.00"
  But was:  "5,00"
  ------------^
]]></message>
                  <stack-trace><![CDATA[at SmartFormat.Tests.Core.NamedFormatterTests_Custom.NamedFormatter_invokes_a_specific_formatter(String format, Object arg0, String expectedResult) in C:\Temp\DotNetLibraries\SmartFormat.NET\src\SmartFormat.Tests\Core\NamedFormatterTests.cs:line 77
]]></stack-trace>
                </failure>
              </test-case>
            </test-suite>
            <test-suite type="ParameterizedMethod" id="1239" name="Unhandled_formats_throw" fullname="SmartFormat.Tests.Core.NamedFormatterTests_Custom.Unhandled_formats_throw" classname="SmartFormat.Tests.Core.NamedFormatterTests_Custom" runstate="Runnable" testcasecount="3" result="Passed" start-time="2016-09-13 06:51:48Z" end-time="2016-09-13 06:51:48Z" duration="0.008569" total="3" passed="3" failed="0" inconclusive="0" skipped="0" asserts="3">
              <test-case id="1236" name="Unhandled_formats_throw(&quot;{0:invalid:}&quot;)" fullname="SmartFormat.Tests.Core.NamedFormatterTests_Custom.Unhandled_formats_throw(&quot;{0:invalid:}&quot;)" methodname="Unhandled_formats_throw" classname="SmartFormat.Tests.Core.NamedFormatterTests_Custom" runstate="Runnable" seed="1816184200" result="Passed" start-time="2016-09-13 06:51:48Z" end-time="2016-09-13 06:51:48Z" duration="0.004727" asserts="1" />
              <test-case id="1237" name="Unhandled_formats_throw(&quot;{0:invalid():}&quot;)" fullname="SmartFormat.Tests.Core.NamedFormatterTests_Custom.Unhandled_formats_throw(&quot;{0:invalid():}&quot;)" methodname="Unhandled_formats_throw" classname="SmartFormat.Tests.Core.NamedFormatterTests_Custom" runstate="Runnable" seed="902904767" result="Passed" start-time="2016-09-13 06:51:48Z" end-time="2016-09-13 06:51:48Z" duration="0.000270" asserts="1" />
              <test-case id="1238" name="Unhandled_formats_throw(&quot;{0:invalid(___):___}&quot;)" fullname="SmartFormat.Tests.Core.NamedFormatterTests_Custom.Unhandled_formats_throw(&quot;{0:invalid(___):___}&quot;)" methodname="Unhandled_formats_throw" classname="SmartFormat.Tests.Core.NamedFormatterTests_Custom" runstate="Runnable" seed="84084519" result="Passed" start-time="2016-09-13 06:51:48Z" end-time="2016-09-13 06:51:48Z" duration="0.000189" asserts="1" />
            </test-suite>
            <test-suite type="ParameterizedMethod" id="1218" name="Without_NamedFormatter_extensions_are_invoked_in_order" fullname="SmartFormat.Tests.Core.NamedFormatterTests_Custom.Without_NamedFormatter_extensions_are_invoked_in_order" classname="SmartFormat.Tests.Core.NamedFormatterTests_Custom" runstate="Runnable" testcasecount="2" result="Passed" start-time="2016-09-13 06:51:48Z" end-time="2016-09-13 06:51:48Z" duration="0.003064" total="2" passed="2" failed="0" inconclusive="0" skipped="0" asserts="2">
              <test-case id="1216" name="Without_NamedFormatter_extensions_are_invoked_in_order(&quot;{0}&quot;,5,&quot;TestExtension1 Options: , Format: &quot;)" fullname="SmartFormat.Tests.Core.NamedFormatterTests_Custom.Without_NamedFormatter_extensions_are_invoked_in_order(&quot;{0}&quot;,5,&quot;TestExtension1 Options: , Format: &quot;)" methodname="Without_NamedFormatter_extensions_are_invoked_in_order" classname="SmartFormat.Tests.Core.NamedFormatterTests_Custom" runstate="Runnable" seed="1950972331" result="Passed" start-time="2016-09-13 06:51:48Z" end-time="2016-09-13 06:51:48Z" duration="0.000357" asserts="1" />
              <test-case id="1217" name="Without_NamedFormatter_extensions_are_invoked_in_order(&quot;{0:N2}&quot;,5,&quot;TestExtension1 Options: , Format: N2&quot;)" fullname="SmartFormat.Tests.Core.NamedFormatterTests_Custom.Without_NamedFormatter_extensions_are_invoked_in_order(&quot;{0:N2}&quot;,5,&quot;TestExtension1 Options: , Format: N2&quot;)" methodname="Without_NamedFormatter_extensions_are_invoked_in_order" classname="SmartFormat.Tests.Core.NamedFormatterTests_Custom" runstate="Runnable" seed="1641641201" result="Passed" start-time="2016-09-13 06:51:48Z" end-time="2016-09-13 06:51:48Z" duration="0.000181" asserts="1" />
            </test-suite>
          </test-suite>
          <test-suite type="TestFixture" id="1244" name="NestingTests" fullname="SmartFormat.Tests.Core.NestingTests" classname="SmartFormat.Tests.Core.NestingTests" runstate="Runnable" testcasecount="6" result="Passed" start-time="2016-09-13 06:51:48Z" end-time="2016-09-13 06:51:48Z" duration="0.022254" total="6" passed="6" failed="0" inconclusive="0" skipped="0" asserts="6">
            <test-suite type="ParameterizedMethod" id="1252" name="Nesting_can_access_outer_scopes" fullname="SmartFormat.Tests.Core.NestingTests.Nesting_can_access_outer_scopes" classname="SmartFormat.Tests.Core.NestingTests" runstate="Runnable" testcasecount="4" result="Passed" start-time="2016-09-13 06:51:48Z" end-time="2016-09-13 06:51:48Z" duration="0.009491" total="4" passed="4" failed="0" inconclusive="0" skipped="0" asserts="4">
              <test-case id="1248" name="Nesting_can_access_outer_scopes(&quot;{ChildOne.ChildTwo.ChildThree: {Four} {One} }&quot;,&quot; 4 1 &quot;)" fullname="SmartFormat.Tests.Core.NestingTests.Nesting_can_access_outer_scopes(&quot;{ChildOne.ChildTwo.ChildThree: {Four} {One} }&quot;,&quot; 4 1 &quot;)" methodname="Nesting_can_access_outer_scopes" classname="SmartFormat.Tests.Core.NestingTests" runstate="Runnable" seed="373026807" result="Passed" start-time="2016-09-13 06:51:48Z" end-time="2016-09-13 06:51:48Z" duration="0.002200" asserts="1" />
              <test-case id="1249" name="Nesting_can_access_outer_scopes(&quot;{ChildOne: {ChildTwo: {ChildThree: {Four} {Three} {Two} {One} } } }&quot;,&quot;   4 3 2 1   &quot;)" fullname="SmartFormat.Tests.Core.NestingTests.Nesting_can_access_outer_scopes(&quot;{ChildOne: {ChildTwo: {ChildThree: {Four} {Three} {Two} {One} } } }&quot;,&quot;   4 3 2 1   &quot;)" methodname="Nesting_can_access_outer_scopes" classname="SmartFormat.Tests.Core.NestingTests" runstate="Runnable" seed="1333077540" result="Passed" start-time="2016-09-13 06:51:48Z" end-time="2016-09-13 06:51:48Z" duration="0.000754" asserts="1" />
              <test-case id="1250" name="Nesting_can_access_outer_scopes(&quot;{ChildOne: {ChildTwo: {ChildThree: {Four} {ChildTwo.Three} {ChildOne.Two} {One} } } }&quot;,&quot;   4 3 2 1   &quot;)" fullname="SmartFormat.Tests.Core.NestingTests.Nesting_can_access_outer_scopes(&quot;{ChildOne: {ChildTwo: {ChildThree: {Four} {ChildTwo.Three} {ChildOne.Two} {One} } } }&quot;,&quot;   4 3 2 1   &quot;)" methodname="Nesting_can_access_outer_scopes" classname="SmartFormat.Tests.Core.NestingTests" runstate="Runnable" seed="747953285" result="Passed" start-time="2016-09-13 06:51:48Z" end-time="2016-09-13 06:51:48Z" duration="0.001000" asserts="1" />
              <test-case id="1251" name="Nesting_can_access_outer_scopes(&quot;{ChildOne: {ChildTwo: {ChildThree: {ChildOne: {ChildTwo: {ChildThree: {Four} } } } } } }&quot;,&quot;      4      &quot;)" fullname="SmartFormat.Tests.Core.NestingTests.Nesting_can_access_outer_scopes(&quot;{ChildOne: {ChildTwo: {ChildThree: {ChildOne: {ChildTwo: {ChildThree: {Four} } } } } } }&quot;,&quot;      4      &quot;)" methodname="Nesting_can_access_outer_scopes" classname="SmartFormat.Tests.Core.NestingTests" runstate="Runnable" seed="1066865041" result="Passed" start-time="2016-09-13 06:51:48Z" end-time="2016-09-13 06:51:48Z" duration="0.000418" asserts="1" />
            </test-suite>
            <test-suite type="ParameterizedMethod" id="1247" name="Nesting_can_access_root_via_number" fullname="SmartFormat.Tests.Core.NestingTests.Nesting_can_access_root_via_number" classname="SmartFormat.Tests.Core.NestingTests" runstate="Runnable" testcasecount="2" result="Passed" start-time="2016-09-13 06:51:48Z" end-time="2016-09-13 06:51:48Z" duration="0.008928" total="2" passed="2" failed="0" inconclusive="0" skipped="0" asserts="2">
              <test-case id="1245" name="Nesting_can_access_root_via_number(&quot;{ChildOne.ChildTwo: {Three} {0.One} }&quot;,&quot; 3 1 &quot;)" fullname="SmartFormat.Tests.Core.NestingTests.Nesting_can_access_root_via_number(&quot;{ChildOne.ChildTwo: {Three} {0.One} }&quot;,&quot; 3 1 &quot;)" methodname="Nesting_can_access_root_via_number" classname="SmartFormat.Tests.Core.NestingTests" runstate="Runnable" seed="1875391128" result="Passed" start-time="2016-09-13 06:51:48Z" end-time="2016-09-13 06:51:48Z" duration="0.000524" asserts="1" />
              <test-case id="1246" name="Nesting_can_access_root_via_number(&quot;{ChildOne.ChildTwo.ChildThree: {Four} {0.ChildOne: {Two} {0.One} } }&quot;,&quot; 4  2 1  &quot;)" fullname="SmartFormat.Tests.Core.NestingTests.Nesting_can_access_root_via_number(&quot;{ChildOne.ChildTwo.ChildThree: {Four} {0.ChildOne: {Two} {0.One} } }&quot;,&quot; 4  2 1  &quot;)" methodname="Nesting_can_access_root_via_number" classname="SmartFormat.Tests.Core.NestingTests" runstate="Runnable" seed="550548945" result="Passed" start-time="2016-09-13 06:51:48Z" end-time="2016-09-13 06:51:48Z" duration="0.000368" asserts="1" />
            </test-suite>
          </test-suite>
          <test-suite type="TestFixture" id="1253" name="ParserTests" fullname="SmartFormat.Tests.Core.ParserTests" classname="SmartFormat.Tests.Core.ParserTests" runstate="Runnable" testcasecount="41" result="Passed" start-time="2016-09-13 06:51:48Z" end-time="2016-09-13 06:51:48Z" duration="0.214103" total="41" passed="41" failed="0" inconclusive="0" skipped="0" asserts="148">
            <test-suite type="ParameterizedMethod" id="1290" name="NamedFormatter_should_be_null_when_empty_or_invalid_or_escaped" fullname="SmartFormat.Tests.Core.ParserTests.NamedFormatter_should_be_null_when_empty_or_invalid_or_escaped" classname="SmartFormat.Tests.Core.ParserTests" runstate="Runnable" testcasecount="20" result="Passed" start-time="2016-09-13 06:51:48Z" end-time="2016-09-13 06:51:48Z" duration="0.065199" total="20" passed="20" failed="0" inconclusive="0" skipped="0" asserts="60">
              <test-case id="1270" name="NamedFormatter_should_be_null_when_empty_or_invalid_or_escaped(&quot;{0:format}&quot;)" fullname="SmartFormat.Tests.Core.ParserTests.NamedFormatter_should_be_null_when_empty_or_invalid_or_escaped(&quot;{0:format}&quot;)" methodname="NamedFormatter_should_be_null_when_empty_or_invalid_or_escaped" classname="SmartFormat.Tests.Core.ParserTests" runstate="Runnable" seed="684923788" result="Passed" start-time="2016-09-13 06:51:48Z" end-time="2016-09-13 06:51:48Z" duration="0.002489" asserts="3" />
              <test-case id="1271" name="NamedFormatter_should_be_null_when_empty_or_invalid_or_escaped(&quot;{0:format(}&quot;)" fullname="SmartFormat.Tests.Core.ParserTests.NamedFormatter_should_be_null_when_empty_or_invalid_or_escaped(&quot;{0:format(}&quot;)" methodname="NamedFormatter_should_be_null_when_empty_or_invalid_or_escaped" classname="SmartFormat.Tests.Core.ParserTests" runstate="Runnable" seed="706838025" result="Passed" start-time="2016-09-13 06:51:48Z" end-time="2016-09-13 06:51:48Z" duration="0.000217" asserts="3" />
              <test-case id="1272" name="NamedFormatter_should_be_null_when_empty_or_invalid_or_escaped(&quot;{0:format)}&quot;)" fullname="SmartFormat.Tests.Core.ParserTests.NamedFormatter_should_be_null_when_empty_or_invalid_or_escaped(&quot;{0:format)}&quot;)" methodname="NamedFormatter_should_be_null_when_empty_or_invalid_or_escaped" classname="SmartFormat.Tests.Core.ParserTests" runstate="Runnable" seed="123211696" result="Passed" start-time="2016-09-13 06:51:48Z" end-time="2016-09-13 06:51:48Z" duration="0.000206" asserts="3" />
              <test-case id="1273" name="NamedFormatter_should_be_null_when_empty_or_invalid_or_escaped(&quot;{0:(format)}&quot;)" fullname="SmartFormat.Tests.Core.ParserTests.NamedFormatter_should_be_null_when_empty_or_invalid_or_escaped(&quot;{0:(format)}&quot;)" methodname="NamedFormatter_should_be_null_when_empty_or_invalid_or_escaped" classname="SmartFormat.Tests.Core.ParserTests" runstate="Runnable" seed="1970352430" result="Passed" start-time="2016-09-13 06:51:48Z" end-time="2016-09-13 06:51:48Z" duration="0.000228" asserts="3" />
              <test-case id="1274" name="NamedFormatter_should_be_null_when_empty_or_invalid_or_escaped(&quot;{0:format()stuff}&quot;)" fullname="SmartFormat.Tests.Core.ParserTests.NamedFormatter_should_be_null_when_empty_or_invalid_or_escaped(&quot;{0:format()stuff}&quot;)" methodname="NamedFormatter_should_be_null_when_empty_or_invalid_or_escaped" classname="SmartFormat.Tests.Core.ParserTests" runstate="Runnable" seed="1468338118" result="Passed" start-time="2016-09-13 06:51:48Z" end-time="2016-09-13 06:51:48Z" duration="0.000229" asserts="3" />
              <test-case id="1275" name="NamedFormatter_should_be_null_when_empty_or_invalid_or_escaped(&quot;{0:format() :}&quot;)" fullname="SmartFormat.Tests.Core.ParserTests.NamedFormatter_should_be_null_when_empty_or_invalid_or_escaped(&quot;{0:format() :}&quot;)" methodname="NamedFormatter_should_be_null_when_empty_or_invalid_or_escaped" classname="SmartFormat.Tests.Core.ParserTests" runstate="Runnable" seed="1257682439" result="Passed" start-time="2016-09-13 06:51:48Z" end-time="2016-09-13 06:51:48Z" duration="0.000221" asserts="3" />
              <test-case id="1276" name="NamedFormatter_should_be_null_when_empty_or_invalid_or_escaped(&quot;{0:format(s)|stuff}&quot;)" fullname="SmartFormat.Tests.Core.ParserTests.NamedFormatter_should_be_null_when_empty_or_invalid_or_escaped(&quot;{0:format(s)|stuff}&quot;)" methodname="NamedFormatter_should_be_null_when_empty_or_invalid_or_escaped" classname="SmartFormat.Tests.Core.ParserTests" runstate="Runnable" seed="2017508005" result="Passed" start-time="2016-09-13 06:51:48Z" end-time="2016-09-13 06:51:48Z" duration="0.000213" asserts="3" />
              <test-case id="1277" name="NamedFormatter_should_be_null_when_empty_or_invalid_or_escaped(&quot;{0:format(s)stuff:}&quot;)" fullname="SmartFormat.Tests.Core.ParserTests.NamedFormatter_should_be_null_when_empty_or_invalid_or_escaped(&quot;{0:format(s)stuff:}&quot;)" methodname="NamedFormatter_should_be_null_when_empty_or_invalid_or_escaped" classname="SmartFormat.Tests.Core.ParserTests" runstate="Runnable" seed="155731595" result="Passed" start-time="2016-09-13 06:51:48Z" end-time="2016-09-13 06:51:48Z" duration="0.000265" asserts="3" />
              <test-case id="1278" name="NamedFormatter_should_be_null_when_empty_or_invalid_or_escaped(&quot;{0:format(:}&quot;)" fullname="SmartFormat.Tests.Core.ParserTests.NamedFormatter_should_be_null_when_empty_or_invalid_or_escaped(&quot;{0:format(:}&quot;)" methodname="NamedFormatter_should_be_null_when_empty_or_invalid_or_escaped" classname="SmartFormat.Tests.Core.ParserTests" runstate="Runnable" seed="1644114769" result="Passed" start-time="2016-09-13 06:51:48Z" end-time="2016-09-13 06:51:48Z" duration="0.000233" asserts="3" />
              <test-case id="1279" name="NamedFormatter_should_be_null_when_empty_or_invalid_or_escaped(&quot;{0:format):}&quot;)" fullname="SmartFormat.Tests.Core.ParserTests.NamedFormatter_should_be_null_when_empty_or_invalid_or_escaped(&quot;{0:format):}&quot;)" methodname="NamedFormatter_should_be_null_when_empty_or_invalid_or_escaped" classname="SmartFormat.Tests.Core.ParserTests" runstate="Runnable" seed="179881345" result="Passed" start-time="2016-09-13 06:51:48Z" end-time="2016-09-13 06:51:48Z" duration="0.001714" asserts="3" />
              <test-case id="1280" name="NamedFormatter_should_be_null_when_empty_or_invalid_or_escaped(&quot;{0:format\\()}&quot;)" fullname="SmartFormat.Tests.Core.ParserTests.NamedFormatter_should_be_null_when_empty_or_invalid_or_escaped(&quot;{0:format\\()}&quot;)" methodname="NamedFormatter_should_be_null_when_empty_or_invalid_or_escaped" classname="SmartFormat.Tests.Core.ParserTests" runstate="Runnable" seed="1526197348" result="Passed" start-time="2016-09-13 06:51:48Z" end-time="2016-09-13 06:51:48Z" duration="0.000214" asserts="3" />
              <test-case id="1281" name="NamedFormatter_should_be_null_when_empty_or_invalid_or_escaped(&quot;{0:format(\\)}&quot;)" fullname="SmartFormat.Tests.Core.ParserTests.NamedFormatter_should_be_null_when_empty_or_invalid_or_escaped(&quot;{0:format(\\)}&quot;)" methodname="NamedFormatter_should_be_null_when_empty_or_invalid_or_escaped" classname="SmartFormat.Tests.Core.ParserTests" runstate="Runnable" seed="1702869450" result="Passed" start-time="2016-09-13 06:51:48Z" end-time="2016-09-13 06:51:48Z" duration="0.001031" asserts="3" />
              <test-case id="1282" name="NamedFormatter_should_be_null_when_empty_or_invalid_or_escaped(&quot;{0:format\\:}&quot;)" fullname="SmartFormat.Tests.Core.ParserTests.NamedFormatter_should_be_null_when_empty_or_invalid_or_escaped(&quot;{0:format\\:}&quot;)" methodname="NamedFormatter_should_be_null_when_empty_or_invalid_or_escaped" classname="SmartFormat.Tests.Core.ParserTests" runstate="Runnable" seed="750737243" result="Passed" start-time="2016-09-13 06:51:48Z" end-time="2016-09-13 06:51:48Z" duration="0.000234" asserts="3" />
              <test-case id="1283" name="NamedFormatter_should_be_null_when_empty_or_invalid_or_escaped(&quot;{0:hh\\:mm\\:ss}&quot;)" fullname="SmartFormat.Tests.Core.ParserTests.NamedFormatter_should_be_null_when_empty_or_invalid_or_escaped(&quot;{0:hh\\:mm\\:ss}&quot;)" methodname="NamedFormatter_should_be_null_when_empty_or_invalid_or_escaped" classname="SmartFormat.Tests.Core.ParserTests" runstate="Runnable" seed="433546419" result="Passed" start-time="2016-09-13 06:51:48Z" end-time="2016-09-13 06:51:48Z" duration="0.000233" asserts="3" />
              <test-case id="1284" name="NamedFormatter_should_be_null_when_empty_or_invalid_or_escaped(&quot;{0:}&quot;)" fullname="SmartFormat.Tests.Core.ParserTests.NamedFormatter_should_be_null_when_empty_or_invalid_or_escaped(&quot;{0:}&quot;)" methodname="NamedFormatter_should_be_null_when_empty_or_invalid_or_escaped" classname="SmartFormat.Tests.Core.ParserTests" runstate="Runnable" seed="715326793" result="Passed" start-time="2016-09-13 06:51:48Z" end-time="2016-09-13 06:51:48Z" duration="0.000220" asserts="3" />
              <test-case id="1285" name="NamedFormatter_should_be_null_when_empty_or_invalid_or_escaped(&quot;{0::}&quot;)" fullname="SmartFormat.Tests.Core.ParserTests.NamedFormatter_should_be_null_when_empty_or_invalid_or_escaped(&quot;{0::}&quot;)" methodname="NamedFormatter_should_be_null_when_empty_or_invalid_or_escaped" classname="SmartFormat.Tests.Core.ParserTests" runstate="Runnable" seed="893421563" result="Passed" start-time="2016-09-13 06:51:48Z" end-time="2016-09-13 06:51:48Z" duration="0.000292" asserts="3" />
              <test-case id="1286" name="NamedFormatter_should_be_null_when_empty_or_invalid_or_escaped(&quot;{0:()}&quot;)" fullname="SmartFormat.Tests.Core.ParserTests.NamedFormatter_should_be_null_when_empty_or_invalid_or_escaped(&quot;{0:()}&quot;)" methodname="NamedFormatter_should_be_null_when_empty_or_invalid_or_escaped" classname="SmartFormat.Tests.Core.ParserTests" runstate="Runnable" seed="1664012540" result="Passed" start-time="2016-09-13 06:51:48Z" end-time="2016-09-13 06:51:48Z" duration="0.000186" asserts="3" />
              <test-case id="1287" name="NamedFormatter_should_be_null_when_empty_or_invalid_or_escaped(&quot;{0:():}&quot;)" fullname="SmartFormat.Tests.Core.ParserTests.NamedFormatter_should_be_null_when_empty_or_invalid_or_escaped(&quot;{0:():}&quot;)" methodname="NamedFormatter_should_be_null_when_empty_or_invalid_or_escaped" classname="SmartFormat.Tests.Core.ParserTests" runstate="Runnable" seed="737344140" result="Passed" start-time="2016-09-13 06:51:48Z" end-time="2016-09-13 06:51:48Z" duration="0.000371" asserts="3" />
              <test-case id="1288" name="NamedFormatter_should_be_null_when_empty_or_invalid_or_escaped(&quot;{0:(1|2|3)}&quot;)" fullname="SmartFormat.Tests.Core.ParserTests.NamedFormatter_should_be_null_when_empty_or_invalid_or_escaped(&quot;{0:(1|2|3)}&quot;)" methodname="NamedFormatter_should_be_null_when_empty_or_invalid_or_escaped" classname="SmartFormat.Tests.Core.ParserTests" runstate="Runnable" seed="1456370755" result="Passed" start-time="2016-09-13 06:51:48Z" end-time="2016-09-13 06:51:48Z" duration="0.000207" asserts="3" />
              <test-case id="1289" name="NamedFormatter_should_be_null_when_empty_or_invalid_or_escaped(&quot;{0:(1|2|3):}&quot;)" fullname="SmartFormat.Tests.Core.ParserTests.NamedFormatter_should_be_null_when_empty_or_invalid_or_escaped(&quot;{0:(1|2|3):}&quot;)" methodname="NamedFormatter_should_be_null_when_empty_or_invalid_or_escaped" classname="SmartFormat.Tests.Core.ParserTests" runstate="Runnable" seed="1377273834" result="Passed" start-time="2016-09-13 06:51:48Z" end-time="2016-09-13 06:51:48Z" duration="0.000302" asserts="3" />
            </test-suite>
            <test-suite type="ParameterizedMethod" id="1297" name="NamedFormatter_should_be_null_when_has_nesting" fullname="SmartFormat.Tests.Core.ParserTests.NamedFormatter_should_be_null_when_has_nesting" classname="SmartFormat.Tests.Core.ParserTests" runstate="Runnable" testcasecount="6" result="Passed" start-time="2016-09-13 06:51:48Z" end-time="2016-09-13 06:51:48Z" duration="0.023538" total="6" passed="6" failed="0" inconclusive="0" skipped="0" asserts="18">
              <test-case id="1291" name="NamedFormatter_should_be_null_when_has_nesting(&quot;{0:format{}}&quot;,&quot;format&quot;)" fullname="SmartFormat.Tests.Core.ParserTests.NamedFormatter_should_be_null_when_has_nesting(&quot;{0:format{}}&quot;,&quot;format&quot;)" methodname="NamedFormatter_should_be_null_when_has_nesting" classname="SmartFormat.Tests.Core.ParserTests" runstate="Runnable" seed="764406644" result="Passed" start-time="2016-09-13 06:51:48Z" end-time="2016-09-13 06:51:48Z" duration="0.000299" asserts="3" />
              <test-case id="1292" name="NamedFormatter_should_be_null_when_has_nesting(&quot;{0:{}}&quot;,&quot;&quot;)" fullname="SmartFormat.Tests.Core.ParserTests.NamedFormatter_should_be_null_when_has_nesting(&quot;{0:{}}&quot;,&quot;&quot;)" methodname="NamedFormatter_should_be_null_when_has_nesting" classname="SmartFormat.Tests.Core.ParserTests" runstate="Runnable" seed="1992793028" result="Passed" start-time="2016-09-13 06:51:48Z" end-time="2016-09-13 06:51:48Z" duration="0.000204" asserts="3" />
              <test-case id="1293" name="NamedFormatter_should_be_null_when_has_nesting(&quot;{0:{0:nested():}}&quot;,&quot;&quot;)" fullname="SmartFormat.Tests.Core.ParserTests.NamedFormatter_should_be_null_when_has_nesting(&quot;{0:{0:nested():}}&quot;,&quot;&quot;)" methodname="NamedFormatter_should_be_null_when_has_nesting" classname="SmartFormat.Tests.Core.ParserTests" runstate="Runnable" seed="1651933686" result="Passed" start-time="2016-09-13 06:51:48Z" end-time="2016-09-13 06:51:48Z" duration="0.000215" asserts="3" />
              <test-case id="1294" name="NamedFormatter_should_be_null_when_has_nesting(&quot;{0:for{}mat}&quot;,&quot;format&quot;)" fullname="SmartFormat.Tests.Core.ParserTests.NamedFormatter_should_be_null_when_has_nesting(&quot;{0:for{}mat}&quot;,&quot;format&quot;)" methodname="NamedFormatter_should_be_null_when_has_nesting" classname="SmartFormat.Tests.Core.ParserTests" runstate="Runnable" seed="1035139762" result="Passed" start-time="2016-09-13 06:51:48Z" end-time="2016-09-13 06:51:48Z" duration="0.000138" asserts="3" />
              <test-case id="1295" name="NamedFormatter_should_be_null_when_has_nesting(&quot;{0:for{}mat()}&quot;,&quot;format()&quot;)" fullname="SmartFormat.Tests.Core.ParserTests.NamedFormatter_should_be_null_when_has_nesting(&quot;{0:for{}mat()}&quot;,&quot;format()&quot;)" methodname="NamedFormatter_should_be_null_when_has_nesting" classname="SmartFormat.Tests.Core.ParserTests" runstate="Runnable" seed="1930221973" result="Passed" start-time="2016-09-13 06:51:48Z" end-time="2016-09-13 06:51:48Z" duration="0.000167" asserts="3" />
              <test-case id="1296" name="NamedFormatter_should_be_null_when_has_nesting(&quot;{0:for(){}mat}&quot;,&quot;for()mat&quot;)" fullname="SmartFormat.Tests.Core.ParserTests.NamedFormatter_should_be_null_when_has_nesting(&quot;{0:for(){}mat}&quot;,&quot;for()mat&quot;)" methodname="NamedFormatter_should_be_null_when_has_nesting" classname="SmartFormat.Tests.Core.ParserTests" runstate="Runnable" seed="1360771518" result="Passed" start-time="2016-09-13 06:51:48Z" end-time="2016-09-13 06:51:48Z" duration="0.000112" asserts="3" />
            </test-suite>
            <test-suite type="ParameterizedMethod" id="1269" name="NamedFormatter_should_be_parsed_correctly" fullname="SmartFormat.Tests.Core.ParserTests.NamedFormatter_should_be_parsed_correctly" classname="SmartFormat.Tests.Core.ParserTests" runstate="Runnable" testcasecount="8" result="Passed" start-time="2016-09-13 06:51:48Z" end-time="2016-09-13 06:51:48Z" duration="0.018919" total="8" passed="8" failed="0" inconclusive="0" skipped="0" asserts="24">
              <test-case id="1261" name="NamedFormatter_should_be_parsed_correctly(&quot;{0:name:}&quot;,&quot;name&quot;,&quot;&quot;,&quot;&quot;)" fullname="SmartFormat.Tests.Core.ParserTests.NamedFormatter_should_be_parsed_correctly(&quot;{0:name:}&quot;,&quot;name&quot;,&quot;&quot;,&quot;&quot;)" methodname="NamedFormatter_should_be_parsed_correctly" classname="SmartFormat.Tests.Core.ParserTests" runstate="Runnable" seed="1038727194" result="Passed" start-time="2016-09-13 06:51:48Z" end-time="2016-09-13 06:51:48Z" duration="0.000803" asserts="3" />
              <test-case id="1262" name="NamedFormatter_should_be_parsed_correctly(&quot;{0:name()}&quot;,&quot;name&quot;,&quot;&quot;,&quot;&quot;)" fullname="SmartFormat.Tests.Core.ParserTests.NamedFormatter_should_be_parsed_correctly(&quot;{0:name()}&quot;,&quot;name&quot;,&quot;&quot;,&quot;&quot;)" methodname="NamedFormatter_should_be_parsed_correctly" classname="SmartFormat.Tests.Core.ParserTests" runstate="Runnable" seed="531878383" result="Passed" start-time="2016-09-13 06:51:48Z" end-time="2016-09-13 06:51:48Z" duration="0.000135" asserts="3" />
              <test-case id="1263" name="NamedFormatter_should_be_parsed_correctly(&quot;{0:name(1|2|3)}&quot;,&quot;name&quot;,&quot;1|2|3&quot;,&quot;&quot;)" fullname="SmartFormat.Tests.Core.ParserTests.NamedFormatter_should_be_parsed_correctly(&quot;{0:name(1|2|3)}&quot;,&quot;name&quot;,&quot;1|2|3&quot;,&quot;&quot;)" methodname="NamedFormatter_should_be_parsed_correctly" classname="SmartFormat.Tests.Core.ParserTests" runstate="Runnable" seed="956855615" result="Passed" start-time="2016-09-13 06:51:48Z" end-time="2016-09-13 06:51:48Z" duration="0.000166" asserts="3" />
              <test-case id="1264" name="NamedFormatter_should_be_parsed_correctly(&quot;{0:name:format}&quot;,&quot;name&quot;,&quot;&quot;,&quot;format&quot;)" fullname="SmartFormat.Tests.Core.ParserTests.NamedFormatter_should_be_parsed_correctly(&quot;{0:name:format}&quot;,&quot;name&quot;,&quot;&quot;,&quot;format&quot;)" methodname="NamedFormatter_should_be_parsed_correctly" classname="SmartFormat.Tests.Core.ParserTests" runstate="Runnable" seed="1570580563" result="Passed" start-time="2016-09-13 06:51:48Z" end-time="2016-09-13 06:51:48Z" duration="0.000205" asserts="3" />
              <test-case id="1265" name="NamedFormatter_should_be_parsed_correctly(&quot;{0:name():format}&quot;,&quot;name&quot;,&quot;&quot;,&quot;format&quot;)" fullname="SmartFormat.Tests.Core.ParserTests.NamedFormatter_should_be_parsed_correctly(&quot;{0:name():format}&quot;,&quot;name&quot;,&quot;&quot;,&quot;format&quot;)" methodname="NamedFormatter_should_be_parsed_correctly" classname="SmartFormat.Tests.Core.ParserTests" runstate="Runnable" seed="2062895971" result="Passed" start-time="2016-09-13 06:51:48Z" end-time="2016-09-13 06:51:48Z" duration="0.000164" asserts="3" />
              <test-case id="1266" name="NamedFormatter_should_be_parsed_correctly(&quot;{0:name():}&quot;,&quot;name&quot;,&quot;&quot;,&quot;&quot;)" fullname="SmartFormat.Tests.Core.ParserTests.NamedFormatter_should_be_parsed_correctly(&quot;{0:name():}&quot;,&quot;name&quot;,&quot;&quot;,&quot;&quot;)" methodname="NamedFormatter_should_be_parsed_correctly" classname="SmartFormat.Tests.Core.ParserTests" runstate="Runnable" seed="275723345" result="Passed" start-time="2016-09-13 06:51:48Z" end-time="2016-09-13 06:51:48Z" duration="0.000129" asserts="3" />
              <test-case id="1267" name="NamedFormatter_should_be_parsed_correctly(&quot;{0:name(1|2|3):format}&quot;,&quot;name&quot;,&quot;1|2|3&quot;,&quot;format&quot;)" fullname="SmartFormat.Tests.Core.ParserTests.NamedFormatter_should_be_parsed_correctly(&quot;{0:name(1|2|3):format}&quot;,&quot;name&quot;,&quot;1|2|3&quot;,&quot;format&quot;)" methodname="NamedFormatter_should_be_parsed_correctly" classname="SmartFormat.Tests.Core.ParserTests" runstate="Runnable" seed="428334876" result="Passed" start-time="2016-09-13 06:51:48Z" end-time="2016-09-13 06:51:48Z" duration="0.000176" asserts="3" />
              <test-case id="1268" name="NamedFormatter_should_be_parsed_correctly(&quot;{0:name(1|2|3):}&quot;,&quot;name&quot;,&quot;1|2|3&quot;,&quot;&quot;)" fullname="SmartFormat.Tests.Core.ParserTests.NamedFormatter_should_be_parsed_correctly(&quot;{0:name(1|2|3):}&quot;,&quot;name&quot;,&quot;1|2|3&quot;,&quot;&quot;)" methodname="NamedFormatter_should_be_parsed_correctly" classname="SmartFormat.Tests.Core.ParserTests" runstate="Runnable" seed="1162758569" result="Passed" start-time="2016-09-13 06:51:48Z" end-time="2016-09-13 06:51:48Z" duration="0.001142" asserts="3" />
            </test-suite>
            <test-case id="1256" name="Parser_Ignores_Exceptions" fullname="SmartFormat.Tests.Core.ParserTests.Parser_Ignores_Exceptions" methodname="Parser_Ignores_Exceptions" classname="SmartFormat.Tests.Core.ParserTests" runstate="Runnable" seed="2135234800" result="Passed" start-time="2016-09-13 06:51:48Z" end-time="2016-09-13 06:51:48Z" duration="0.001886" asserts="0" />
            <test-case id="1255" name="Parser_Throws_Exceptions" fullname="SmartFormat.Tests.Core.ParserTests.Parser_Throws_Exceptions" methodname="Parser_Throws_Exceptions" classname="SmartFormat.Tests.Core.ParserTests" runstate="Runnable" seed="1070620704" result="Passed" start-time="2016-09-13 06:51:48Z" end-time="2016-09-13 06:51:48Z" duration="0.015336" asserts="0" />
            <test-case id="1257" name="Parser_UseAlternativeBraces" fullname="SmartFormat.Tests.Core.ParserTests.Parser_UseAlternativeBraces" methodname="Parser_UseAlternativeBraces" classname="SmartFormat.Tests.Core.ParserTests" runstate="Runnable" seed="651619437" result="Passed" start-time="2016-09-13 06:51:48Z" end-time="2016-09-13 06:51:48Z" duration="0.008215" asserts="7" />
            <test-case id="1259" name="Test_Format_IndexOf" fullname="SmartFormat.Tests.Core.ParserTests.Test_Format_IndexOf" methodname="Test_Format_IndexOf" classname="SmartFormat.Tests.Core.ParserTests" runstate="Runnable" seed="832019906" result="Passed" start-time="2016-09-13 06:51:48Z" end-time="2016-09-13 06:51:48Z" duration="0.007497" asserts="9" />
            <test-case id="1260" name="Test_Format_Split" fullname="SmartFormat.Tests.Core.ParserTests.Test_Format_Split" methodname="Test_Format_Split" classname="SmartFormat.Tests.Core.ParserTests" runstate="Runnable" seed="1446808339" result="Passed" start-time="2016-09-13 06:51:48Z" end-time="2016-09-13 06:51:48Z" duration="0.001634" asserts="9" />
            <test-case id="1258" name="Test_Format_Substring" fullname="SmartFormat.Tests.Core.ParserTests.Test_Format_Substring" methodname="Test_Format_Substring" classname="SmartFormat.Tests.Core.ParserTests" runstate="Runnable" seed="327001008" result="Passed" start-time="2016-09-13 06:51:48Z" end-time="2016-09-13 06:51:48Z" duration="0.032258" asserts="15" />
            <test-case id="1254" name="TestParser" fullname="SmartFormat.Tests.Core.ParserTests.TestParser" methodname="TestParser" classname="SmartFormat.Tests.Core.ParserTests" runstate="Runnable" seed="1924431326" result="Passed" start-time="2016-09-13 06:51:48Z" end-time="2016-09-13 06:51:48Z" duration="0.012479" asserts="6" />
          </test-suite>
        </test-suite>
        <test-suite type="TestSuite" id="1303" name="Extensions" fullname="SmartFormat.Tests.Extensions" runstate="Runnable" testcasecount="125" result="Passed" start-time="2016-09-13 06:51:48Z" end-time="2016-09-13 06:51:49Z" duration="0.894942" total="125" passed="125" failed="0" inconclusive="0" skipped="0" asserts="266">
          <test-suite type="TestFixture" id="1038" name="ChooseFormatterTests" fullname="SmartFormat.Tests.Extensions.ChooseFormatterTests" classname="SmartFormat.Tests.Extensions.ChooseFormatterTests" runstate="Runnable" testcasecount="43" result="Passed" start-time="2016-09-13 06:51:48Z" end-time="2016-09-13 06:51:48Z" duration="0.170418" total="43" passed="43" failed="0" inconclusive="0" skipped="0" asserts="43">
            <test-suite type="ParameterizedMethod" id="1080" name="Choose_has_a_special_case_for_null" fullname="SmartFormat.Tests.Extensions.ChooseFormatterTests.Choose_has_a_special_case_for_null" classname="SmartFormat.Tests.Extensions.ChooseFormatterTests" runstate="Runnable" testcasecount="5" result="Passed" start-time="2016-09-13 06:51:48Z" end-time="2016-09-13 06:51:48Z" duration="0.017891" total="5" passed="5" failed="0" inconclusive="0" skipped="0" asserts="5">
              <test-case id="1075" name="Choose_has_a_special_case_for_null(&quot;{0:choose(null):nothing|{} }&quot;,null,&quot;nothing&quot;)" fullname="SmartFormat.Tests.Extensions.ChooseFormatterTests.Choose_has_a_special_case_for_null(&quot;{0:choose(null):nothing|{} }&quot;,null,&quot;nothing&quot;)" methodname="Choose_has_a_special_case_for_null" classname="SmartFormat.Tests.Extensions.ChooseFormatterTests" runstate="Runnable" seed="2060002420" result="Passed" start-time="2016-09-13 06:51:48Z" end-time="2016-09-13 06:51:48Z" duration="0.002243" asserts="1" />
              <test-case id="1076" name="Choose_has_a_special_case_for_null(&quot;{0:choose(null):nothing|{} }&quot;,5,&quot;5 &quot;)" fullname="SmartFormat.Tests.Extensions.ChooseFormatterTests.Choose_has_a_special_case_for_null(&quot;{0:choose(null):nothing|{} }&quot;,5,&quot;5 &quot;)" methodname="Choose_has_a_special_case_for_null" classname="SmartFormat.Tests.Extensions.ChooseFormatterTests" runstate="Runnable" seed="1129144951" result="Passed" start-time="2016-09-13 06:51:48Z" end-time="2016-09-13 06:51:48Z" duration="0.001017" asserts="1" />
              <test-case id="1077" name="Choose_has_a_special_case_for_null(&quot;{0:choose(null|5):nothing|five|{} }&quot;,null,&quot;nothing&quot;)" fullname="SmartFormat.Tests.Extensions.ChooseFormatterTests.Choose_has_a_special_case_for_null(&quot;{0:choose(null|5):nothing|five|{} }&quot;,null,&quot;nothing&quot;)" methodname="Choose_has_a_special_case_for_null" classname="SmartFormat.Tests.Extensions.ChooseFormatterTests" runstate="Runnable" seed="1940316644" result="Passed" start-time="2016-09-13 06:51:48Z" end-time="2016-09-13 06:51:48Z" duration="0.000340" asserts="1" />
              <test-case id="1078" name="Choose_has_a_special_case_for_null(&quot;{0:choose(null|5):nothing|five|{} }&quot;,5,&quot;five&quot;)" fullname="SmartFormat.Tests.Extensions.ChooseFormatterTests.Choose_has_a_special_case_for_null(&quot;{0:choose(null|5):nothing|five|{} }&quot;,5,&quot;five&quot;)" methodname="Choose_has_a_special_case_for_null" classname="SmartFormat.Tests.Extensions.ChooseFormatterTests" runstate="Runnable" seed="764887702" result="Passed" start-time="2016-09-13 06:51:48Z" end-time="2016-09-13 06:51:48Z" duration="0.000635" asserts="1" />
              <test-case id="1079" name="Choose_has_a_special_case_for_null(&quot;{0:choose(null|5):nothing|five|{} }&quot;,6,&quot;6 &quot;)" fullname="SmartFormat.Tests.Extensions.ChooseFormatterTests.Choose_has_a_special_case_for_null(&quot;{0:choose(null|5):nothing|five|{} }&quot;,6,&quot;6 &quot;)" methodname="Choose_has_a_special_case_for_null" classname="SmartFormat.Tests.Extensions.ChooseFormatterTests" runstate="Runnable" seed="1148745374" result="Passed" start-time="2016-09-13 06:51:48Z" end-time="2016-09-13 06:51:48Z" duration="0.000247" asserts="1" />
            </test-suite>
            <test-suite type="ParameterizedMethod" id="1060" name="Choose_should_be_case_sensitive" fullname="SmartFormat.Tests.Extensions.ChooseFormatterTests.Choose_should_be_case_sensitive" classname="SmartFormat.Tests.Extensions.ChooseFormatterTests" runstate="Runnable" testcasecount="6" result="Passed" start-time="2016-09-13 06:51:48Z" end-time="2016-09-13 06:51:48Z" duration="0.022080" total="6" passed="6" failed="0" inconclusive="0" skipped="0" asserts="6">
              <test-case id="1054" name="Choose_should_be_case_sensitive(&quot;{0:choose(true|True):one|two|default}&quot;,True,&quot;two&quot;)" fullname="SmartFormat.Tests.Extensions.ChooseFormatterTests.Choose_should_be_case_sensitive(&quot;{0:choose(true|True):one|two|default}&quot;,True,&quot;two&quot;)" methodname="Choose_should_be_case_sensitive" classname="SmartFormat.Tests.Extensions.ChooseFormatterTests" runstate="Runnable" seed="735351322" result="Passed" start-time="2016-09-13 06:51:48Z" end-time="2016-09-13 06:51:48Z" duration="0.000588" asserts="1" />
              <test-case id="1055" name="Choose_should_be_case_sensitive(&quot;{0:choose(true|TRUE):one|two|default}&quot;,True,&quot;default&quot;)" fullname="SmartFormat.Tests.Extensions.ChooseFormatterTests.Choose_should_be_case_sensitive(&quot;{0:choose(true|TRUE):one|two|default}&quot;,True,&quot;default&quot;)" methodname="Choose_should_be_case_sensitive" classname="SmartFormat.Tests.Extensions.ChooseFormatterTests" runstate="Runnable" seed="387314067" result="Passed" start-time="2016-09-13 06:51:48Z" end-time="2016-09-13 06:51:48Z" duration="0.000377" asserts="1" />
              <test-case id="1056" name="Choose_should_be_case_sensitive(&quot;{0:choose(string|String):one|two|default}&quot;,&quot;String&quot;,&quot;two&quot;)" fullname="SmartFormat.Tests.Extensions.ChooseFormatterTests.Choose_should_be_case_sensitive(&quot;{0:choose(string|String):one|two|default}&quot;,&quot;String&quot;,&quot;two&quot;)" methodname="Choose_should_be_case_sensitive" classname="SmartFormat.Tests.Extensions.ChooseFormatterTests" runstate="Runnable" seed="936846468" result="Passed" start-time="2016-09-13 06:51:48Z" end-time="2016-09-13 06:51:48Z" duration="0.000518" asserts="1" />
              <test-case id="1057" name="Choose_should_be_case_sensitive(&quot;{0:choose(string|STRING):one|two|default}&quot;,&quot;String&quot;,&quot;default&quot;)" fullname="SmartFormat.Tests.Extensions.ChooseFormatterTests.Choose_should_be_case_sensitive(&quot;{0:choose(string|STRING):one|two|default}&quot;,&quot;String&quot;,&quot;default&quot;)" methodname="Choose_should_be_case_sensitive" classname="SmartFormat.Tests.Extensions.ChooseFormatterTests" runstate="Runnable" seed="1979726927" result="Passed" start-time="2016-09-13 06:51:48Z" end-time="2016-09-13 06:51:48Z" duration="0.000333" asserts="1" />
              <test-case id="1058" name="Choose_should_be_case_sensitive(&quot;{0:choose(ignore|Ignore):one|two|default}&quot;,Ignore,&quot;two&quot;)" fullname="SmartFormat.Tests.Extensions.ChooseFormatterTests.Choose_should_be_case_sensitive(&quot;{0:choose(ignore|Ignore):one|two|default}&quot;,Ignore,&quot;two&quot;)" methodname="Choose_should_be_case_sensitive" classname="SmartFormat.Tests.Extensions.ChooseFormatterTests" runstate="Runnable" seed="1506299791" result="Passed" start-time="2016-09-13 06:51:48Z" end-time="2016-09-13 06:51:48Z" duration="0.000472" asserts="1" />
              <test-case id="1059" name="Choose_should_be_case_sensitive(&quot;{0:choose(ignore|IGNORE):one|two|default}&quot;,Ignore,&quot;default&quot;)" fullname="SmartFormat.Tests.Extensions.ChooseFormatterTests.Choose_should_be_case_sensitive(&quot;{0:choose(ignore|IGNORE):one|two|default}&quot;,Ignore,&quot;default&quot;)" methodname="Choose_should_be_case_sensitive" classname="SmartFormat.Tests.Extensions.ChooseFormatterTests" runstate="Runnable" seed="1944632700" result="Passed" start-time="2016-09-13 06:51:48Z" end-time="2016-09-13 06:51:48Z" duration="0.000325" asserts="1" />
            </test-suite>
            <test-suite type="ParameterizedMethod" id="1069" name="Choose_should_default_to_the_last_item" fullname="SmartFormat.Tests.Extensions.ChooseFormatterTests.Choose_should_default_to_the_last_item" classname="SmartFormat.Tests.Extensions.ChooseFormatterTests" runstate="Runnable" testcasecount="8" result="Passed" start-time="2016-09-13 06:51:48Z" end-time="2016-09-13 06:51:48Z" duration="0.027096" total="8" passed="8" failed="0" inconclusive="0" skipped="0" asserts="8">
              <test-case id="1061" name="Choose_should_default_to_the_last_item(&quot;{0:choose(1|2|3):one|two|three|default}&quot;,1,&quot;one&quot;)" fullname="SmartFormat.Tests.Extensions.ChooseFormatterTests.Choose_should_default_to_the_last_item(&quot;{0:choose(1|2|3):one|two|three|default}&quot;,1,&quot;one&quot;)" methodname="Choose_should_default_to_the_last_item" classname="SmartFormat.Tests.Extensions.ChooseFormatterTests" runstate="Runnable" seed="224641668" result="Passed" start-time="2016-09-13 06:51:48Z" end-time="2016-09-13 06:51:48Z" duration="0.000711" asserts="1" />
              <test-case id="1062" name="Choose_should_default_to_the_last_item(&quot;{0:choose(1|2|3):one|two|three|default}&quot;,2,&quot;two&quot;)" fullname="SmartFormat.Tests.Extensions.ChooseFormatterTests.Choose_should_default_to_the_last_item(&quot;{0:choose(1|2|3):one|two|three|default}&quot;,2,&quot;two&quot;)" methodname="Choose_should_default_to_the_last_item" classname="SmartFormat.Tests.Extensions.ChooseFormatterTests" runstate="Runnable" seed="143282580" result="Passed" start-time="2016-09-13 06:51:48Z" end-time="2016-09-13 06:51:48Z" duration="0.000237" asserts="1" />
              <test-case id="1063" name="Choose_should_default_to_the_last_item(&quot;{0:choose(1|2|3):one|two|three|default}&quot;,3,&quot;three&quot;)" fullname="SmartFormat.Tests.Extensions.ChooseFormatterTests.Choose_should_default_to_the_last_item(&quot;{0:choose(1|2|3):one|two|three|default}&quot;,3,&quot;three&quot;)" methodname="Choose_should_default_to_the_last_item" classname="SmartFormat.Tests.Extensions.ChooseFormatterTests" runstate="Runnable" seed="610132883" result="Passed" start-time="2016-09-13 06:51:48Z" end-time="2016-09-13 06:51:48Z" duration="0.000812" asserts="1" />
              <test-case id="1064" name="Choose_should_default_to_the_last_item(&quot;{0:choose(1|2|3):one|two|three|default}&quot;,4,&quot;default&quot;)" fullname="SmartFormat.Tests.Extensions.ChooseFormatterTests.Choose_should_default_to_the_last_item(&quot;{0:choose(1|2|3):one|two|three|default}&quot;,4,&quot;default&quot;)" methodname="Choose_should_default_to_the_last_item" classname="SmartFormat.Tests.Extensions.ChooseFormatterTests" runstate="Runnable" seed="794045950" result="Passed" start-time="2016-09-13 06:51:48Z" end-time="2016-09-13 06:51:48Z" duration="0.000231" asserts="1" />
              <test-case id="1065" name="Choose_should_default_to_the_last_item(&quot;{0:choose(1|2|3):one|two|three|default}&quot;,99,&quot;default&quot;)" fullname="SmartFormat.Tests.Extensions.ChooseFormatterTests.Choose_should_default_to_the_last_item(&quot;{0:choose(1|2|3):one|two|three|default}&quot;,99,&quot;default&quot;)" methodname="Choose_should_default_to_the_last_item" classname="SmartFormat.Tests.Extensions.ChooseFormatterTests" runstate="Runnable" seed="519736170" result="Passed" start-time="2016-09-13 06:51:48Z" end-time="2016-09-13 06:51:48Z" duration="0.000310" asserts="1" />
              <test-case id="1066" name="Choose_should_default_to_the_last_item(&quot;{0:choose(1|2|3):one|two|three|default}&quot;,null,&quot;default&quot;)" fullname="SmartFormat.Tests.Extensions.ChooseFormatterTests.Choose_should_default_to_the_last_item(&quot;{0:choose(1|2|3):one|two|three|default}&quot;,null,&quot;default&quot;)" methodname="Choose_should_default_to_the_last_item" classname="SmartFormat.Tests.Extensions.ChooseFormatterTests" runstate="Runnable" seed="4664416" result="Passed" start-time="2016-09-13 06:51:48Z" end-time="2016-09-13 06:51:48Z" duration="0.000206" asserts="1" />
              <test-case id="1067" name="Choose_should_default_to_the_last_item(&quot;{0:choose(1|2|3):one|two|three|default}&quot;,True,&quot;default&quot;)" fullname="SmartFormat.Tests.Extensions.ChooseFormatterTests.Choose_should_default_to_the_last_item(&quot;{0:choose(1|2|3):one|two|three|default}&quot;,True,&quot;default&quot;)" methodname="Choose_should_default_to_the_last_item" classname="SmartFormat.Tests.Extensions.ChooseFormatterTests" runstate="Runnable" seed="325845804" result="Passed" start-time="2016-09-13 06:51:48Z" end-time="2016-09-13 06:51:48Z" duration="0.000335" asserts="1" />
              <test-case id="1068" name="Choose_should_default_to_the_last_item(&quot;{0:choose(1|2|3):one|two|three|default}&quot;,&quot;whatever&quot;,&quot;default&quot;)" fullname="SmartFormat.Tests.Extensions.ChooseFormatterTests.Choose_should_default_to_the_last_item(&quot;{0:choose(1|2|3):one|two|three|default}&quot;,&quot;whatever&quot;,&quot;default&quot;)" methodname="Choose_should_default_to_the_last_item" classname="SmartFormat.Tests.Extensions.ChooseFormatterTests" runstate="Runnable" seed="30405976" result="Passed" start-time="2016-09-13 06:51:48Z" end-time="2016-09-13 06:51:48Z" duration="0.000495" asserts="1" />
            </test-suite>
            <test-suite type="ParameterizedMethod" id="1074" name="Choose_should_work_with_enums" fullname="SmartFormat.Tests.Extensions.ChooseFormatterTests.Choose_should_work_with_enums" classname="SmartFormat.Tests.Extensions.ChooseFormatterTests" runstate="Runnable" testcasecount="4" result="Passed" start-time="2016-09-13 06:51:48Z" end-time="2016-09-13 06:51:48Z" duration="0.017595" total="4" passed="4" failed="0" inconclusive="0" skipped="0" asserts="4">
              <test-case id="1070" name="Choose_should_work_with_enums(&quot;{0:choose(Male|Female):man|woman}&quot;,Male,&quot;man&quot;)" fullname="SmartFormat.Tests.Extensions.ChooseFormatterTests.Choose_should_work_with_enums(&quot;{0:choose(Male|Female):man|woman}&quot;,Male,&quot;man&quot;)" methodname="Choose_should_work_with_enums" classname="SmartFormat.Tests.Extensions.ChooseFormatterTests" runstate="Runnable" seed="2135628062" result="Passed" start-time="2016-09-13 06:51:48Z" end-time="2016-09-13 06:51:48Z" duration="0.000721" asserts="1" />
              <test-case id="1071" name="Choose_should_work_with_enums(&quot;{0:choose(Male|Female):man|woman}&quot;,Female,&quot;woman&quot;)" fullname="SmartFormat.Tests.Extensions.ChooseFormatterTests.Choose_should_work_with_enums(&quot;{0:choose(Male|Female):man|woman}&quot;,Female,&quot;woman&quot;)" methodname="Choose_should_work_with_enums" classname="SmartFormat.Tests.Extensions.ChooseFormatterTests" runstate="Runnable" seed="893939544" result="Passed" start-time="2016-09-13 06:51:48Z" end-time="2016-09-13 06:51:48Z" duration="0.000242" asserts="1" />
              <test-case id="1072" name="Choose_should_work_with_enums(&quot;{0:choose(Male):man|woman}&quot;,Male,&quot;man&quot;)" fullname="SmartFormat.Tests.Extensions.ChooseFormatterTests.Choose_should_work_with_enums(&quot;{0:choose(Male):man|woman}&quot;,Male,&quot;man&quot;)" methodname="Choose_should_work_with_enums" classname="SmartFormat.Tests.Extensions.ChooseFormatterTests" runstate="Runnable" seed="1675697610" result="Passed" start-time="2016-09-13 06:51:48Z" end-time="2016-09-13 06:51:48Z" duration="0.000241" asserts="1" />
              <test-case id="1073" name="Choose_should_work_with_enums(&quot;{0:choose(Male):man|woman}&quot;,Female,&quot;woman&quot;)" fullname="SmartFormat.Tests.Extensions.ChooseFormatterTests.Choose_should_work_with_enums(&quot;{0:choose(Male):man|woman}&quot;,Female,&quot;woman&quot;)" methodname="Choose_should_work_with_enums" classname="SmartFormat.Tests.Extensions.ChooseFormatterTests" runstate="Runnable" seed="744837924" result="Passed" start-time="2016-09-13 06:51:48Z" end-time="2016-09-13 06:51:48Z" duration="0.000826" asserts="1" />
            </test-suite>
            <test-suite type="ParameterizedMethod" id="1053" name="Choose_should_work_with_numbers_strings_and_booleans" fullname="SmartFormat.Tests.Extensions.ChooseFormatterTests.Choose_should_work_with_numbers_strings_and_booleans" classname="SmartFormat.Tests.Extensions.ChooseFormatterTests" runstate="Runnable" testcasecount="14" result="Passed" start-time="2016-09-13 06:51:48Z" end-time="2016-09-13 06:51:48Z" duration="0.059692" total="14" passed="14" failed="0" inconclusive="0" skipped="0" asserts="14">
              <test-case id="1039" name="Choose_should_work_with_numbers_strings_and_booleans(&quot;{0:choose(1|2|3):one|two|three}&quot;,1,&quot;one&quot;)" fullname="SmartFormat.Tests.Extensions.ChooseFormatterTests.Choose_should_work_with_numbers_strings_and_booleans(&quot;{0:choose(1|2|3):one|two|three}&quot;,1,&quot;one&quot;)" methodname="Choose_should_work_with_numbers_strings_and_booleans" classname="SmartFormat.Tests.Extensions.ChooseFormatterTests" runstate="Runnable" seed="370053178" result="Passed" start-time="2016-09-13 06:51:48Z" end-time="2016-09-13 06:51:48Z" duration="0.000629" asserts="1" />
              <test-case id="1040" name="Choose_should_work_with_numbers_strings_and_booleans(&quot;{0:choose(1|2|3):one|two|three}&quot;,2,&quot;two&quot;)" fullname="SmartFormat.Tests.Extensions.ChooseFormatterTests.Choose_should_work_with_numbers_strings_and_booleans(&quot;{0:choose(1|2|3):one|two|three}&quot;,2,&quot;two&quot;)" methodname="Choose_should_work_with_numbers_strings_and_booleans" classname="SmartFormat.Tests.Extensions.ChooseFormatterTests" runstate="Runnable" seed="503286876" result="Passed" start-time="2016-09-13 06:51:48Z" end-time="2016-09-13 06:51:48Z" duration="0.000248" asserts="1" />
[...]
            <test-case id="1185" name="Format_SingleLevelXml_TemplateWithCurlyBraces_Escaped" fullname="SmartFormat.Tests.Extensions.XmlSourceTest.Format_SingleLevelXml_TemplateWithCurlyBraces_Escaped" methodname="Format_SingleLevelXml_TemplateWithCurlyBraces_Escaped" classname="SmartFormat.Tests.Extensions.XmlSourceTest" runstate="Runnable" seed="695163615" result="Passed" start-time="2016-09-13 06:51:49Z" end-time="2016-09-13 06:51:49Z" duration="0.000477" asserts="1" />
            <test-case id="1190" name="Format_TwoLevelXml_InvalidSelectors_Throws" fullname="SmartFormat.Tests.Extensions.XmlSourceTest.Format_TwoLevelXml_InvalidSelectors_Throws" methodname="Format_TwoLevelXml_InvalidSelectors_Throws" classname="SmartFormat.Tests.Extensions.XmlSourceTest" runstate="Runnable" seed="1766586105" result="Passed" start-time="2016-09-13 06:51:49Z" end-time="2016-09-13 06:51:49Z" duration="0.001304" asserts="1" />
            <test-case id="1184" name="Format_XmlWithNamespaces_IgnoringNamespace" fullname="SmartFormat.Tests.Extensions.XmlSourceTest.Format_XmlWithNamespaces_IgnoringNamespace" methodname="Format_XmlWithNamespaces_IgnoringNamespace" classname="SmartFormat.Tests.Extensions.XmlSourceTest" runstate="Runnable" seed="530589314" result="Passed" start-time="2016-09-13 06:51:49Z" end-time="2016-09-13 06:51:49Z" duration="0.000964" asserts="1" />
          </test-suite>
        </test-suite>
        <test-suite type="TestSuite" id="1302" name="OldTests" fullname="SmartFormat.Tests.OldTests" runstate="Runnable" testcasecount="33" result="Failed" site="Child" start-time="2016-09-13 06:51:49Z" end-time="2016-09-13 06:51:49Z" duration="0.076881" total="33" passed="30" failed="2" inconclusive="0" skipped="1" asserts="32">
          <failure>
            <message><![CDATA[One or more child tests had errors]]></message>
          </failure>
          <test-suite type="TestFixture" id="1003" name="CodeProjectExampleTests" fullname="SmartFormat.Tests.OldTests.CodeProjectExampleTests" classname="SmartFormat.Tests.OldTests.CodeProjectExampleTests" runstate="Runnable" testcasecount="32" result="Failed" site="Child" start-time="2016-09-13 06:51:49Z" end-time="2016-09-13 06:51:49Z" duration="0.068913" total="32" passed="30" failed="2" inconclusive="0" skipped="0" asserts="32">
            <failure>
              <message><![CDATA[One or more child tests had errors]]></message>
            </failure>
            <test-case id="1032" name="AdvancedArray" fullname="SmartFormat.Tests.OldTests.CodeProjectExampleTests.AdvancedArray" methodname="AdvancedArray" classname="SmartFormat.Tests.OldTests.CodeProjectExampleTests" runstate="Runnable" seed="847255911" result="Passed" start-time="2016-09-13 06:51:49Z" end-time="2016-09-13 06:51:49Z" duration="0.000706" asserts="1" />
            <test-case id="1033" name="AdvancedArrayUsingIndex" fullname="SmartFormat.Tests.OldTests.CodeProjectExampleTests.AdvancedArrayUsingIndex" methodname="AdvancedArrayUsingIndex" classname="SmartFormat.Tests.OldTests.CodeProjectExampleTests" runstate="Runnable" seed="1137958566" result="Passed" start-time="2016-09-13 06:51:49Z" end-time="2016-09-13 06:51:49Z" duration="0.000612" asserts="1" />
            <test-case id="1008" name="ArgumentIndexes" fullname="SmartFormat.Tests.OldTests.CodeProjectExampleTests.ArgumentIndexes" methodname="ArgumentIndexes" classname="SmartFormat.Tests.OldTests.CodeProjectExampleTests" runstate="Runnable" seed="891021333" result="Passed" start-time="2016-09-13 06:51:49Z" end-time="2016-09-13 06:51:49Z" duration="0.001612" asserts="1" />
            <test-case id="1007" name="BasicArray" fullname="SmartFormat.Tests.OldTests.CodeProjectExampleTests.BasicArray" methodname="BasicArray" classname="SmartFormat.Tests.OldTests.CodeProjectExampleTests" runstate="Runnable" seed="94431411" result="Passed" start-time="2016-09-13 06:51:49Z" end-time="2016-09-13 06:51:49Z" duration="0.000871" asserts="1" />
            <test-case id="1006" name="BasicConditional" fullname="SmartFormat.Tests.OldTests.CodeProjectExampleTests.BasicConditional" methodname="BasicConditional" classname="SmartFormat.Tests.OldTests.CodeProjectExampleTests" runstate="Runnable" seed="653270808" result="Passed" start-time="2016-09-13 06:51:49Z" end-time="2016-09-13 06:51:49Z" duration="0.000627" asserts="1" />
            <test-case id="1005" name="BasicReflection" fullname="SmartFormat.Tests.OldTests.CodeProjectExampleTests.BasicReflection" methodname="BasicReflection" classname="SmartFormat.Tests.OldTests.CodeProjectExampleTests" runstate="Runnable" seed="1467237932" result="Passed" start-time="2016-09-13 06:51:49Z" end-time="2016-09-13 06:51:49Z" duration="0.001466" asserts="1" />
            <test-case id="1004" name="BasicSyntax" fullname="SmartFormat.Tests.OldTests.CodeProjectExampleTests.BasicSyntax" methodname="BasicSyntax" classname="SmartFormat.Tests.OldTests.CodeProjectExampleTests" runstate="Runnable" seed="2029923471" result="Passed" start-time="2016-09-13 06:51:49Z" end-time="2016-09-13 06:51:49Z" duration="0.000844" asserts="1" />
            <test-case id="1028" name="ComplexCondition" fullname="SmartFormat.Tests.OldTests.CodeProjectExampleTests.ComplexCondition" methodname="ComplexCondition" classname="SmartFormat.Tests.OldTests.CodeProjectExampleTests" runstate="Runnable" seed="740700894" result="Passed" start-time="2016-09-13 06:51:49Z" end-time="2016-09-13 06:51:49Z" duration="0.000347" asserts="1" />
            <test-case id="1031" name="ComplexConditionFallThroughCase" fullname="SmartFormat.Tests.OldTests.CodeProjectExampleTests.ComplexConditionFallThroughCase" methodname="ComplexConditionFallThroughCase" classname="SmartFormat.Tests.OldTests.CodeProjectExampleTests" runstate="Runnable" seed="955814981" result="Passed" start-time="2016-09-13 06:51:49Z" end-time="2016-09-13 06:51:49Z" duration="0.001139" asserts="1" />
            <test-case id="1029" name="ComplexConditionFirstMatchingCase" fullname="SmartFormat.Tests.OldTests.CodeProjectExampleTests.ComplexConditionFirstMatchingCase" methodname="ComplexConditionFirstMatchingCase" classname="SmartFormat.Tests.OldTests.CodeProjectExampleTests" runstate="Runnable" seed="1010263475" result="Passed" start-time="2016-09-13 06:51:49Z" end-time="2016-09-13 06:51:49Z" duration="0.000783" asserts="1" />
            <test-case id="1030" name="ComplexConditionFirstMatchingCase_CaseInsensitive" fullname="SmartFormat.Tests.OldTests.CodeProjectExampleTests.ComplexConditionFirstMatchingCase_CaseInsensitive" methodname="ComplexConditionFirstMatchingCase_CaseInsensitive" classname="SmartFormat.Tests.OldTests.CodeProjectExampleTests" runstate="Runnable" seed="126019770" result="Passed" start-time="2016-09-13 06:51:49Z" end-time="2016-09-13 06:51:49Z" duration="0.000677" asserts="1" />
            <test-case id="1024" name="ConditonalNumber_NegativeZeroOneOrDefault_Value0" fullname="SmartFormat.Tests.OldTests.CodeProjectExampleTests.ConditonalNumber_NegativeZeroOneOrDefault_Value0" methodname="ConditonalNumber_NegativeZeroOneOrDefault_Value0" classname="SmartFormat.Tests.OldTests.CodeProjectExampleTests" runstate="Runnable" seed="363926803" result="Passed" start-time="2016-09-13 06:51:49Z" end-time="2016-09-13 06:51:49Z" duration="0.001353" asserts="1" />
            <test-case id="1025" name="ConditonalNumber_NegativeZeroOneOrDefault_Value1" fullname="SmartFormat.Tests.OldTests.CodeProjectExampleTests.ConditonalNumber_NegativeZeroOneOrDefault_Value1" methodname="ConditonalNumber_NegativeZeroOneOrDefault_Value1" classname="SmartFormat.Tests.OldTests.CodeProjectExampleTests" runstate="Runnable" seed="1256757488" result="Passed" start-time="2016-09-13 06:51:49Z" end-time="2016-09-13 06:51:49Z" duration="0.000446" asserts="1" />
            <test-case id="1026" name="ConditonalNumber_NegativeZeroOneOrDefault_Value3" fullname="SmartFormat.Tests.OldTests.CodeProjectExampleTests.ConditonalNumber_NegativeZeroOneOrDefault_Value3" methodname="ConditonalNumber_NegativeZeroOneOrDefault_Value3" classname="SmartFormat.Tests.OldTests.CodeProjectExampleTests" runstate="Runnable" seed="1276779672" result="Passed" start-time="2016-09-13 06:51:49Z" end-time="2016-09-13 06:51:49Z" duration="0.000412" asserts="1" />
            <test-case id="1027" name="ConditonalNumber_NegativeZeroOneOrDefault_ValueNegative2" fullname="SmartFormat.Tests.OldTests.CodeProjectExampleTests.ConditonalNumber_NegativeZeroOneOrDefault_ValueNegative2" methodname="ConditonalNumber_NegativeZeroOneOrDefault_ValueNegative2" classname="SmartFormat.Tests.OldTests.CodeProjectExampleTests" runstate="Runnable" seed="831114026" result="Passed" start-time="2016-09-13 06:51:49Z" end-time="2016-09-13 06:51:49Z" duration="0.000440" asserts="1" />
            <test-case id="1018" name="ConditonalNumber_OneOrDefault_Value0" fullname="SmartFormat.Tests.OldTests.CodeProjectExampleTests.ConditonalNumber_OneOrDefault_Value0" methodname="ConditonalNumber_OneOrDefault_Value0" classname="SmartFormat.Tests.OldTests.CodeProjectExampleTests" runstate="Runnable" seed="1741861458" result="Passed" start-time="2016-09-13 06:51:49Z" end-time="2016-09-13 06:51:49Z" duration="0.000433" asserts="1" />
            <test-case id="1019" name="ConditonalNumber_OneOrDefault_Value1" fullname="SmartFormat.Tests.OldTests.CodeProjectExampleTests.ConditonalNumber_OneOrDefault_Value1" methodname="ConditonalNumber_OneOrDefault_Value1" classname="SmartFormat.Tests.OldTests.CodeProjectExampleTests" runstate="Runnable" seed="55738185" result="Passed" start-time="2016-09-13 06:51:49Z" end-time="2016-09-13 06:51:49Z" duration="0.000461" asserts="1" />
            <test-case id="1020" name="ConditonalNumber_OneOrDefault_Value3" fullname="SmartFormat.Tests.OldTests.CodeProjectExampleTests.ConditonalNumber_OneOrDefault_Value3" methodname="ConditonalNumber_OneOrDefault_Value3" classname="SmartFormat.Tests.OldTests.CodeProjectExampleTests" runstate="Runnable" seed="989889051" result="Passed" start-time="2016-09-13 06:51:49Z" end-time="2016-09-13 06:51:49Z" duration="0.000372" asserts="1" />
            <test-case id="1021" name="ConditonalNumber_ZeroOneOrDefault_Value0" fullname="SmartFormat.Tests.OldTests.CodeProjectExampleTests.ConditonalNumber_ZeroOneOrDefault_Value0" methodname="ConditonalNumber_ZeroOneOrDefault_Value0" classname="SmartFormat.Tests.OldTests.CodeProjectExampleTests" runstate="Runnable" seed="1177239137" result="Passed" start-time="2016-09-13 06:51:49Z" end-time="2016-09-13 06:51:49Z" duration="0.000335" asserts="1" />
            <test-case id="1022" name="ConditonalNumber_ZeroOneOrDefault_Value1" fullname="SmartFormat.Tests.OldTests.CodeProjectExampleTests.ConditonalNumber_ZeroOneOrDefault_Value1" methodname="ConditonalNumber_ZeroOneOrDefault_Value1" classname="SmartFormat.Tests.OldTests.CodeProjectExampleTests" runstate="Runnable" seed="1577462176" result="Passed" start-time="2016-09-13 06:51:49Z" end-time="2016-09-13 06:51:49Z" duration="0.000299" asserts="1" />
            <test-case id="1023" name="ConditonalNumber_ZeroOneOrDefault_Value3" fullname="SmartFormat.Tests.OldTests.CodeProjectExampleTests.ConditonalNumber_ZeroOneOrDefault_Value3" methodname="ConditonalNumber_ZeroOneOrDefault_Value3" classname="SmartFormat.Tests.OldTests.CodeProjectExampleTests" runstate="Runnable" seed="518775819" result="Passed" start-time="2016-09-13 06:51:49Z" end-time="2016-09-13 06:51:49Z" duration="0.000300" asserts="1" />
            <test-case id="1009" name="DotNotation" fullname="SmartFormat.Tests.OldTests.CodeProjectExampleTests.DotNotation" methodname="DotNotation" classname="SmartFormat.Tests.OldTests.CodeProjectExampleTests" runstate="Runnable" seed="1811421453" result="Passed" start-time="2016-09-13 06:51:49Z" end-time="2016-09-13 06:51:49Z" duration="0.001196" asserts="1" />
            <test-case id="1010" name="DotNotation_CaseInsensitive" fullname="SmartFormat.Tests.OldTests.CodeProjectExampleTests.DotNotation_CaseInsensitive" methodname="DotNotation_CaseInsensitive" classname="SmartFormat.Tests.OldTests.CodeProjectExampleTests" runstate="Runnable" seed="1996716712" result="Passed" start-time="2016-09-13 06:51:49Z" end-time="2016-09-13 06:51:49Z" duration="0.000733" asserts="1" />
            <test-case id="1034" name="EscapingDoubleBraces" fullname="SmartFormat.Tests.OldTests.CodeProjectExampleTests.EscapingDoubleBraces" methodname="EscapingDoubleBraces" classname="SmartFormat.Tests.OldTests.CodeProjectExampleTests" runstate="Runnable" seed="1327779861" result="Passed" start-time="2016-09-13 06:51:49Z" end-time="2016-09-13 06:51:49Z" duration="0.000757" asserts="1" />
            <test-case id="1035" name="EscapingSlashBraces" fullname="SmartFormat.Tests.OldTests.CodeProjectExampleTests.EscapingSlashBraces" methodname="EscapingSlashBraces" classname="SmartFormat.Tests.OldTests.CodeProjectExampleTests" runstate="Runnable" seed="1470004989" result="Passed" start-time="2016-09-13 06:51:49Z" end-time="2016-09-13 06:51:49Z" duration="0.000637" asserts="1" />
            <test-case id="1011" name="Nesting" fullname="SmartFormat.Tests.OldTests.CodeProjectExampleTests.Nesting" methodname="Nesting" classname="SmartFormat.Tests.OldTests.CodeProjectExampleTests" runstate="Runnable" seed="1761783174" result="Passed" start-time="2016-09-13 06:51:49Z" end-time="2016-09-13 06:51:49Z" duration="0.000420" asserts="1" />
            <test-case id="1012" name="NestingCollection" fullname="SmartFormat.Tests.OldTests.CodeProjectExampleTests.NestingCollection" methodname="NestingCollection" classname="SmartFormat.Tests.OldTests.CodeProjectExampleTests" runstate="Runnable" seed="1720068977" result="Failed" start-time="2016-09-13 06:51:49Z" end-time="2016-09-13 06:51:49Z" duration="0.003125" asserts="1">
              <failure>
                <message><![CDATA[  Expected string length 32 but was 7. Strings differ at index 7.
  Expected: "(1 x 1) and (4 x 3) and (16 x 9)"
  But was:  "(1 x 1)"
  ------------------^
]]></message>
                <stack-trace><![CDATA[at SmartFormat.Tests.OldTests.CodeProjectExampleTests.NestingCollection() in C:\Temp\DotNetLibraries\SmartFormat.NET\src\SmartFormat.Tests\OldTests\CodeProjectExampleTests.cs:line 166
]]></stack-trace>
              </failure>
            </test-case>
            <test-case id="1013" name="NestingCollection_CaseInsensitive" fullname="SmartFormat.Tests.OldTests.CodeProjectExampleTests.NestingCollection_CaseInsensitive" methodname="NestingCollection_CaseInsensitive" classname="SmartFormat.Tests.OldTests.CodeProjectExampleTests" runstate="Runnable" seed="1389706850" result="Failed" start-time="2016-09-13 06:51:49Z" end-time="2016-09-13 06:51:49Z" duration="0.001889" asserts="1">
              <failure>
                <message><![CDATA[  Expected string length 32 but was 7. Strings differ at index 7.
  Expected: "(1 x 1) and (4 x 3) and (16 x 9)"
  But was:  "(1 x 1)"
  ------------------^
]]></message>
                <stack-trace><![CDATA[at SmartFormat.Tests.OldTests.CodeProjectExampleTests.NestingCollection_CaseInsensitive() in C:\Temp\DotNetLibraries\SmartFormat.NET\src\SmartFormat.Tests\OldTests\CodeProjectExampleTests.cs:line 181
]]></stack-trace>
              </failure>
            </test-case>
            <test-case id="1017" name="OutOfScope" fullname="SmartFormat.Tests.OldTests.CodeProjectExampleTests.OutOfScope" methodname="OutOfScope" classname="SmartFormat.Tests.OldTests.CodeProjectExampleTests" runstate="Runnable" seed="1355165490" result="Passed" start-time="2016-09-13 06:51:49Z" end-time="2016-09-13 06:51:49Z" duration="0.001134" asserts="1" />
            <test-case id="1014" name="Scope" fullname="SmartFormat.Tests.OldTests.CodeProjectExampleTests.Scope" methodname="Scope" classname="SmartFormat.Tests.OldTests.CodeProjectExampleTests" runstate="Runnable" seed="558296466" result="Passed" start-time="2016-09-13 06:51:49Z" end-time="2016-09-13 06:51:49Z" duration="0.000900" asserts="1" />
            <test-case id="1016" name="ScopeEmptyPlaceholder" fullname="SmartFormat.Tests.OldTests.CodeProjectExampleTests.ScopeEmptyPlaceholder" methodname="ScopeEmptyPlaceholder" classname="SmartFormat.Tests.OldTests.CodeProjectExampleTests" runstate="Runnable" seed="162308585" result="Passed" start-time="2016-09-13 06:51:49Z" end-time="2016-09-13 06:51:49Z" duration="0.000675" asserts="1" />
            <test-case id="1015" name="ScopeOmitFirstArgIndex" fullname="SmartFormat.Tests.OldTests.CodeProjectExampleTests.ScopeOmitFirstArgIndex" methodname="ScopeOmitFirstArgIndex" classname="SmartFormat.Tests.OldTests.CodeProjectExampleTests" runstate="Runnable" seed="1664850671" result="Passed" start-time="2016-09-13 06:51:49Z" end-time="2016-09-13 06:51:49Z" duration="0.000444" asserts="1" />
          </test-suite>
          <test-suite type="TestFixture" id="1036" name="PerformanceTests" fullname="SmartFormat.Tests.OldTests.PerformanceTests" classname="SmartFormat.Tests.OldTests.PerformanceTests" runstate="Explicit" testcasecount="1" result="Skipped" label="Explicit" site="SetUp" start-time="2016-09-13 06:51:49Z" end-time="2016-09-13 06:51:49Z" duration="0.006428" total="1" passed="0" failed="0" inconclusive="0" skipped="1" asserts="0">
            <test-case id="1037" name="PerformanceTest_ComparedTo_StringFormat" fullname="SmartFormat.Tests.OldTests.PerformanceTests.PerformanceTest_ComparedTo_StringFormat" methodname="PerformanceTest_ComparedTo_StringFormat" classname="SmartFormat.Tests.OldTests.PerformanceTests" runstate="Explicit" seed="565492228" result="Skipped" label="Explicit" site="Parent" start-time="0001-01-01 00:00:00Z" end-time="0001-01-01 00:00:00Z" duration="0.000000" asserts="0">
              <properties>
                <property name="_SKIPREASON" value="This performance test takes like 45 seconds" />
              </properties>
              <reason>
                <message><![CDATA[OneTimeSetUp: ]]></message>
              </reason>
            </test-case>
          </test-suite>
        </test-suite>
        <test-suite type="TestSuite" id="1301" name="Utilities" fullname="SmartFormat.Tests.Utilities" runstate="Runnable" testcasecount="2" result="Passed" start-time="2016-09-13 06:51:49Z" end-time="2016-09-13 06:51:49Z" duration="0.005463" total="2" passed="2" failed="0" inconclusive="0" skipped="0" asserts="6">
          <test-suite type="TestFixture" id="1000" name="FormatDelegateTests" fullname="SmartFormat.Tests.Utilities.FormatDelegateTests" classname="SmartFormat.Tests.Utilities.FormatDelegateTests" runstate="Runnable" testcasecount="2" result="Passed" start-time="2016-09-13 06:51:49Z" end-time="2016-09-13 06:51:49Z" duration="0.005143" total="2" passed="2" failed="0" inconclusive="0" skipped="0" asserts="6">
            <test-case id="1002" name="FormatDelegate_Works_WithSmartFormat" fullname="SmartFormat.Tests.Utilities.FormatDelegateTests.FormatDelegate_Works_WithSmartFormat" methodname="FormatDelegate_Works_WithSmartFormat" classname="SmartFormat.Tests.Utilities.FormatDelegateTests" runstate="Runnable" seed="1284614651" result="Passed" start-time="2016-09-13 06:51:49Z" end-time="2016-09-13 06:51:49Z" duration="0.000809" asserts="3" />
            <test-case id="1001" name="FormatDelegate_Works_WithStringFormat" fullname="SmartFormat.Tests.Utilities.FormatDelegateTests.FormatDelegate_Works_WithStringFormat" methodname="FormatDelegate_Works_WithStringFormat" classname="SmartFormat.Tests.Utilities.FormatDelegateTests" runstate="Runnable" seed="905619414" result="Passed" start-time="2016-09-13 06:51:49Z" end-time="2016-09-13 06:51:49Z" duration="0.000592" asserts="3" />
          </test-suite>
        </test-suite>
      </test-suite>
    </test-suite>
  </test-suite>
</test-run>